🚀 Quick Update - Top 50 Influencers

Updating 50 influencers with summaries...

[1/50] Thom Astro...
  ✅ Thom Astro is a French science influencer known primarily for his educational sc...
[2/50] Yassine Sdiri...
  ✅ Yassine Sdiri is a French tech entrepreneur and one of the leading francophone i...
[3/50] Hugoposé...
  ✅ **Hugoposé** (born Hugo, formerly HugoPOSAY or MultiGaming01) is a French gaming...
[4/50] PLK...
  ✅ PLK is a French rapper, born Mathieu Pruski in Paris in 1997, known for his Poli...
[5/50] Scilabus...
  ✅ Scilabus is a French science education channel on YouTube created by Viviane Lal...
[6/50] Christopher Michaut...
  ✅ Christopher Michaut, known online as **Mr. Bacchus**, is a French art influencer...
[7/50] Dimitri Monique...
  ✅ There is no verifiable information available about a French education influencer...
[8/50] Ninho...
  ✅ Ninho, born William Nzobazola, is a French rapper of Congolese descent acclaimed...
[9/50] Céline Dion...
  ✅ Céline Dion is a **world-renowned Canadian singer** known for her powerful vocal...
[10/50] Gotaga...
  ✅ **Gotaga**, whose real name is Corentin Houssein, is a highly successful French ...
[11/50] Bodytime...
  ✅ **Bodytime** is a French fitness brand co-created by Pierre-Jean Cabrieres, know...
[12/50] Squeezie...
  ✅ **Squeezie**, born Lucas Hauchard, is a highly influential French gaming YouTube...
[13/50] Leadorablee (Léa)...
  ✅ Leadorablee (Léa) is a French travel influencer known for sharing inspiring trav...
[14/50] Juju Fitcats...
  ✅ **Juju Fitcats** (Justine Becattini) is a leading French fitness influencer and ...
[15/50] Garance Doré...
  ✅ **Garance Doré** is a French illustrator, writer, and photographer widely recogn...
[16/50] Lila Bonbon...
  ✅ Lila Bonbon is a French beauty influencer recognized for her vibrant TikTok make...
[17/50] Maeva Ghennam...
  ✅ Maeva Ghennam is a French reality television personality and social media influe...
[18/50] Bon Pote...
  ✅ **Bon Pote** is an independent French media platform founded in 2020 by Thomas W...
[19/50] Les Recettes de Juliette...
  ✅ "Les Recettes de Juliette" is a French culinary influencer known for sharing hea...
[20/50] Instanonimal...
  ✅ Instanonimal is a **French tech influencer** known for sharing tips on the lates...
[21/50] Léo Duff...
  ✅ **Léo Duff** is a French tech influencer and YouTuber known for his in-depth, ac...
[22/50] It’s so Paris...
  ✅ It’s so Paris is a French travel influencer on Instagram with 375,000 followers,...
[23/50] Dirty Biology...
  ✅ **Dirty Biology** is the online pseudonym of Léo Grasset, a French science commu...
[24/50] Michou...
  ✅ Michou, whose real name is Miguel Mattioli, is a French gaming YouTuber and infl...
[25/50] Marie Lopez...
  ✅ **Marie Lopez**, known online as **EnjoyPhoenix**, is a prominent French **lifes...
[26/50] Esra (lilyslilah)...
  ✅ Esra, known online as **Lilyslilah**, is a French-Turkish beauty influencer reco...
[27/50] ArtBen...
  ✅ **ArtBen** is a French tech influencer recognized for his engagement in the Euro...
[28/50] Tibo InShape...
  ✅ Tibo InShape, whose real name is Thibaud Delapart, is a French fitness influence...
[29/50] Nota Bene...
  ✅ **Nota Bene**, real name Benjamin Brillaud, is a French educational YouTuber and...
[30/50] Diegsalbin...
  ✅ Diegsalbin is a French travel influencer with approximately 186,000 followers, k...
[31/50] SDM...
  ✅ **SDM**, real name Beni Mosabu, is a French rapper of Congolese descent born in ...
[32/50] Werenoi...
  ✅ **Werenoi** (Jérémy Bana Owona) was a French rapper and songwriter, widely recog...
[33/50] Sardoche...
  ✅ Sardoche, whose real name is Andréas Honnet, is a prominent French Twitch stream...
[34/50] FastGoodCuisine...
  ✅ **FastGoodCuisine** is the online alias of Charles Gilles-Compagnon, a French we...
[35/50] Domingo...
  ✅ Domingo, whose real name is Pierre-Alexis Bizot, is a prominent French streamer ...
[36/50] Kameto...
  ✅ Kameto, whose real name is Kamel Kebir, is a prominent French gaming influencer ...
[37/50] Sananas...
  ✅ **Sananas** (real name Sanaa El Mahalli) is a prominent French beauty and lifest...
[38/50] Monsieur Phi...
  ✅ **Monsieur Phi** is the pseudonym of Thibaut Giraud, a French philosopher, write...
[39/50] Melbourne._.life...
  ✅ There is no verifiable information available in reputable sources about a French...
[40/50] Chloé B...
  ✅ Chloé B, whose full name is Chloé Bleinc, is a French lifestyle influencer, entr...
[41/50] Herve Cuisine...
  ✅ **Hervé Cuisine** is the online pseudonym of Hervé Palmieri, a French chef, best...
[42/50] Prashant Kirad...
  ✅ Prashant Kirad is an Indian educator, entrepreneur, and motivational speaker who...
[43/50] Manon Laime...
  ✅ Manon Laime is a French digital creator and Instagram influencer based in Paris,...
[44/50] Léo Techmaker...
  ✅ **Léo Techmaker** (real name Léo Locurcio) is a prominent French tech influencer...
[45/50] Justine Gallice...
  ✅ Justine Gallice is a French fitness entrepreneur, digital creator, and co-founde...
[46/50] Pierre | Prof de Maths...
  ✅ Pierre, known as "Prof de Maths" on social media, is a French influencer who cre...
[47/50] Les Revues du Monde...
  ✅ **Les Revues du Monde** is a French educational YouTube channel created and pres...
[48/50] Voyages Pirates...
  ✅ **Voyages Pirates** is a widely recognized French travel influencer platform spe...
[49/50] SCH...
  ✅ **SCH** is a French rapper and songwriter, born Julien Schwarzer in Marseille in...
[50/50] Gims...
  ✅ **Gims** is a French-Congolese singer, rapper, producer, and songwriter, best kn...

✅ Complete! Top 50 influencers updated with summaries.
