
> influencer-trust-backend@1.0.0 dev
> ts-node-dev --respawn --transpile-only src/server.ts

[INFO] 03:42:27 ts-node-dev ver. 2.0.0 (using ts-node ver. 10.9.2, typescript ver. 5.9.3)
[32minfo[39m: 🚀 Server running on port 3000 {"timestamp":"2025-11-16T02:42:28.136Z"}
[32minfo[39m: 📊 Environment: development {"timestamp":"2025-11-16T02:42:28.137Z"}
[32minfo[39m: 🔗 Health check: http://localhost:3000/api/health {"timestamp":"2025-11-16T02:42:28.137Z"}
[32minfo[39m: GET /api/engagement/pricing {"ip":"::1","timestamp":"2025-11-16T02:42:41.480Z","userAgent":"curl/8.7.1"}
[32minfo[39m: GET /api/engagement/leaderboard/top-contributors {"ip":"::1","timestamp":"2025-11-16T02:42:49.457Z","userAgent":"curl/8.7.1"}
[32minfo[39m: GET /api/influencers {"ip":"::ffff:10.80.222.54","timestamp":"2025-11-16T02:58:47.334Z","userAgent":"Expo/1017756 CFNetwork/3860.300.31 Darwin/25.2.0"}
[32minfo[39m: GET /api/influencers/7d5b25f7-65f4-47d0-83c6-26690b6e3f60 {"ip":"::ffff:10.80.222.54","timestamp":"2025-11-16T02:59:02.637Z","userAgent":"Expo/1017756 CFNetwork/3860.300.31 Darwin/25.2.0"}
[32minfo[39m: GET /api/engagement/my-subscription {"ip":"::ffff:10.80.222.54","timestamp":"2025-11-16T02:59:02.787Z","userAgent":"Expo/1017756 CFNetwork/3860.300.31 Darwin/25.2.0"}
[32minfo[39m: GET /api/community/signals/7d5b25f7-65f4-47d0-83c6-26690b6e3f60 {"ip":"::ffff:10.80.222.54","timestamp":"2025-11-16T02:59:02.802Z","userAgent":"Expo/1017756 CFNetwork/3860.300.31 Darwin/25.2.0"}
[32minfo[39m: GET /api/community/stats/7d5b25f7-65f4-47d0-83c6-26690b6e3f60 {"ip":"::ffff:10.80.222.54","timestamp":"2025-11-16T02:59:02.804Z","userAgent":"Expo/1017756 CFNetwork/3860.300.31 Darwin/25.2.0"}
[32minfo[39m: GET /api/transparency/breakdown/7d5b25f7-65f4-47d0-83c6-26690b6e3f60 {"ip":"::ffff:10.80.222.54","timestamp":"2025-11-16T02:59:02.806Z","userAgent":"Expo/1017756 CFNetwork/3860.300.31 Darwin/25.2.0"}
[32minfo[39m: GET /api/transparency/timeline/7d5b25f7-65f4-47d0-83c6-26690b6e3f60 {"ip":"::ffff:10.80.222.54","timestamp":"2025-11-16T02:59:02.807Z","userAgent":"Expo/1017756 CFNetwork/3860.300.31 Darwin/25.2.0"}
[32minfo[39m: GET /api/engagement/my-subscription {"ip":"::ffff:10.80.222.54","timestamp":"2025-11-16T02:59:12.329Z","userAgent":"Expo/1017756 CFNetwork/3860.300.31 Darwin/25.2.0"}
[32minfo[39m: POST /api/community/signals {"ip":"::ffff:10.80.222.54","timestamp":"2025-11-16T02:59:17.111Z","userAgent":"Expo/1017756 CFNetwork/3860.300.31 Darwin/25.2.0"}
[32minfo[39m: GET /api/influencers/6f9998ba-3a25-42e1-9c89-a64c6fd2ec33 {"ip":"::ffff:10.80.222.54","timestamp":"2025-11-16T02:59:25.205Z","userAgent":"Expo/1017756 CFNetwork/3860.300.31 Darwin/25.2.0"}
[32minfo[39m: GET /api/engagement/my-subscription {"ip":"::ffff:10.80.222.54","timestamp":"2025-11-16T02:59:25.330Z","userAgent":"Expo/1017756 CFNetwork/3860.300.31 Darwin/25.2.0"}
[32minfo[39m: GET /api/community/stats/6f9998ba-3a25-42e1-9c89-a64c6fd2ec33 {"ip":"::ffff:10.80.222.54","timestamp":"2025-11-16T02:59:25.339Z","userAgent":"Expo/1017756 CFNetwork/3860.300.31 Darwin/25.2.0"}
[32minfo[39m: GET /api/community/signals/6f9998ba-3a25-42e1-9c89-a64c6fd2ec33 {"ip":"::ffff:10.80.222.54","timestamp":"2025-11-16T02:59:25.340Z","userAgent":"Expo/1017756 CFNetwork/3860.300.31 Darwin/25.2.0"}
[32minfo[39m: GET /api/transparency/timeline/6f9998ba-3a25-42e1-9c89-a64c6fd2ec33 {"ip":"::ffff:10.80.222.54","timestamp":"2025-11-16T02:59:25.342Z","userAgent":"Expo/1017756 CFNetwork/3860.300.31 Darwin/25.2.0"}
[32minfo[39m: GET /api/transparency/breakdown/6f9998ba-3a25-42e1-9c89-a64c6fd2ec33 {"ip":"::ffff:10.80.222.54","timestamp":"2025-11-16T02:59:25.344Z","userAgent":"Expo/1017756 CFNetwork/3860.300.31 Darwin/25.2.0"}
[32minfo[39m: GET /api/influencers/57385ba3-8db9-4aea-b769-9eab56117d81 {"ip":"::ffff:10.80.222.54","timestamp":"2025-11-16T02:59:27.053Z","userAgent":"Expo/1017756 CFNetwork/3860.300.31 Darwin/25.2.0"}
[32minfo[39m: GET /api/engagement/my-subscription {"ip":"::ffff:10.80.222.54","timestamp":"2025-11-16T02:59:27.117Z","userAgent":"Expo/1017756 CFNetwork/3860.300.31 Darwin/25.2.0"}
[32minfo[39m: GET /api/community/signals/57385ba3-8db9-4aea-b769-9eab56117d81 {"ip":"::ffff:10.80.222.54","timestamp":"2025-11-16T02:59:27.120Z","userAgent":"Expo/1017756 CFNetwork/3860.300.31 Darwin/25.2.0"}
[32minfo[39m: GET /api/community/stats/57385ba3-8db9-4aea-b769-9eab56117d81 {"ip":"::ffff:10.80.222.54","timestamp":"2025-11-16T02:59:27.122Z","userAgent":"Expo/1017756 CFNetwork/3860.300.31 Darwin/25.2.0"}
[32minfo[39m: GET /api/transparency/timeline/57385ba3-8db9-4aea-b769-9eab56117d81 {"ip":"::ffff:10.80.222.54","timestamp":"2025-11-16T02:59:27.122Z","userAgent":"Expo/1017756 CFNetwork/3860.300.31 Darwin/25.2.0"}
[32minfo[39m: GET /api/transparency/breakdown/57385ba3-8db9-4aea-b769-9eab56117d81 {"ip":"::ffff:10.80.222.54","timestamp":"2025-11-16T02:59:27.123Z","userAgent":"Expo/1017756 CFNetwork/3860.300.31 Darwin/25.2.0"}
[INFO] 04:00:28 Restarting: /Users/guillaume_deramchi/Documents/hack-the-gap/mobile-app/backend/src/middleware/auth.ts has been modified
⚠️  Node.js 18 and below are deprecated and will no longer be supported in future versions of @supabase/supabase-js. Please upgrade to Node.js 20 or later. For more information, visit: https://github.com/orgs/supabase/discussions/37217
Error: listen EADDRINUSE: address already in use :::3000
    at Server.setupListenHandle [as _listen2] (node:net:1817:16)
    at listenInCluster (node:net:1865:12)
    at Server.listen (node:net:1953:7)
    at Function.listen (/Users/guillaume_deramchi/Documents/hack-the-gap/mobile-app/backend/node_modules/express/lib/application.js:635:24)
    at Object.<anonymous> (/Users/guillaume_deramchi/Documents/hack-the-gap/mobile-app/backend/src/server.ts:97:7)
    at Module._compile (node:internal/modules/cjs/loader:1364:14)
    at Module._compile (/Users/guillaume_deramchi/Documents/hack-the-gap/mobile-app/backend/node_modules/source-map-support/source-map-support.js:568:25)
    at Module.m._compile (/private/var/folders/1z/jlh723cx58nbj81d9h354s3h0000gn/T/ts-node-dev-hook-10920552489854263.js:69:33)
    at Module._extensions..js (node:internal/modules/cjs/loader:1422:10)
    at require.extensions..jsx.require.extensions..js (/private/var/folders/1z/jlh723cx58nbj81d9h354s3h0000gn/T/ts-node-dev-hook-10920552489854263.js:114:20)
[ERROR] 04:00:28 Error: listen EADDRINUSE: address already in use :::3000
[INFO] 04:00:42 Restarting: /Users/guillaume_deramchi/Documents/hack-the-gap/mobile-app/backend/src/middleware/auth.ts has been modified
⚠️  Node.js 18 and below are deprecated and will no longer be supported in future versions of @supabase/supabase-js. Please upgrade to Node.js 20 or later. For more information, visit: https://github.com/orgs/supabase/discussions/37217
[32minfo[39m: 🚀 Server running on port 3000 {"timestamp":"2025-11-16T03:00:43.271Z"}
[32minfo[39m: 📊 Environment: development {"timestamp":"2025-11-16T03:00:43.272Z"}
[32minfo[39m: 🔗 Health check: http://localhost:3000/api/health {"timestamp":"2025-11-16T03:00:43.272Z"}
[INFO] 04:00:55 Restarting: /Users/guillaume_deramchi/Documents/hack-the-gap/mobile-app/backend/src/middleware/auth.ts has been modified
⚠️  Node.js 18 and below are deprecated and will no longer be supported in future versions of @supabase/supabase-js. Please upgrade to Node.js 20 or later. For more information, visit: https://github.com/orgs/supabase/discussions/37217
Error: listen EADDRINUSE: address already in use :::3000
    at Server.setupListenHandle [as _listen2] (node:net:1817:16)
    at listenInCluster (node:net:1865:12)
    at Server.listen (node:net:1953:7)
    at Function.listen (/Users/guillaume_deramchi/Documents/hack-the-gap/mobile-app/backend/node_modules/express/lib/application.js:635:24)
    at Object.<anonymous> (/Users/guillaume_deramchi/Documents/hack-the-gap/mobile-app/backend/src/server.ts:97:7)
    at Module._compile (node:internal/modules/cjs/loader:1364:14)
    at Module._compile (/Users/guillaume_deramchi/Documents/hack-the-gap/mobile-app/backend/node_modules/source-map-support/source-map-support.js:568:25)
    at Module.m._compile (/private/var/folders/1z/jlh723cx58nbj81d9h354s3h0000gn/T/ts-node-dev-hook-10920552489854263.js:69:33)
    at Module._extensions..js (node:internal/modules/cjs/loader:1422:10)
    at require.extensions..jsx.require.extensions..js (/private/var/folders/1z/jlh723cx58nbj81d9h354s3h0000gn/T/ts-node-dev-hook-10920552489854263.js:114:20)
[ERROR] 04:00:55 Error: listen EADDRINUSE: address already in use :::3000
[INFO] 04:03:29 Restarting: /Users/guillaume_deramchi/Documents/hack-the-gap/mobile-app/backend/src/middleware/auth.ts has been modified
⚠️  Node.js 18 and below are deprecated and will no longer be supported in future versions of @supabase/supabase-js. Please upgrade to Node.js 20 or later. For more information, visit: https://github.com/orgs/supabase/discussions/37217
Error: listen EADDRINUSE: address already in use :::3000
    at Server.setupListenHandle [as _listen2] (node:net:1817:16)
    at listenInCluster (node:net:1865:12)
    at Server.listen (node:net:1953:7)
    at Function.listen (/Users/guillaume_deramchi/Documents/hack-the-gap/mobile-app/backend/node_modules/express/lib/application.js:635:24)
    at Object.<anonymous> (/Users/guillaume_deramchi/Documents/hack-the-gap/mobile-app/backend/src/server.ts:97:7)
    at Module._compile (node:internal/modules/cjs/loader:1364:14)
    at Module._compile (/Users/guillaume_deramchi/Documents/hack-the-gap/mobile-app/backend/node_modules/source-map-support/source-map-support.js:568:25)
    at Module.m._compile (/private/var/folders/1z/jlh723cx58nbj81d9h354s3h0000gn/T/ts-node-dev-hook-10920552489854263.js:69:33)
    at Module._extensions..js (node:internal/modules/cjs/loader:1422:10)
    at require.extensions..jsx.require.extensions..js (/private/var/folders/1z/jlh723cx58nbj81d9h354s3h0000gn/T/ts-node-dev-hook-10920552489854263.js:114:20)
[ERROR] 04:03:29 Error: listen EADDRINUSE: address already in use :::3000
[INFO] 04:03:59 Restarting: /Users/guillaume_deramchi/Documents/hack-the-gap/mobile-app/backend/src/middleware/auth.ts has been modified
⚠️  Node.js 18 and below are deprecated and will no longer be supported in future versions of @supabase/supabase-js. Please upgrade to Node.js 20 or later. For more information, visit: https://github.com/orgs/supabase/discussions/37217
Error: listen EADDRINUSE: address already in use :::3000
    at Server.setupListenHandle [as _listen2] (node:net:1817:16)
    at listenInCluster (node:net:1865:12)
    at Server.listen (node:net:1953:7)
    at Function.listen (/Users/guillaume_deramchi/Documents/hack-the-gap/mobile-app/backend/node_modules/express/lib/application.js:635:24)
    at Object.<anonymous> (/Users/guillaume_deramchi/Documents/hack-the-gap/mobile-app/backend/src/server.ts:97:7)
    at Module._compile (node:internal/modules/cjs/loader:1364:14)
    at Module._compile (/Users/guillaume_deramchi/Documents/hack-the-gap/mobile-app/backend/node_modules/source-map-support/source-map-support.js:568:25)
    at Module.m._compile (/private/var/folders/1z/jlh723cx58nbj81d9h354s3h0000gn/T/ts-node-dev-hook-10920552489854263.js:69:33)
    at Module._extensions..js (node:internal/modules/cjs/loader:1422:10)
    at require.extensions..jsx.require.extensions..js (/private/var/folders/1z/jlh723cx58nbj81d9h354s3h0000gn/T/ts-node-dev-hook-10920552489854263.js:114:20)
[ERROR] 04:03:59 Error: listen EADDRINUSE: address already in use :::3000
[INFO] 04:04:09 Restarting: /Users/guillaume_deramchi/Documents/hack-the-gap/mobile-app/backend/src/middleware/auth.ts has been modified
⚠️  Node.js 18 and below are deprecated and will no longer be supported in future versions of @supabase/supabase-js. Please upgrade to Node.js 20 or later. For more information, visit: https://github.com/orgs/supabase/discussions/37217
Error: listen EADDRINUSE: address already in use :::3000
    at Server.setupListenHandle [as _listen2] (node:net:1817:16)
    at listenInCluster (node:net:1865:12)
    at Server.listen (node:net:1953:7)
    at Function.listen (/Users/guillaume_deramchi/Documents/hack-the-gap/mobile-app/backend/node_modules/express/lib/application.js:635:24)
    at Object.<anonymous> (/Users/guillaume_deramchi/Documents/hack-the-gap/mobile-app/backend/src/server.ts:97:7)
    at Module._compile (node:internal/modules/cjs/loader:1364:14)
    at Module._compile (/Users/guillaume_deramchi/Documents/hack-the-gap/mobile-app/backend/node_modules/source-map-support/source-map-support.js:568:25)
    at Module.m._compile (/private/var/folders/1z/jlh723cx58nbj81d9h354s3h0000gn/T/ts-node-dev-hook-10920552489854263.js:69:33)
    at Module._extensions..js (node:internal/modules/cjs/loader:1422:10)
    at require.extensions..jsx.require.extensions..js (/private/var/folders/1z/jlh723cx58nbj81d9h354s3h0000gn/T/ts-node-dev-hook-10920552489854263.js:114:20)
[ERROR] 04:04:10 Error: listen EADDRINUSE: address already in use :::3000
[INFO] 04:10:53 Restarting: /Users/guillaume_deramchi/Documents/hack-the-gap/mobile-app/backend/src/services/verification.service.ts has been modified
⚠️  Node.js 18 and below are deprecated and will no longer be supported in future versions of @supabase/supabase-js. Please upgrade to Node.js 20 or later. For more information, visit: https://github.com/orgs/supabase/discussions/37217
Error: listen EADDRINUSE: address already in use :::3000
    at Server.setupListenHandle [as _listen2] (node:net:1817:16)
    at listenInCluster (node:net:1865:12)
    at Server.listen (node:net:1953:7)
    at Function.listen (/Users/guillaume_deramchi/Documents/hack-the-gap/mobile-app/backend/node_modules/express/lib/application.js:635:24)
    at Object.<anonymous> (/Users/guillaume_deramchi/Documents/hack-the-gap/mobile-app/backend/src/server.ts:97:7)
    at Module._compile (node:internal/modules/cjs/loader:1364:14)
    at Module._compile (/Users/guillaume_deramchi/Documents/hack-the-gap/mobile-app/backend/node_modules/source-map-support/source-map-support.js:568:25)
    at Module.m._compile (/private/var/folders/1z/jlh723cx58nbj81d9h354s3h0000gn/T/ts-node-dev-hook-10920552489854263.js:69:33)
    at Module._extensions..js (node:internal/modules/cjs/loader:1422:10)
    at require.extensions..jsx.require.extensions..js (/private/var/folders/1z/jlh723cx58nbj81d9h354s3h0000gn/T/ts-node-dev-hook-10920552489854263.js:114:20)
[ERROR] 04:10:54 Error: listen EADDRINUSE: address already in use :::3000
[INFO] 04:11:28 Restarting: /Users/guillaume_deramchi/Documents/hack-the-gap/mobile-app/backend/src/services/email.service.ts has been modified
⚠️  Node.js 18 and below are deprecated and will no longer be supported in future versions of @supabase/supabase-js. Please upgrade to Node.js 20 or later. For more information, visit: https://github.com/orgs/supabase/discussions/37217
Error: listen EADDRINUSE: address already in use :::3000
    at Server.setupListenHandle [as _listen2] (node:net:1817:16)
    at listenInCluster (node:net:1865:12)
    at Server.listen (node:net:1953:7)
    at Function.listen (/Users/guillaume_deramchi/Documents/hack-the-gap/mobile-app/backend/node_modules/express/lib/application.js:635:24)
    at Object.<anonymous> (/Users/guillaume_deramchi/Documents/hack-the-gap/mobile-app/backend/src/server.ts:97:7)
    at Module._compile (node:internal/modules/cjs/loader:1364:14)
    at Module._compile (/Users/guillaume_deramchi/Documents/hack-the-gap/mobile-app/backend/node_modules/source-map-support/source-map-support.js:568:25)
    at Module.m._compile (/private/var/folders/1z/jlh723cx58nbj81d9h354s3h0000gn/T/ts-node-dev-hook-10920552489854263.js:69:33)
    at Module._extensions..js (node:internal/modules/cjs/loader:1422:10)
    at require.extensions..jsx.require.extensions..js (/private/var/folders/1z/jlh723cx58nbj81d9h354s3h0000gn/T/ts-node-dev-hook-10920552489854263.js:114:20)
[ERROR] 04:11:28 Error: listen EADDRINUSE: address already in use :::3000
[INFO] 04:11:47 Restarting: /Users/guillaume_deramchi/Documents/hack-the-gap/mobile-app/backend/src/services/email.service.ts has been modified
⚠️  Node.js 18 and below are deprecated and will no longer be supported in future versions of @supabase/supabase-js. Please upgrade to Node.js 20 or later. For more information, visit: https://github.com/orgs/supabase/discussions/37217
[32minfo[39m: 🚀 Server running on port 3000 {"timestamp":"2025-11-16T03:11:47.716Z"}
[32minfo[39m: 📊 Environment: development {"timestamp":"2025-11-16T03:11:47.717Z"}
[32minfo[39m: 🔗 Health check: http://localhost:3000/api/health {"timestamp":"2025-11-16T03:11:47.717Z"}
[INFO] 04:28:38 Restarting: /Users/guillaume_deramchi/Documents/hack-the-gap/mobile-app/backend/src/services/user-sync.service.ts has been modified
⚠️  Node.js 18 and below are deprecated and will no longer be supported in future versions of @supabase/supabase-js. Please upgrade to Node.js 20 or later. For more information, visit: https://github.com/orgs/supabase/discussions/37217
Error: listen EADDRINUSE: address already in use :::3000
    at Server.setupListenHandle [as _listen2] (node:net:1817:16)
    at listenInCluster (node:net:1865:12)
    at Server.listen (node:net:1953:7)
    at Function.listen (/Users/guillaume_deramchi/Documents/hack-the-gap/mobile-app/backend/node_modules/express/lib/application.js:635:24)
    at Object.<anonymous> (/Users/guillaume_deramchi/Documents/hack-the-gap/mobile-app/backend/src/server.ts:97:7)
    at Module._compile (node:internal/modules/cjs/loader:1364:14)
    at Module._compile (/Users/guillaume_deramchi/Documents/hack-the-gap/mobile-app/backend/node_modules/source-map-support/source-map-support.js:568:25)
    at Module.m._compile (/private/var/folders/1z/jlh723cx58nbj81d9h354s3h0000gn/T/ts-node-dev-hook-10920552489854263.js:69:33)
    at Module._extensions..js (node:internal/modules/cjs/loader:1422:10)
    at require.extensions..jsx.require.extensions..js (/private/var/folders/1z/jlh723cx58nbj81d9h354s3h0000gn/T/ts-node-dev-hook-10920552489854263.js:114:20)
[ERROR] 04:28:39 Error: listen EADDRINUSE: address already in use :::3000
[INFO] 04:32:18 Restarting: /Users/guillaume_deramchi/Documents/hack-the-gap/mobile-app/backend/src/services/verification.service.ts has been modified
⚠️  Node.js 18 and below are deprecated and will no longer be supported in future versions of @supabase/supabase-js. Please upgrade to Node.js 20 or later. For more information, visit: https://github.com/orgs/supabase/discussions/37217
Error: listen EADDRINUSE: address already in use :::3000
    at Server.setupListenHandle [as _listen2] (node:net:1817:16)
    at listenInCluster (node:net:1865:12)
    at Server.listen (node:net:1953:7)
    at Function.listen (/Users/guillaume_deramchi/Documents/hack-the-gap/mobile-app/backend/node_modules/express/lib/application.js:635:24)
    at Object.<anonymous> (/Users/guillaume_deramchi/Documents/hack-the-gap/mobile-app/backend/src/server.ts:97:7)
    at Module._compile (node:internal/modules/cjs/loader:1364:14)
    at Module._compile (/Users/guillaume_deramchi/Documents/hack-the-gap/mobile-app/backend/node_modules/source-map-support/source-map-support.js:568:25)
    at Module.m._compile (/private/var/folders/1z/jlh723cx58nbj81d9h354s3h0000gn/T/ts-node-dev-hook-10920552489854263.js:69:33)
    at Module._extensions..js (node:internal/modules/cjs/loader:1422:10)
    at require.extensions..jsx.require.extensions..js (/private/var/folders/1z/jlh723cx58nbj81d9h354s3h0000gn/T/ts-node-dev-hook-10920552489854263.js:114:20)
[ERROR] 04:32:19 Error: listen EADDRINUSE: address already in use :::3000
[INFO] 04:32:48 Restarting: /Users/guillaume_deramchi/Documents/hack-the-gap/mobile-app/backend/src/services/verification.service.ts has been modified
⚠️  Node.js 18 and below are deprecated and will no longer be supported in future versions of @supabase/supabase-js. Please upgrade to Node.js 20 or later. For more information, visit: https://github.com/orgs/supabase/discussions/37217
[32minfo[39m: 🚀 Server running on port 3000 {"timestamp":"2025-11-16T03:32:49.030Z"}
[32minfo[39m: 📊 Environment: development {"timestamp":"2025-11-16T03:32:49.032Z"}
[32minfo[39m: 🔗 Health check: http://localhost:3000/api/health {"timestamp":"2025-11-16T03:32:49.032Z"}
[INFO] 04:33:11 Restarting: /Users/guillaume_deramchi/Documents/hack-the-gap/mobile-app/backend/src/services/email.service.ts has been modified
⚠️  Node.js 18 and below are deprecated and will no longer be supported in future versions of @supabase/supabase-js. Please upgrade to Node.js 20 or later. For more information, visit: https://github.com/orgs/supabase/discussions/37217
Error: listen EADDRINUSE: address already in use :::3000
    at Server.setupListenHandle [as _listen2] (node:net:1817:16)
    at listenInCluster (node:net:1865:12)
    at Server.listen (node:net:1953:7)
    at Function.listen (/Users/guillaume_deramchi/Documents/hack-the-gap/mobile-app/backend/node_modules/express/lib/application.js:635:24)
    at Object.<anonymous> (/Users/guillaume_deramchi/Documents/hack-the-gap/mobile-app/backend/src/server.ts:97:7)
    at Module._compile (node:internal/modules/cjs/loader:1364:14)
    at Module._compile (/Users/guillaume_deramchi/Documents/hack-the-gap/mobile-app/backend/node_modules/source-map-support/source-map-support.js:568:25)
    at Module.m._compile (/private/var/folders/1z/jlh723cx58nbj81d9h354s3h0000gn/T/ts-node-dev-hook-10920552489854263.js:69:33)
    at Module._extensions..js (node:internal/modules/cjs/loader:1422:10)
    at require.extensions..jsx.require.extensions..js (/private/var/folders/1z/jlh723cx58nbj81d9h354s3h0000gn/T/ts-node-dev-hook-10920552489854263.js:114:20)
[ERROR] 04:33:12 Error: listen EADDRINUSE: address already in use :::3000
[INFO] 04:37:30 Restarting: /Users/guillaume_deramchi/Documents/hack-the-gap/mobile-app/backend/src/services/email.service.ts has been modified
⚠️  Node.js 18 and below are deprecated and will no longer be supported in future versions of @supabase/supabase-js. Please upgrade to Node.js 20 or later. For more information, visit: https://github.com/orgs/supabase/discussions/37217
Error: listen EADDRINUSE: address already in use :::3000
    at Server.setupListenHandle [as _listen2] (node:net:1817:16)
    at listenInCluster (node:net:1865:12)
    at Server.listen (node:net:1953:7)
    at Function.listen (/Users/guillaume_deramchi/Documents/hack-the-gap/mobile-app/backend/node_modules/express/lib/application.js:635:24)
    at Object.<anonymous> (/Users/guillaume_deramchi/Documents/hack-the-gap/mobile-app/backend/src/server.ts:97:7)
    at Module._compile (node:internal/modules/cjs/loader:1364:14)
    at Module._compile (/Users/guillaume_deramchi/Documents/hack-the-gap/mobile-app/backend/node_modules/source-map-support/source-map-support.js:568:25)
    at Module.m._compile (/private/var/folders/1z/jlh723cx58nbj81d9h354s3h0000gn/T/ts-node-dev-hook-10920552489854263.js:69:33)
    at Module._extensions..js (node:internal/modules/cjs/loader:1422:10)
    at require.extensions..jsx.require.extensions..js (/private/var/folders/1z/jlh723cx58nbj81d9h354s3h0000gn/T/ts-node-dev-hook-10920552489854263.js:114:20)
[ERROR] 04:37:31 Error: listen EADDRINUSE: address already in use :::3000
[INFO] 04:37:52 Restarting: /Users/guillaume_deramchi/Documents/hack-the-gap/mobile-app/backend/src/services/email.service.ts has been modified
⚠️  Node.js 18 and below are deprecated and will no longer be supported in future versions of @supabase/supabase-js. Please upgrade to Node.js 20 or later. For more information, visit: https://github.com/orgs/supabase/discussions/37217
Error: listen EADDRINUSE: address already in use :::3000
    at Server.setupListenHandle [as _listen2] (node:net:1817:16)
    at listenInCluster (node:net:1865:12)
    at Server.listen (node:net:1953:7)
    at Function.listen (/Users/guillaume_deramchi/Documents/hack-the-gap/mobile-app/backend/node_modules/express/lib/application.js:635:24)
    at Object.<anonymous> (/Users/guillaume_deramchi/Documents/hack-the-gap/mobile-app/backend/src/server.ts:97:7)
    at Module._compile (node:internal/modules/cjs/loader:1364:14)
    at Module._compile (/Users/guillaume_deramchi/Documents/hack-the-gap/mobile-app/backend/node_modules/source-map-support/source-map-support.js:568:25)
    at Module.m._compile (/private/var/folders/1z/jlh723cx58nbj81d9h354s3h0000gn/T/ts-node-dev-hook-10920552489854263.js:69:33)
    at Module._extensions..js (node:internal/modules/cjs/loader:1422:10)
    at require.extensions..jsx.require.extensions..js (/private/var/folders/1z/jlh723cx58nbj81d9h354s3h0000gn/T/ts-node-dev-hook-10920552489854263.js:114:20)
[ERROR] 04:37:53 Error: listen EADDRINUSE: address already in use :::3000
[INFO] 04:42:48 Restarting: /Users/guillaume_deramchi/Documents/hack-the-gap/mobile-app/backend/src/services/community.service.ts has been modified
⚠️  Node.js 18 and below are deprecated and will no longer be supported in future versions of @supabase/supabase-js. Please upgrade to Node.js 20 or later. For more information, visit: https://github.com/orgs/supabase/discussions/37217
Error: listen EADDRINUSE: address already in use :::3000
    at Server.setupListenHandle [as _listen2] (node:net:1817:16)
    at listenInCluster (node:net:1865:12)
    at Server.listen (node:net:1953:7)
    at Function.listen (/Users/guillaume_deramchi/Documents/hack-the-gap/mobile-app/backend/node_modules/express/lib/application.js:635:24)
    at Object.<anonymous> (/Users/guillaume_deramchi/Documents/hack-the-gap/mobile-app/backend/src/server.ts:97:7)
    at Module._compile (node:internal/modules/cjs/loader:1364:14)
    at Module._compile (/Users/guillaume_deramchi/Documents/hack-the-gap/mobile-app/backend/node_modules/source-map-support/source-map-support.js:568:25)
    at Module.m._compile (/private/var/folders/1z/jlh723cx58nbj81d9h354s3h0000gn/T/ts-node-dev-hook-10920552489854263.js:69:33)
    at Module._extensions..js (node:internal/modules/cjs/loader:1422:10)
    at require.extensions..jsx.require.extensions..js (/private/var/folders/1z/jlh723cx58nbj81d9h354s3h0000gn/T/ts-node-dev-hook-10920552489854263.js:114:20)
[ERROR] 04:42:51 Error: listen EADDRINUSE: address already in use :::3000
[INFO] 04:43:34 Restarting: /Users/guillaume_deramchi/Documents/hack-the-gap/mobile-app/backend/src/services/community.service.ts has been modified
⚠️  Node.js 18 and below are deprecated and will no longer be supported in future versions of @supabase/supabase-js. Please upgrade to Node.js 20 or later. For more information, visit: https://github.com/orgs/supabase/discussions/37217
Error: listen EADDRINUSE: address already in use :::3000
    at Server.setupListenHandle [as _listen2] (node:net:1817:16)
    at listenInCluster (node:net:1865:12)
    at Server.listen (node:net:1953:7)
    at Function.listen (/Users/guillaume_deramchi/Documents/hack-the-gap/mobile-app/backend/node_modules/express/lib/application.js:635:24)
    at Object.<anonymous> (/Users/guillaume_deramchi/Documents/hack-the-gap/mobile-app/backend/src/server.ts:97:7)
    at Module._compile (node:internal/modules/cjs/loader:1364:14)
    at Module._compile (/Users/guillaume_deramchi/Documents/hack-the-gap/mobile-app/backend/node_modules/source-map-support/source-map-support.js:568:25)
    at Module.m._compile (/private/var/folders/1z/jlh723cx58nbj81d9h354s3h0000gn/T/ts-node-dev-hook-10920552489854263.js:69:33)
    at Module._extensions..js (node:internal/modules/cjs/loader:1422:10)
    at require.extensions..jsx.require.extensions..js (/private/var/folders/1z/jlh723cx58nbj81d9h354s3h0000gn/T/ts-node-dev-hook-10920552489854263.js:114:20)
[ERROR] 04:43:37 Error: listen EADDRINUSE: address already in use :::3000
[INFO] 04:47:00 Restarting: /Users/guillaume_deramchi/Documents/hack-the-gap/mobile-app/backend/src/services/email.service.ts has been modified
⚠️  Node.js 18 and below are deprecated and will no longer be supported in future versions of @supabase/supabase-js. Please upgrade to Node.js 20 or later. For more information, visit: https://github.com/orgs/supabase/discussions/37217
Error: listen EADDRINUSE: address already in use :::3000
    at Server.setupListenHandle [as _listen2] (node:net:1817:16)
    at listenInCluster (node:net:1865:12)
    at Server.listen (node:net:1953:7)
    at Function.listen (/Users/guillaume_deramchi/Documents/hack-the-gap/mobile-app/backend/node_modules/express/lib/application.js:635:24)
    at Object.<anonymous> (/Users/guillaume_deramchi/Documents/hack-the-gap/mobile-app/backend/src/server.ts:97:7)
    at Module._compile (node:internal/modules/cjs/loader:1364:14)
    at Module._compile (/Users/guillaume_deramchi/Documents/hack-the-gap/mobile-app/backend/node_modules/source-map-support/source-map-support.js:568:25)
    at Module.m._compile (/private/var/folders/1z/jlh723cx58nbj81d9h354s3h0000gn/T/ts-node-dev-hook-10920552489854263.js:69:33)
    at Module._extensions..js (node:internal/modules/cjs/loader:1422:10)
    at require.extensions..jsx.require.extensions..js (/private/var/folders/1z/jlh723cx58nbj81d9h354s3h0000gn/T/ts-node-dev-hook-10920552489854263.js:114:20)
[ERROR] 04:47:03 Error: listen EADDRINUSE: address already in use :::3000
[INFO] 05:35:10 Restarting: /Users/guillaume_deramchi/Documents/hack-the-gap/mobile-app/backend/src/services/email.service.ts has been modified
⚠️  Node.js 18 and below are deprecated and will no longer be supported in future versions of @supabase/supabase-js. Please upgrade to Node.js 20 or later. For more information, visit: https://github.com/orgs/supabase/discussions/37217
Error: listen EADDRINUSE: address already in use :::3000
    at Server.setupListenHandle [as _listen2] (node:net:1817:16)
    at listenInCluster (node:net:1865:12)
    at Server.listen (node:net:1953:7)
    at Function.listen (/Users/guillaume_deramchi/Documents/hack-the-gap/mobile-app/backend/node_modules/express/lib/application.js:635:24)
    at Object.<anonymous> (/Users/guillaume_deramchi/Documents/hack-the-gap/mobile-app/backend/src/server.ts:97:7)
    at Module._compile (node:internal/modules/cjs/loader:1364:14)
    at Module._compile (/Users/guillaume_deramchi/Documents/hack-the-gap/mobile-app/backend/node_modules/source-map-support/source-map-support.js:568:25)
    at Module.m._compile (/private/var/folders/1z/jlh723cx58nbj81d9h354s3h0000gn/T/ts-node-dev-hook-10920552489854263.js:69:33)
    at Module._extensions..js (node:internal/modules/cjs/loader:1422:10)
    at require.extensions..jsx.require.extensions..js (/private/var/folders/1z/jlh723cx58nbj81d9h354s3h0000gn/T/ts-node-dev-hook-10920552489854263.js:114:20)
[ERROR] 05:35:11 Error: listen EADDRINUSE: address already in use :::3000
[INFO] 05:37:24 Restarting: /Users/guillaume_deramchi/Documents/hack-the-gap/mobile-app/backend/src/services/email.service.ts has been modified
⚠️  Node.js 18 and below are deprecated and will no longer be supported in future versions of @supabase/supabase-js. Please upgrade to Node.js 20 or later. For more information, visit: https://github.com/orgs/supabase/discussions/37217
Error: listen EADDRINUSE: address already in use :::3000
    at Server.setupListenHandle [as _listen2] (node:net:1817:16)
    at listenInCluster (node:net:1865:12)
    at Server.listen (node:net:1953:7)
    at Function.listen (/Users/guillaume_deramchi/Documents/hack-the-gap/mobile-app/backend/node_modules/express/lib/application.js:635:24)
    at Object.<anonymous> (/Users/guillaume_deramchi/Documents/hack-the-gap/mobile-app/backend/src/server.ts:97:7)
    at Module._compile (node:internal/modules/cjs/loader:1364:14)
    at Module._compile (/Users/guillaume_deramchi/Documents/hack-the-gap/mobile-app/backend/node_modules/source-map-support/source-map-support.js:568:25)
    at Module.m._compile (/private/var/folders/1z/jlh723cx58nbj81d9h354s3h0000gn/T/ts-node-dev-hook-10920552489854263.js:69:33)
    at Module._extensions..js (node:internal/modules/cjs/loader:1422:10)
    at require.extensions..jsx.require.extensions..js (/private/var/folders/1z/jlh723cx58nbj81d9h354s3h0000gn/T/ts-node-dev-hook-10920552489854263.js:114:20)
[ERROR] 05:37:25 Error: listen EADDRINUSE: address already in use :::3000
[INFO] 05:39:33 Restarting: /Users/guillaume_deramchi/Documents/hack-the-gap/mobile-app/backend/src/services/verification.service.ts has been modified
⚠️  Node.js 18 and below are deprecated and will no longer be supported in future versions of @supabase/supabase-js. Please upgrade to Node.js 20 or later. For more information, visit: https://github.com/orgs/supabase/discussions/37217
Error: listen EADDRINUSE: address already in use :::3000
    at Server.setupListenHandle [as _listen2] (node:net:1817:16)
    at listenInCluster (node:net:1865:12)
    at Server.listen (node:net:1953:7)
    at Function.listen (/Users/guillaume_deramchi/Documents/hack-the-gap/mobile-app/backend/node_modules/express/lib/application.js:635:24)
    at Object.<anonymous> (/Users/guillaume_deramchi/Documents/hack-the-gap/mobile-app/backend/src/server.ts:97:7)
    at Module._compile (node:internal/modules/cjs/loader:1364:14)
    at Module._compile (/Users/guillaume_deramchi/Documents/hack-the-gap/mobile-app/backend/node_modules/source-map-support/source-map-support.js:568:25)
    at Module.m._compile (/private/var/folders/1z/jlh723cx58nbj81d9h354s3h0000gn/T/ts-node-dev-hook-10920552489854263.js:69:33)
    at Module._extensions..js (node:internal/modules/cjs/loader:1422:10)
    at require.extensions..jsx.require.extensions..js (/private/var/folders/1z/jlh723cx58nbj81d9h354s3h0000gn/T/ts-node-dev-hook-10920552489854263.js:114:20)
[ERROR] 05:39:34 Error: listen EADDRINUSE: address already in use :::3000
[INFO] 05:39:53 Restarting: /Users/guillaume_deramchi/Documents/hack-the-gap/mobile-app/backend/src/services/verification.service.ts has been modified
⚠️  Node.js 18 and below are deprecated and will no longer be supported in future versions of @supabase/supabase-js. Please upgrade to Node.js 20 or later. For more information, visit: https://github.com/orgs/supabase/discussions/37217
Error: listen EADDRINUSE: address already in use :::3000
    at Server.setupListenHandle [as _listen2] (node:net:1817:16)
    at listenInCluster (node:net:1865:12)
    at Server.listen (node:net:1953:7)
    at Function.listen (/Users/guillaume_deramchi/Documents/hack-the-gap/mobile-app/backend/node_modules/express/lib/application.js:635:24)
    at Object.<anonymous> (/Users/guillaume_deramchi/Documents/hack-the-gap/mobile-app/backend/src/server.ts:97:7)
    at Module._compile (node:internal/modules/cjs/loader:1364:14)
    at Module._compile (/Users/guillaume_deramchi/Documents/hack-the-gap/mobile-app/backend/node_modules/source-map-support/source-map-support.js:568:25)
    at Module.m._compile (/private/var/folders/1z/jlh723cx58nbj81d9h354s3h0000gn/T/ts-node-dev-hook-10920552489854263.js:69:33)
    at Module._extensions..js (node:internal/modules/cjs/loader:1422:10)
    at require.extensions..jsx.require.extensions..js (/private/var/folders/1z/jlh723cx58nbj81d9h354s3h0000gn/T/ts-node-dev-hook-10920552489854263.js:114:20)
[ERROR] 05:39:54 Error: listen EADDRINUSE: address already in use :::3000
[INFO] 05:40:12 Restarting: /Users/guillaume_deramchi/Documents/hack-the-gap/mobile-app/backend/src/services/verification.service.ts has been modified
⚠️  Node.js 18 and below are deprecated and will no longer be supported in future versions of @supabase/supabase-js. Please upgrade to Node.js 20 or later. For more information, visit: https://github.com/orgs/supabase/discussions/37217
Error: listen EADDRINUSE: address already in use :::3000
    at Server.setupListenHandle [as _listen2] (node:net:1817:16)
    at listenInCluster (node:net:1865:12)
    at Server.listen (node:net:1953:7)
    at Function.listen (/Users/guillaume_deramchi/Documents/hack-the-gap/mobile-app/backend/node_modules/express/lib/application.js:635:24)
    at Object.<anonymous> (/Users/guillaume_deramchi/Documents/hack-the-gap/mobile-app/backend/src/server.ts:97:7)
    at Module._compile (node:internal/modules/cjs/loader:1364:14)
    at Module._compile (/Users/guillaume_deramchi/Documents/hack-the-gap/mobile-app/backend/node_modules/source-map-support/source-map-support.js:568:25)
    at Module.m._compile (/private/var/folders/1z/jlh723cx58nbj81d9h354s3h0000gn/T/ts-node-dev-hook-10920552489854263.js:69:33)
    at Module._extensions..js (node:internal/modules/cjs/loader:1422:10)
    at require.extensions..jsx.require.extensions..js (/private/var/folders/1z/jlh723cx58nbj81d9h354s3h0000gn/T/ts-node-dev-hook-10920552489854263.js:114:20)
[ERROR] 05:40:14 Error: listen EADDRINUSE: address already in use :::3000
[INFO] 05:43:11 Restarting: /Users/guillaume_deramchi/Documents/hack-the-gap/mobile-app/backend/src/services/user-sync.service.ts has been modified
⚠️  Node.js 18 and below are deprecated and will no longer be supported in future versions of @supabase/supabase-js. Please upgrade to Node.js 20 or later. For more information, visit: https://github.com/orgs/supabase/discussions/37217
Error: listen EADDRINUSE: address already in use :::3000
    at Server.setupListenHandle [as _listen2] (node:net:1817:16)
    at listenInCluster (node:net:1865:12)
    at Server.listen (node:net:1953:7)
    at Function.listen (/Users/guillaume_deramchi/Documents/hack-the-gap/mobile-app/backend/node_modules/express/lib/application.js:635:24)
    at Object.<anonymous> (/Users/guillaume_deramchi/Documents/hack-the-gap/mobile-app/backend/src/server.ts:97:7)
    at Module._compile (node:internal/modules/cjs/loader:1364:14)
    at Module._compile (/Users/guillaume_deramchi/Documents/hack-the-gap/mobile-app/backend/node_modules/source-map-support/source-map-support.js:568:25)
    at Module.m._compile (/private/var/folders/1z/jlh723cx58nbj81d9h354s3h0000gn/T/ts-node-dev-hook-10920552489854263.js:69:33)
    at Module._extensions..js (node:internal/modules/cjs/loader:1422:10)
    at require.extensions..jsx.require.extensions..js (/private/var/folders/1z/jlh723cx58nbj81d9h354s3h0000gn/T/ts-node-dev-hook-10920552489854263.js:114:20)
[ERROR] 05:43:12 Error: listen EADDRINUSE: address already in use :::3000
[INFO] 05:43:25 Restarting: /Users/guillaume_deramchi/Documents/hack-the-gap/mobile-app/backend/src/services/user-sync.service.ts has been modified
⚠️  Node.js 18 and below are deprecated and will no longer be supported in future versions of @supabase/supabase-js. Please upgrade to Node.js 20 or later. For more information, visit: https://github.com/orgs/supabase/discussions/37217
Error: listen EADDRINUSE: address already in use :::3000
    at Server.setupListenHandle [as _listen2] (node:net:1817:16)
    at listenInCluster (node:net:1865:12)
    at Server.listen (node:net:1953:7)
    at Function.listen (/Users/guillaume_deramchi/Documents/hack-the-gap/mobile-app/backend/node_modules/express/lib/application.js:635:24)
    at Object.<anonymous> (/Users/guillaume_deramchi/Documents/hack-the-gap/mobile-app/backend/src/server.ts:97:7)
    at Module._compile (node:internal/modules/cjs/loader:1364:14)
    at Module._compile (/Users/guillaume_deramchi/Documents/hack-the-gap/mobile-app/backend/node_modules/source-map-support/source-map-support.js:568:25)
    at Module.m._compile (/private/var/folders/1z/jlh723cx58nbj81d9h354s3h0000gn/T/ts-node-dev-hook-10920552489854263.js:69:33)
    at Module._extensions..js (node:internal/modules/cjs/loader:1422:10)
    at require.extensions..jsx.require.extensions..js (/private/var/folders/1z/jlh723cx58nbj81d9h354s3h0000gn/T/ts-node-dev-hook-10920552489854263.js:114:20)
[ERROR] 05:43:26 Error: listen EADDRINUSE: address already in use :::3000
