🖼️  Fetching real photos for top 50 influencers...

1. Thom Astro (Instagram)...
   ⚠️  Not found
2. Yassine Sdiri (YouTube)...
   ⚠️  Not found
3. Hugoposé (YouTube)...
   ⚠️  Not found
4. PLK (Instagram)...
   ⚠️  Not found
5. Scilabus (YouTube)...
   ✅ https://yt3.googleusercontent.com/ytc/AGIKgqOoNFL9ub6EFvqv1vzQciUL_RJ8
6. Christopher Michaut (Instagram)...
   ⚠️  Not found
7. Dimitri Monique (YouTube)...
   ⚠️  Not found
8. Ninho (Instagram)...
   ⚠️  Not found
9. Céline Dion (Instagram)...
   ⚠️  Not found
10. Gotaga (YouTube)...
   ✅ https://yt3.googleusercontent.com/ytc/AOPolaRmEQRR3A73IILj4OoK3KvyLrwB
11. Bodytime (YouTube)...
   ⚠️  Not found
12. Squeezie (YouTube)...
   ✅ https://yt3.googleusercontent.com/ytc/AOPolaScA2SNwitUVVqB0WS9qdnEwI9E
13. Leadorablee (Léa) (Instagram)...
   ⚠️  Not found
14. Juju Fitcats (YouTube)...
   ⚠️  Not found
15. Garance Doré (Instagram)...
   ⚠️  Not found
16. Lila Bonbon (TikTok)...
   ⚠️  Not found
17. Maeva Ghennam (Instagram)...
   ⚠️  Not found
18. Bon Pote (Instagram)...
   ⚠️  Not found
19. Les Recettes de Juliette (Instagram)...
   ⚠️  Not found
20. Instanonimal (Instagram)...
   ⚠️  Not found
21. Léo Duff (YouTube)...
   ⚠️  Not found
22. It’s so Paris (Instagram)...
   ⚠️  Not found
23. Dirty Biology (YouTube)...
   ⚠️  Not found
24. Michou (YouTube)...
   ⚠️  Not found
25. Marie Lopez (YouTube)...
   ⚠️  Not found
26. Esra (lilyslilah) (Instagram)...
   ⚠️  Not found
27. ArtBen (YouTube)...
   ⚠️  Not found
28. Tibo InShape (YouTube)...
   ⚠️  Not found
29. Nota Bene (YouTube)...
   ✅ https://yt3.googleusercontent.com/ytc/AGIKgqP0g-Ksiy03Tvmi9zUPnGJtsF0K
30. Diegsalbin (Instagram)...
   ⚠️  Not found
31. SDM (Instagram)...
   ⚠️  Not found
32. Werenoi (YouTube)...
