
  You can now view your Streamlit app in your browser.

  Local URL: http://localhost:8501
  Network URL: http://192.168.1.96:8501
  External URL: http://88.175.163.49:8501

  For better performance, install the Watchdog module:

  $ xcode-select --install
  $ pip install watchdog
            
2025-11-16 06:45:09.394 Uncaught app execution
Traceback (most recent call last):
  File "/Library/Frameworks/Python.framework/Versions/3.12/lib/python3.12/site-packages/streamlit/runtime/scriptrunner/exec_code.py", line 129, in exec_func_with_error_handling
    result = func()
             ^^^^^^
  File "/Library/Frameworks/Python.framework/Versions/3.12/lib/python3.12/site-packages/streamlit/runtime/scriptrunner/script_runner.py", line 669, in code_to_exec
    exec(code, module.__dict__)  # noqa: S102
    ^^^^^^^^^^^^^^^^^^^^^^^^^^^
  File "/Users/guillaume_deramchi/Documents/hack-the-gap/streamlit_app.py", line 267, in <module>
    <h2 style="margin: 0; color: #667eea;">{ranking['total_points']}</h2>
                                            ~~~~~~~^^^^^^^^^^^^^^^^
KeyError: 'total_points'
2025-11-16 06:46:18.252 Uncaught app execution
Traceback (most recent call last):
  File "/Library/Frameworks/Python.framework/Versions/3.12/lib/python3.12/site-packages/streamlit/runtime/scriptrunner/exec_code.py", line 129, in exec_func_with_error_handling
    result = func()
             ^^^^^^
  File "/Library/Frameworks/Python.framework/Versions/3.12/lib/python3.12/site-packages/streamlit/runtime/scriptrunner/script_runner.py", line 669, in code_to_exec
    exec(code, module.__dict__)  # noqa: S102
    ^^^^^^^^^^^^^^^^^^^^^^^^^^^
  File "/Users/guillaume_deramchi/Documents/hack-the-gap/streamlit_app.py", line 318, in <module>
    total_points = sum(r['total_points'] for r in rankings)
                   ^^^^^^^^^^^^^^^^^^^^^^^^^^^^^^^^^^^^^^^^
  File "/Users/guillaume_deramchi/Documents/hack-the-gap/streamlit_app.py", line 318, in <genexpr>
    total_points = sum(r['total_points'] for r in rankings)
                       ~^^^^^^^^^^^^^^^^
KeyError: 'total_points'
2025-11-16 06:48:03.775 Please replace `use_container_width` with `width`.

`use_container_width` will be removed after 2025-12-31.

For `use_container_width=True`, use `width='stretch'`. For `use_container_width=False`, use `width='content'`.
