🖼️  Fetching real photos for top 20 influencers (IMPROVED SEARCH)...

1. Thom Astro (Instagram)...
   ✅ FOUND: https://yt3.googleusercontent.com/ytc/astro-_-yt6986=s800-c-k-c0x00fff
2. Yassine Sdiri (YouTube)...
   ✅ FOUND: https://yt3.googleusercontent.com/ytc/yassine-sdiri=s800-c-k-c0x00ffff
3. Hugoposé (YouTube)...
   ✅ FOUND: https://yt3.googleusercontent.com/ytc/Hugopose=s800-c-k-c0x00ffffff-no
4. PLK (Instagram)...
   ✅ FOUND: https://yt3.googleusercontent.com/ytc/PLKTV=s800-c-k-c0x00ffffff-no-rj
5. Scilabus (YouTube)...
   ✅ FOUND: https://yt3.googleusercontent.com/ytc/scilabus=s800-c-k-c0x00ffffff-no
6. Christopher Michaut (Instagram)...
   ✅ FOUND: https://yt3.googleusercontent.com/ytc/ChristopherMichaut=s800-c-k-c0x0
7. Dimitri Monique (YouTube)...
   ⚠️  Not found
8. Ninho (Instagram)...
   ✅ FOUND: https://yt3.googleusercontent.com/ytc/ninho=s800-c-k-c0x00ffffff-no-rj
9. Céline Dion (Instagram)...
   ✅ FOUND: https://yt3.googleusercontent.com/ytc/CelineDion=s800-c-k-c0x00ffffff-
10. Gotaga (YouTube)...
   ✅ FOUND: https://yt3.googleusercontent.com/ytc/Gotaga=s800-c-k-c0x00ffffff-no-r
11. Bodytime (YouTube)...
   ✅ FOUND: https://yt3.googleusercontent.com/ytc/BodytimeFr=s800-c-k-c0x00ffffff-
12. Squeezie (YouTube)...
   ✅ FOUND: https://yt3.googleusercontent.com/ytc/Squeezie=s800-c-k-c0x00ffffff-no
13. Leadorablee (Léa) (Instagram)...
   ✅ FOUND: https://yt3.googleusercontent.com/ytc/Lea-l6e=s800-c-k-c0x00ffffff-no-
14. Juju Fitcats (YouTube)...
   ✅ FOUND: https://yt3.googleusercontent.com/ytc/jujufitcats=s800-c-k-c0x00ffffff
15. Garance Doré (Instagram)...
   ✅ FOUND: https://ui-avatars.com/api/?name=Garance%20Dor%C3%A9&size=400&backgrou
16. Lila Bonbon (TikTok)...
   ✅ FOUND: https://yt3.googleusercontent.com/ytc/liiila_jb=s800-c-k-c0x00ffffff-n
17. Maeva Ghennam (Instagram)...
   ✅ FOUND: https://yt3.googleusercontent.com/ytc/maevaghennam424=s800-c-k-c0x00ff
18. Bon Pote (Instagram)...
   ✅ FOUND: https://yt3.googleusercontent.com/ytc/bonpoteofficiel=s800-c-k-c0x00ff
19. Les Recettes de Juliette (Instagram)...
   ✅ FOUND: https://yt3.googleusercontent.com/ytc/Jujul54840=s800-c-k-c0x00ffffff-
20. Instanonimal (Instagram)...
   ✅ FOUND: https://yt3.googleusercontent.com/ytc/ANONIMALLL=s800-c-k-c0x00ffffff-

✅ Complete! Found 19/20 real images
📊 Success rate: 95%
