
> trustfluencers-backend@1.0.0 dev
> ts-node-dev --respawn --transpile-only src/server.ts

[INFO] 04:48:34 ts-node-dev ver. 2.0.0 (using ts-node ver. 10.9.2, typescript ver. 5.9.3)
⚠️  Node.js 18 and below are deprecated and will no longer be supported in future versions of @supabase/supabase-js. Please upgrade to Node.js 20 or later. For more information, visit: https://github.com/orgs/supabase/discussions/37217
[32minfo[39m: 🚀 Server running on port 3000 {"timestamp":"2025-11-16T03:48:35.980Z"}
[32minfo[39m: 📊 Environment: development {"timestamp":"2025-11-16T03:48:35.982Z"}
[32minfo[39m: 🔗 Health check: http://localhost:3000/api/health {"timestamp":"2025-11-16T03:48:35.982Z"}
[32minfo[39m: GET /api/influencers {"ip":"::ffff:10.80.222.54","timestamp":"2025-11-16T03:51:29.718Z","userAgent":"Expo/1017756 CFNetwork/3860.300.31 Darwin/25.2.0"}
[32minfo[39m: GET /api/influencers/7d5b25f7-65f4-47d0-83c6-26690b6e3f60 {"ip":"::ffff:10.80.222.54","timestamp":"2025-11-16T03:52:08.324Z","userAgent":"Expo/1017756 CFNetwork/3860.300.31 Darwin/25.2.0"}
[32minfo[39m: GET /api/community/signals/7d5b25f7-65f4-47d0-83c6-26690b6e3f60 {"ip":"::ffff:10.80.222.54","timestamp":"2025-11-16T03:52:08.579Z","userAgent":"Expo/1017756 CFNetwork/3860.300.31 Darwin/25.2.0"}
[32minfo[39m: GET /api/transparency/breakdown/7d5b25f7-65f4-47d0-83c6-26690b6e3f60 {"ip":"::ffff:10.80.222.54","timestamp":"2025-11-16T03:52:08.596Z","userAgent":"Expo/1017756 CFNetwork/3860.300.31 Darwin/25.2.0"}
[32minfo[39m: GET /api/community/stats/7d5b25f7-65f4-47d0-83c6-26690b6e3f60 {"ip":"::ffff:10.80.222.54","timestamp":"2025-11-16T03:52:08.600Z","userAgent":"Expo/1017756 CFNetwork/3860.300.31 Darwin/25.2.0"}
[32minfo[39m: GET /api/transparency/timeline/7d5b25f7-65f4-47d0-83c6-26690b6e3f60 {"ip":"::ffff:10.80.222.54","timestamp":"2025-11-16T03:52:08.602Z","userAgent":"Expo/1017756 CFNetwork/3860.300.31 Darwin/25.2.0"}
[32minfo[39m: GET /api/influencers {"ip":"::ffff:10.80.222.54","timestamp":"2025-11-16T03:52:48.157Z","userAgent":"Expo/1017756 CFNetwork/3860.300.31 Darwin/25.2.0"}
[32minfo[39m: GET /api/influencers {"ip":"::ffff:10.80.222.54","timestamp":"2025-11-16T03:53:04.301Z","userAgent":"Expo/1017756 CFNetwork/3860.300.31 Darwin/25.2.0"}
[32minfo[39m: GET /api/influencers/7d5b25f7-65f4-47d0-83c6-26690b6e3f60 {"ip":"::ffff:10.80.222.54","timestamp":"2025-11-16T03:53:15.781Z","userAgent":"Expo/1017756 CFNetwork/3860.300.31 Darwin/25.2.0"}
[32minfo[39m: GET /api/community/signals/7d5b25f7-65f4-47d0-83c6-26690b6e3f60 {"ip":"::ffff:10.80.222.54","timestamp":"2025-11-16T03:53:16.097Z","userAgent":"Expo/1017756 CFNetwork/3860.300.31 Darwin/25.2.0"}
[32minfo[39m: GET /api/community/stats/7d5b25f7-65f4-47d0-83c6-26690b6e3f60 {"ip":"::ffff:10.80.222.54","timestamp":"2025-11-16T03:53:16.106Z","userAgent":"Expo/1017756 CFNetwork/3860.300.31 Darwin/25.2.0"}
[32minfo[39m: GET /api/transparency/breakdown/7d5b25f7-65f4-47d0-83c6-26690b6e3f60 {"ip":"::ffff:10.80.222.54","timestamp":"2025-11-16T03:53:16.108Z","userAgent":"Expo/1017756 CFNetwork/3860.300.31 Darwin/25.2.0"}
[32minfo[39m: GET /api/transparency/timeline/7d5b25f7-65f4-47d0-83c6-26690b6e3f60 {"ip":"::ffff:10.80.222.54","timestamp":"2025-11-16T03:53:16.110Z","userAgent":"Expo/1017756 CFNetwork/3860.300.31 Darwin/25.2.0"}
[32minfo[39m: GET /api/influencers {"ip":"::ffff:10.80.222.54","timestamp":"2025-11-16T03:59:33.121Z","userAgent":"Expo/1017756 CFNetwork/3860.300.31 Darwin/25.2.0"}
[32minfo[39m: GET /api/influencers {"ip":"::ffff:10.80.222.54","timestamp":"2025-11-16T04:08:20.183Z","userAgent":"Expo/1017756 CFNetwork/3860.300.31 Darwin/25.2.0"}
[32minfo[39m: GET /api/influencers {"ip":"::ffff:10.80.222.54","timestamp":"2025-11-16T04:25:30.979Z","userAgent":"Expo/1017756 CFNetwork/3860.300.31 Darwin/25.2.0"}
[32minfo[39m: GET /api/influencers/7d5b25f7-65f4-47d0-83c6-26690b6e3f60 {"ip":"::ffff:10.80.222.54","timestamp":"2025-11-16T04:26:03.614Z","userAgent":"Expo/1017756 CFNetwork/3860.300.31 Darwin/25.2.0"}
[32minfo[39m: GET /api/community/signals/7d5b25f7-65f4-47d0-83c6-26690b6e3f60 {"ip":"::ffff:10.80.222.54","timestamp":"2025-11-16T04:26:03.922Z","userAgent":"Expo/1017756 CFNetwork/3860.300.31 Darwin/25.2.0"}
[32minfo[39m: GET /api/community/stats/7d5b25f7-65f4-47d0-83c6-26690b6e3f60 {"ip":"::ffff:10.80.222.54","timestamp":"2025-11-16T04:26:03.930Z","userAgent":"Expo/1017756 CFNetwork/3860.300.31 Darwin/25.2.0"}
[32minfo[39m: GET /api/transparency/timeline/7d5b25f7-65f4-47d0-83c6-26690b6e3f60 {"ip":"::ffff:10.80.222.54","timestamp":"2025-11-16T04:26:03.931Z","userAgent":"Expo/1017756 CFNetwork/3860.300.31 Darwin/25.2.0"}
[32minfo[39m: GET /api/transparency/breakdown/7d5b25f7-65f4-47d0-83c6-26690b6e3f60 {"ip":"::ffff:10.80.222.54","timestamp":"2025-11-16T04:26:03.931Z","userAgent":"Expo/1017756 CFNetwork/3860.300.31 Darwin/25.2.0"}
[32minfo[39m: GET /api/engagement/my-subscription {"ip":"::ffff:10.80.222.54","timestamp":"2025-11-16T04:27:27.079Z","userAgent":"Expo/1017756 CFNetwork/3860.300.31 Darwin/25.2.0"}
[32minfo[39m: GET /api/community/signals/7d5b25f7-65f4-47d0-83c6-26690b6e3f60 {"ip":"::ffff:10.80.222.54","timestamp":"2025-11-16T04:27:27.103Z","userAgent":"Expo/1017756 CFNetwork/3860.300.31 Darwin/25.2.0"}
[32minfo[39m: GET /api/community/stats/7d5b25f7-65f4-47d0-83c6-26690b6e3f60 {"ip":"::ffff:10.80.222.54","timestamp":"2025-11-16T04:27:27.104Z","userAgent":"Expo/1017756 CFNetwork/3860.300.31 Darwin/25.2.0"}
[32minfo[39m: GET /api/transparency/timeline/7d5b25f7-65f4-47d0-83c6-26690b6e3f60 {"ip":"::ffff:10.80.222.54","timestamp":"2025-11-16T04:27:27.105Z","userAgent":"Expo/1017756 CFNetwork/3860.300.31 Darwin/25.2.0"}
[32minfo[39m: GET /api/transparency/breakdown/7d5b25f7-65f4-47d0-83c6-26690b6e3f60 {"ip":"::ffff:10.80.222.54","timestamp":"2025-11-16T04:27:27.105Z","userAgent":"Expo/1017756 CFNetwork/3860.300.31 Darwin/25.2.0"}
[32minfo[39m: Synced new user from Supabase: scamir18@gmail.com {"timestamp":"2025-11-16T04:27:27.654Z"}
[31merror[39m: Error syncing user: 
Invalid `prisma.user.create()` invocation in
/Users/guillaume_deramchi/Documents/hack-the-gap/mobile-app/backend/src/services/user-sync.service.ts:31:34

  28 
  29 if (!user) {
  30   // Create new user
→ 31   user = await prisma.user.create(
Unique constraint failed on the fields: (`email`) {"clientVersion":"5.22.0","code":"P2002","meta":{"modelName":"User","target":["email"]},"name":"PrismaClientKnownRequestError","stack":"PrismaClientKnownRequestError: \nInvalid `prisma.user.create()` invocation in\n/Users/guillaume_deramchi/Documents/hack-the-gap/mobile-app/backend/src/services/user-sync.service.ts:31:34\n\n  28 \n  29 if (!user) {\n  30   // Create new user\n→ 31   user = await prisma.user.create(\nUnique constraint failed on the fields: (`email`)\n    at $n.handleRequestError (/Users/guillaume_deramchi/Documents/hack-the-gap/mobile-app/backend/node_modules/@prisma/client/runtime/library.js:121:7315)\n    at $n.handleAndLogRequestError (/Users/guillaume_deramchi/Documents/hack-the-gap/mobile-app/backend/node_modules/@prisma/client/runtime/library.js:121:6623)\n    at $n.request (/Users/guillaume_deramchi/Documents/hack-the-gap/mobile-app/backend/node_modules/@prisma/client/runtime/library.js:121:6307)\n    at l (/Users/guillaume_deramchi/Documents/hack-the-gap/mobile-app/backend/node_modules/@prisma/client/runtime/library.js:130:9633)\n    at UserSyncService.syncUser (/Users/guillaume_deramchi/Documents/hack-the-gap/mobile-app/backend/src/services/user-sync.service.ts:31:16)\n    at optionalAuthMiddleware (/Users/guillaume_deramchi/Documents/hack-the-gap/mobile-app/backend/src/middleware/auth.ts:98:11)","timestamp":"2025-11-16T04:27:27.727Z"}
[32minfo[39m: GET /api/influencers/57385ba3-8db9-4aea-b769-9eab56117d81 {"ip":"::ffff:10.80.222.54","timestamp":"2025-11-16T04:27:35.123Z","userAgent":"Expo/1017756 CFNetwork/3860.300.31 Darwin/25.2.0"}
[32minfo[39m: GET /api/engagement/my-subscription {"ip":"::ffff:10.80.222.54","timestamp":"2025-11-16T04:27:35.461Z","userAgent":"Expo/1017756 CFNetwork/3860.300.31 Darwin/25.2.0"}
[32minfo[39m: GET /api/community/stats/57385ba3-8db9-4aea-b769-9eab56117d81 {"ip":"::ffff:10.80.222.54","timestamp":"2025-11-16T04:27:35.481Z","userAgent":"Expo/1017756 CFNetwork/3860.300.31 Darwin/25.2.0"}
[32minfo[39m: GET /api/community/signals/57385ba3-8db9-4aea-b769-9eab56117d81 {"ip":"::ffff:10.80.222.54","timestamp":"2025-11-16T04:27:35.483Z","userAgent":"Expo/1017756 CFNetwork/3860.300.31 Darwin/25.2.0"}
[32minfo[39m: GET /api/transparency/timeline/57385ba3-8db9-4aea-b769-9eab56117d81 {"ip":"::ffff:10.80.222.54","timestamp":"2025-11-16T04:27:35.485Z","userAgent":"Expo/1017756 CFNetwork/3860.300.31 Darwin/25.2.0"}
[32minfo[39m: GET /api/transparency/breakdown/57385ba3-8db9-4aea-b769-9eab56117d81 {"ip":"::ffff:10.80.222.54","timestamp":"2025-11-16T04:27:35.486Z","userAgent":"Expo/1017756 CFNetwork/3860.300.31 Darwin/25.2.0"}
[32minfo[39m: Updated user from Supabase: scamir18@gmail.com {"timestamp":"2025-11-16T04:27:35.667Z"}
[32minfo[39m: Updated user from Supabase: scamir18@gmail.com {"timestamp":"2025-11-16T04:27:35.717Z"}
[32minfo[39m: GET /api/engagement/my-subscription {"ip":"::ffff:10.80.222.54","timestamp":"2025-11-16T04:27:37.974Z","userAgent":"Expo/1017756 CFNetwork/3860.300.31 Darwin/25.2.0"}
[32minfo[39m: Updated user from Supabase: scamir18@gmail.com {"timestamp":"2025-11-16T04:27:38.191Z"}
[32minfo[39m: POST /api/community/signals {"ip":"::ffff:10.80.222.54","timestamp":"2025-11-16T04:27:43.762Z","userAgent":"Expo/1017756 CFNetwork/3860.300.31 Darwin/25.2.0"}
[32minfo[39m: Updated user from Supabase: scamir18@gmail.com {"timestamp":"2025-11-16T04:27:44.000Z"}
[32minfo[39m: Created signal 9c1aeb75-dbc5-4fa1-a554-08ea114eb51b by user 6138d18d-fb30-4280-aca7-3ab4e8f04083 {"timestamp":"2025-11-16T04:27:44.951Z"}
[32minfo[39m: User 6138d18d-fb30-4280-aca7-3ab4e8f04083 report count: 1/5 {"timestamp":"2025-11-16T04:27:45.162Z"}
[32minfo[39m: 🤖 Starting AI verification for signal 9c1aeb75-dbc5-4fa1-a554-08ea114eb51b... {"timestamp":"2025-11-16T04:27:45.583Z"}
[32minfo[39m: 🤖 AI response received: {
  "verified": false,
  "reason": "Claim is too vague; 'PLK' not linked to any killing in results.",
  "confidence": 95
}... {"timestamp":"2025-11-16T04:27:49.073Z"}
[32minfo[39m: 🤖 AI verdict: REJECTED - Claim is too vague; 'PLK' not linked to any killing in results. {"timestamp":"2025-11-16T04:27:49.073Z"}
[32minfo[39m: Signal 9c1aeb75-dbc5-4fa1-a554-08ea114eb51b rejected: Claim is too vague; 'PLK' not linked to any killing in results. {"timestamp":"2025-11-16T04:27:49.168Z"}

================================================================================
📧 EMAIL NOTIFICATION
================================================================================
To: scamir18@gmail.com
Subject: ❌ Your drama report was not approved
--------------------------------------------------------------------------------
Hello!

Thank you for your submission regarding PLK.

Unfortunately, your drama report could not be verified at this time.

Reason: Claim is too vague; 'PLK' not linked to any killing in results.

What you can do:
- Provide more specific details
- Include sources or evidence
- Ensure your report is factual and verifiable

You can submit a new report with more information.

Best regards,
The TrustFluencers Team
================================================================================

[31merror[39m: ❌ Failed to send email to scamir18@gmail.com: You can only send testing emails to your own email address (gderamchi@gmail.com). To send emails to other recipients, please verify a domain at resend.com/domains, and change the `from` address to an email using this domain. {"name":"validation_error","statusCode":403,"timestamp":"2025-11-16T04:27:49.787Z"}
[32minfo[39m: GET /api/influencers/57385ba3-8db9-4aea-b769-9eab56117d81 {"ip":"::ffff:10.80.222.54","timestamp":"2025-11-16T04:27:50.037Z","userAgent":"Expo/1017756 CFNetwork/3860.300.31 Darwin/25.2.0"}
[32minfo[39m: GET /api/community/stats/57385ba3-8db9-4aea-b769-9eab56117d81 {"ip":"::ffff:10.80.222.54","timestamp":"2025-11-16T04:27:50.056Z","userAgent":"Expo/1017756 CFNetwork/3860.300.31 Darwin/25.2.0"}
[32minfo[39m: GET /api/community/signals/57385ba3-8db9-4aea-b769-9eab56117d81 {"ip":"::ffff:10.80.222.54","timestamp":"2025-11-16T04:27:50.056Z","userAgent":"Expo/1017756 CFNetwork/3860.300.31 Darwin/25.2.0"}
[32minfo[39m: GET /api/transparency/timeline/57385ba3-8db9-4aea-b769-9eab56117d81 {"ip":"::ffff:10.80.222.54","timestamp":"2025-11-16T04:27:50.062Z","userAgent":"Expo/1017756 CFNetwork/3860.300.31 Darwin/25.2.0"}
[32minfo[39m: GET /api/transparency/breakdown/57385ba3-8db9-4aea-b769-9eab56117d81 {"ip":"::ffff:10.80.222.54","timestamp":"2025-11-16T04:27:50.062Z","userAgent":"Expo/1017756 CFNetwork/3860.300.31 Darwin/25.2.0"}
[32minfo[39m: Updated user from Supabase: scamir18@gmail.com {"timestamp":"2025-11-16T04:27:50.285Z"}
[32minfo[39m: GET /api/influencers {"ip":"::ffff:10.80.222.54","timestamp":"2025-11-16T04:31:14.806Z","userAgent":"Expo/1017756 CFNetwork/3860.300.31 Darwin/25.2.0"}
[32minfo[39m: GET /api/influencers/57385ba3-8db9-4aea-b769-9eab56117d81 {"ip":"::ffff:10.80.222.54","timestamp":"2025-11-16T04:31:53.840Z","userAgent":"Expo/1017756 CFNetwork/3860.300.31 Darwin/25.2.0"}
[32minfo[39m: GET /api/engagement/my-subscription {"ip":"::ffff:10.80.222.54","timestamp":"2025-11-16T04:31:54.103Z","userAgent":"Expo/1017756 CFNetwork/3860.300.31 Darwin/25.2.0"}
[32minfo[39m: GET /api/community/stats/57385ba3-8db9-4aea-b769-9eab56117d81 {"ip":"::ffff:10.80.222.54","timestamp":"2025-11-16T04:31:54.116Z","userAgent":"Expo/1017756 CFNetwork/3860.300.31 Darwin/25.2.0"}
[32minfo[39m: GET /api/transparency/timeline/57385ba3-8db9-4aea-b769-9eab56117d81 {"ip":"::ffff:10.80.222.54","timestamp":"2025-11-16T04:31:54.117Z","userAgent":"Expo/1017756 CFNetwork/3860.300.31 Darwin/25.2.0"}
[32minfo[39m: GET /api/community/signals/57385ba3-8db9-4aea-b769-9eab56117d81 {"ip":"::ffff:10.80.222.54","timestamp":"2025-11-16T04:31:54.118Z","userAgent":"Expo/1017756 CFNetwork/3860.300.31 Darwin/25.2.0"}
[32minfo[39m: GET /api/transparency/breakdown/57385ba3-8db9-4aea-b769-9eab56117d81 {"ip":"::ffff:10.80.222.54","timestamp":"2025-11-16T04:31:54.121Z","userAgent":"Expo/1017756 CFNetwork/3860.300.31 Darwin/25.2.0"}
[32minfo[39m: Synced new user from Supabase: guiguider31@gmail.com {"timestamp":"2025-11-16T04:31:54.419Z"}
[31merror[39m: Error syncing user: 
Invalid `prisma.user.create()` invocation in
/Users/guillaume_deramchi/Documents/hack-the-gap/mobile-app/backend/src/services/user-sync.service.ts:31:34

  28 
  29 if (!user) {
  30   // Create new user
→ 31   user = await prisma.user.create(
Unique constraint failed on the fields: (`email`) {"clientVersion":"5.22.0","code":"P2002","meta":{"modelName":"User","target":["email"]},"name":"PrismaClientKnownRequestError","stack":"PrismaClientKnownRequestError: \nInvalid `prisma.user.create()` invocation in\n/Users/guillaume_deramchi/Documents/hack-the-gap/mobile-app/backend/src/services/user-sync.service.ts:31:34\n\n  28 \n  29 if (!user) {\n  30   // Create new user\n→ 31   user = await prisma.user.create(\nUnique constraint failed on the fields: (`email`)\n    at $n.handleRequestError (/Users/guillaume_deramchi/Documents/hack-the-gap/mobile-app/backend/node_modules/@prisma/client/runtime/library.js:121:7315)\n    at $n.handleAndLogRequestError (/Users/guillaume_deramchi/Documents/hack-the-gap/mobile-app/backend/node_modules/@prisma/client/runtime/library.js:121:6623)\n    at $n.request (/Users/guillaume_deramchi/Documents/hack-the-gap/mobile-app/backend/node_modules/@prisma/client/runtime/library.js:121:6307)\n    at l (/Users/guillaume_deramchi/Documents/hack-the-gap/mobile-app/backend/node_modules/@prisma/client/runtime/library.js:130:9633)\n    at UserSyncService.syncUser (/Users/guillaume_deramchi/Documents/hack-the-gap/mobile-app/backend/src/services/user-sync.service.ts:31:16)\n    at optionalAuthMiddleware (/Users/guillaume_deramchi/Documents/hack-the-gap/mobile-app/backend/src/middleware/auth.ts:98:11)","timestamp":"2025-11-16T04:31:54.469Z"}
[32minfo[39m: GET /api/engagement/my-subscription {"ip":"::ffff:10.80.222.54","timestamp":"2025-11-16T04:32:04.363Z","userAgent":"Expo/1017756 CFNetwork/3860.300.31 Darwin/25.2.0"}
[32minfo[39m: Updated user from Supabase: guiguider31@gmail.com {"timestamp":"2025-11-16T04:32:04.547Z"}
[32minfo[39m: POST /api/community/signals {"ip":"::ffff:10.80.222.54","timestamp":"2025-11-16T04:32:10.767Z","userAgent":"Expo/1017756 CFNetwork/3860.300.31 Darwin/25.2.0"}
[32minfo[39m: Updated user from Supabase: guiguider31@gmail.com {"timestamp":"2025-11-16T04:32:10.970Z"}
[32minfo[39m: Created signal 5f930439-7e76-4f2d-9491-9de77d29ee98 by user 14d2b8a5-3fb5-4129-ae57-5507b19f4a48 {"timestamp":"2025-11-16T04:32:11.769Z"}
[32minfo[39m: User 14d2b8a5-3fb5-4129-ae57-5507b19f4a48 report count: 1/5 {"timestamp":"2025-11-16T04:32:11.981Z"}
[32minfo[39m: 🤖 Starting AI verification for signal 5f930439-7e76-4f2d-9491-9de77d29ee98... {"timestamp":"2025-11-16T04:32:12.259Z"}
[32minfo[39m: 🤖 AI response received: {
  "verified": false,
  "reason": "Claim is too vague; no details or evidence about PLK or incident.",
  "confidence": 10
}... {"timestamp":"2025-11-16T04:32:15.990Z"}
[32minfo[39m: 🤖 AI verdict: REJECTED - Claim is too vague; no details or evidence about PLK or incident. {"timestamp":"2025-11-16T04:32:15.991Z"}
[32minfo[39m: Signal 5f930439-7e76-4f2d-9491-9de77d29ee98 rejected: Claim is too vague; no details or evidence about PLK or incident. {"timestamp":"2025-11-16T04:32:16.083Z"}

================================================================================
📧 EMAIL NOTIFICATION
================================================================================
To: guiguider31@gmail.com
Subject: ❌ Your drama report was not approved
--------------------------------------------------------------------------------
Hello!

Thank you for your submission regarding PLK.

Unfortunately, your drama report could not be verified at this time.

Reason: Claim is too vague; no details or evidence about PLK or incident.

What you can do:
- Provide more specific details
- Include sources or evidence
- Ensure your report is factual and verifiable

You can submit a new report with more information.

Best regards,
The TrustFluencers Team
================================================================================

[31merror[39m: ❌ Failed to send email to guiguider31@gmail.com: You can only send testing emails to your own email address (gderamchi@gmail.com). To send emails to other recipients, please verify a domain at resend.com/domains, and change the `from` address to an email using this domain. {"name":"validation_error","statusCode":403,"timestamp":"2025-11-16T04:32:16.635Z"}
[32minfo[39m: GET /api/influencers/57385ba3-8db9-4aea-b769-9eab56117d81 {"ip":"::ffff:10.80.222.54","timestamp":"2025-11-16T04:32:16.902Z","userAgent":"Expo/1017756 CFNetwork/3860.300.31 Darwin/25.2.0"}
[32minfo[39m: GET /api/community/stats/57385ba3-8db9-4aea-b769-9eab56117d81 {"ip":"::ffff:10.80.222.54","timestamp":"2025-11-16T04:32:16.924Z","userAgent":"Expo/1017756 CFNetwork/3860.300.31 Darwin/25.2.0"}
[32minfo[39m: GET /api/community/signals/57385ba3-8db9-4aea-b769-9eab56117d81 {"ip":"::ffff:10.80.222.54","timestamp":"2025-11-16T04:32:16.926Z","userAgent":"Expo/1017756 CFNetwork/3860.300.31 Darwin/25.2.0"}
[32minfo[39m: GET /api/transparency/timeline/57385ba3-8db9-4aea-b769-9eab56117d81 {"ip":"::ffff:10.80.222.54","timestamp":"2025-11-16T04:32:16.928Z","userAgent":"Expo/1017756 CFNetwork/3860.300.31 Darwin/25.2.0"}
[32minfo[39m: GET /api/transparency/breakdown/57385ba3-8db9-4aea-b769-9eab56117d81 {"ip":"::ffff:10.80.222.54","timestamp":"2025-11-16T04:32:16.929Z","userAgent":"Expo/1017756 CFNetwork/3860.300.31 Darwin/25.2.0"}
[32minfo[39m: Updated user from Supabase: guiguider31@gmail.com {"timestamp":"2025-11-16T04:32:17.117Z"}
[INFO] 05:35:10 Restarting: /Users/guillaume_deramchi/Documents/hack-the-gap/mobile-app/backend/src/services/email.service.ts has been modified
⚠️  Node.js 18 and below are deprecated and will no longer be supported in future versions of @supabase/supabase-js. Please upgrade to Node.js 20 or later. For more information, visit: https://github.com/orgs/supabase/discussions/37217
Error: listen EADDRINUSE: address already in use :::3000
    at Server.setupListenHandle [as _listen2] (node:net:1817:16)
    at listenInCluster (node:net:1865:12)
    at Server.listen (node:net:1953:7)
    at Function.listen (/Users/guillaume_deramchi/Documents/hack-the-gap/mobile-app/backend/node_modules/express/lib/application.js:635:24)
    at Object.<anonymous> (/Users/guillaume_deramchi/Documents/hack-the-gap/mobile-app/backend/src/server.ts:97:7)
    at Module._compile (node:internal/modules/cjs/loader:1364:14)
    at Module._compile (/Users/guillaume_deramchi/Documents/hack-the-gap/mobile-app/backend/node_modules/source-map-support/source-map-support.js:568:25)
    at Module.m._compile (/private/var/folders/1z/jlh723cx58nbj81d9h354s3h0000gn/T/ts-node-dev-hook-15021421525981316.js:69:33)
    at Module._extensions..js (node:internal/modules/cjs/loader:1422:10)
    at require.extensions..jsx.require.extensions..js (/private/var/folders/1z/jlh723cx58nbj81d9h354s3h0000gn/T/ts-node-dev-hook-15021421525981316.js:114:20)
[ERROR] 05:35:11 Error: listen EADDRINUSE: address already in use :::3000
[INFO] 05:37:24 Restarting: /Users/guillaume_deramchi/Documents/hack-the-gap/mobile-app/backend/src/services/email.service.ts has been modified
⚠️  Node.js 18 and below are deprecated and will no longer be supported in future versions of @supabase/supabase-js. Please upgrade to Node.js 20 or later. For more information, visit: https://github.com/orgs/supabase/discussions/37217
Error: listen EADDRINUSE: address already in use :::3000
    at Server.setupListenHandle [as _listen2] (node:net:1817:16)
    at listenInCluster (node:net:1865:12)
    at Server.listen (node:net:1953:7)
    at Function.listen (/Users/guillaume_deramchi/Documents/hack-the-gap/mobile-app/backend/node_modules/express/lib/application.js:635:24)
    at Object.<anonymous> (/Users/guillaume_deramchi/Documents/hack-the-gap/mobile-app/backend/src/server.ts:97:7)
    at Module._compile (node:internal/modules/cjs/loader:1364:14)
    at Module._compile (/Users/guillaume_deramchi/Documents/hack-the-gap/mobile-app/backend/node_modules/source-map-support/source-map-support.js:568:25)
    at Module.m._compile (/private/var/folders/1z/jlh723cx58nbj81d9h354s3h0000gn/T/ts-node-dev-hook-15021421525981316.js:69:33)
    at Module._extensions..js (node:internal/modules/cjs/loader:1422:10)
    at require.extensions..jsx.require.extensions..js (/private/var/folders/1z/jlh723cx58nbj81d9h354s3h0000gn/T/ts-node-dev-hook-15021421525981316.js:114:20)
[ERROR] 05:37:25 Error: listen EADDRINUSE: address already in use :::3000
[INFO] 05:39:33 Restarting: /Users/guillaume_deramchi/Documents/hack-the-gap/mobile-app/backend/src/services/verification.service.ts has been modified
⚠️  Node.js 18 and below are deprecated and will no longer be supported in future versions of @supabase/supabase-js. Please upgrade to Node.js 20 or later. For more information, visit: https://github.com/orgs/supabase/discussions/37217
Error: listen EADDRINUSE: address already in use :::3000
    at Server.setupListenHandle [as _listen2] (node:net:1817:16)
    at listenInCluster (node:net:1865:12)
    at Server.listen (node:net:1953:7)
    at Function.listen (/Users/guillaume_deramchi/Documents/hack-the-gap/mobile-app/backend/node_modules/express/lib/application.js:635:24)
    at Object.<anonymous> (/Users/guillaume_deramchi/Documents/hack-the-gap/mobile-app/backend/src/server.ts:97:7)
    at Module._compile (node:internal/modules/cjs/loader:1364:14)
    at Module._compile (/Users/guillaume_deramchi/Documents/hack-the-gap/mobile-app/backend/node_modules/source-map-support/source-map-support.js:568:25)
    at Module.m._compile (/private/var/folders/1z/jlh723cx58nbj81d9h354s3h0000gn/T/ts-node-dev-hook-15021421525981316.js:69:33)
    at Module._extensions..js (node:internal/modules/cjs/loader:1422:10)
    at require.extensions..jsx.require.extensions..js (/private/var/folders/1z/jlh723cx58nbj81d9h354s3h0000gn/T/ts-node-dev-hook-15021421525981316.js:114:20)
[ERROR] 05:39:34 Error: listen EADDRINUSE: address already in use :::3000
[INFO] 05:39:53 Restarting: /Users/guillaume_deramchi/Documents/hack-the-gap/mobile-app/backend/src/services/verification.service.ts has been modified
⚠️  Node.js 18 and below are deprecated and will no longer be supported in future versions of @supabase/supabase-js. Please upgrade to Node.js 20 or later. For more information, visit: https://github.com/orgs/supabase/discussions/37217
Error: listen EADDRINUSE: address already in use :::3000
    at Server.setupListenHandle [as _listen2] (node:net:1817:16)
    at listenInCluster (node:net:1865:12)
    at Server.listen (node:net:1953:7)
    at Function.listen (/Users/guillaume_deramchi/Documents/hack-the-gap/mobile-app/backend/node_modules/express/lib/application.js:635:24)
    at Object.<anonymous> (/Users/guillaume_deramchi/Documents/hack-the-gap/mobile-app/backend/src/server.ts:97:7)
    at Module._compile (node:internal/modules/cjs/loader:1364:14)
    at Module._compile (/Users/guillaume_deramchi/Documents/hack-the-gap/mobile-app/backend/node_modules/source-map-support/source-map-support.js:568:25)
    at Module.m._compile (/private/var/folders/1z/jlh723cx58nbj81d9h354s3h0000gn/T/ts-node-dev-hook-15021421525981316.js:69:33)
    at Module._extensions..js (node:internal/modules/cjs/loader:1422:10)
    at require.extensions..jsx.require.extensions..js (/private/var/folders/1z/jlh723cx58nbj81d9h354s3h0000gn/T/ts-node-dev-hook-15021421525981316.js:114:20)
[ERROR] 05:39:54 Error: listen EADDRINUSE: address already in use :::3000
[INFO] 05:40:12 Restarting: /Users/guillaume_deramchi/Documents/hack-the-gap/mobile-app/backend/src/services/verification.service.ts has been modified
⚠️  Node.js 18 and below are deprecated and will no longer be supported in future versions of @supabase/supabase-js. Please upgrade to Node.js 20 or later. For more information, visit: https://github.com/orgs/supabase/discussions/37217
Error: listen EADDRINUSE: address already in use :::3000
    at Server.setupListenHandle [as _listen2] (node:net:1817:16)
    at listenInCluster (node:net:1865:12)
    at Server.listen (node:net:1953:7)
    at Function.listen (/Users/guillaume_deramchi/Documents/hack-the-gap/mobile-app/backend/node_modules/express/lib/application.js:635:24)
    at Object.<anonymous> (/Users/guillaume_deramchi/Documents/hack-the-gap/mobile-app/backend/src/server.ts:97:7)
    at Module._compile (node:internal/modules/cjs/loader:1364:14)
    at Module._compile (/Users/guillaume_deramchi/Documents/hack-the-gap/mobile-app/backend/node_modules/source-map-support/source-map-support.js:568:25)
    at Module.m._compile (/private/var/folders/1z/jlh723cx58nbj81d9h354s3h0000gn/T/ts-node-dev-hook-15021421525981316.js:69:33)
    at Module._extensions..js (node:internal/modules/cjs/loader:1422:10)
    at require.extensions..jsx.require.extensions..js (/private/var/folders/1z/jlh723cx58nbj81d9h354s3h0000gn/T/ts-node-dev-hook-15021421525981316.js:114:20)
[ERROR] 05:40:14 Error: listen EADDRINUSE: address already in use :::3000
[INFO] 05:43:11 Restarting: /Users/guillaume_deramchi/Documents/hack-the-gap/mobile-app/backend/src/services/user-sync.service.ts has been modified
⚠️  Node.js 18 and below are deprecated and will no longer be supported in future versions of @supabase/supabase-js. Please upgrade to Node.js 20 or later. For more information, visit: https://github.com/orgs/supabase/discussions/37217
Error: listen EADDRINUSE: address already in use :::3000
    at Server.setupListenHandle [as _listen2] (node:net:1817:16)
    at listenInCluster (node:net:1865:12)
    at Server.listen (node:net:1953:7)
    at Function.listen (/Users/guillaume_deramchi/Documents/hack-the-gap/mobile-app/backend/node_modules/express/lib/application.js:635:24)
    at Object.<anonymous> (/Users/guillaume_deramchi/Documents/hack-the-gap/mobile-app/backend/src/server.ts:97:7)
    at Module._compile (node:internal/modules/cjs/loader:1364:14)
    at Module._compile (/Users/guillaume_deramchi/Documents/hack-the-gap/mobile-app/backend/node_modules/source-map-support/source-map-support.js:568:25)
    at Module.m._compile (/private/var/folders/1z/jlh723cx58nbj81d9h354s3h0000gn/T/ts-node-dev-hook-15021421525981316.js:69:33)
    at Module._extensions..js (node:internal/modules/cjs/loader:1422:10)
    at require.extensions..jsx.require.extensions..js (/private/var/folders/1z/jlh723cx58nbj81d9h354s3h0000gn/T/ts-node-dev-hook-15021421525981316.js:114:20)
[ERROR] 05:43:12 Error: listen EADDRINUSE: address already in use :::3000
[INFO] 05:43:25 Restarting: /Users/guillaume_deramchi/Documents/hack-the-gap/mobile-app/backend/src/services/user-sync.service.ts has been modified
⚠️  Node.js 18 and below are deprecated and will no longer be supported in future versions of @supabase/supabase-js. Please upgrade to Node.js 20 or later. For more information, visit: https://github.com/orgs/supabase/discussions/37217
Error: listen EADDRINUSE: address already in use :::3000
    at Server.setupListenHandle [as _listen2] (node:net:1817:16)
    at listenInCluster (node:net:1865:12)
    at Server.listen (node:net:1953:7)
    at Function.listen (/Users/guillaume_deramchi/Documents/hack-the-gap/mobile-app/backend/node_modules/express/lib/application.js:635:24)
    at Object.<anonymous> (/Users/guillaume_deramchi/Documents/hack-the-gap/mobile-app/backend/src/server.ts:97:7)
    at Module._compile (node:internal/modules/cjs/loader:1364:14)
    at Module._compile (/Users/guillaume_deramchi/Documents/hack-the-gap/mobile-app/backend/node_modules/source-map-support/source-map-support.js:568:25)
    at Module.m._compile (/private/var/folders/1z/jlh723cx58nbj81d9h354s3h0000gn/T/ts-node-dev-hook-15021421525981316.js:69:33)
    at Module._extensions..js (node:internal/modules/cjs/loader:1422:10)
    at require.extensions..jsx.require.extensions..js (/private/var/folders/1z/jlh723cx58nbj81d9h354s3h0000gn/T/ts-node-dev-hook-15021421525981316.js:114:20)
[ERROR] 05:43:26 Error: listen EADDRINUSE: address already in use :::3000
[INFO] 13:33:10 Restarting: /Users/guillaume_deramchi/Documents/hack-the-gap/mobile-app/backend/src/services/community.service.ts has been modified
⚠️  Node.js 18 and below are deprecated and will no longer be supported in future versions of @supabase/supabase-js. Please upgrade to Node.js 20 or later. For more information, visit: https://github.com/orgs/supabase/discussions/37217
Error: listen EADDRINUSE: address already in use :::3000
    at Server.setupListenHandle [as _listen2] (node:net:1817:16)
    at listenInCluster (node:net:1865:12)
    at Server.listen (node:net:1953:7)
    at Function.listen (/Users/guillaume_deramchi/Documents/hack-the-gap/mobile-app/backend/node_modules/express/lib/application.js:635:24)
    at Object.<anonymous> (/Users/guillaume_deramchi/Documents/hack-the-gap/mobile-app/backend/src/server.ts:97:7)
    at Module._compile (node:internal/modules/cjs/loader:1364:14)
    at Module._compile (/Users/guillaume_deramchi/Documents/hack-the-gap/mobile-app/backend/node_modules/source-map-support/source-map-support.js:568:25)
    at Module.m._compile (/private/var/folders/1z/jlh723cx58nbj81d9h354s3h0000gn/T/ts-node-dev-hook-15021421525981316.js:69:33)
    at Module._extensions..js (node:internal/modules/cjs/loader:1422:10)
    at require.extensions..jsx.require.extensions..js (/private/var/folders/1z/jlh723cx58nbj81d9h354s3h0000gn/T/ts-node-dev-hook-15021421525981316.js:114:20)
[ERROR] 13:33:12 Error: listen EADDRINUSE: address already in use :::3000
[INFO] 13:33:38 Restarting: /Users/guillaume_deramchi/Documents/hack-the-gap/mobile-app/backend/src/services/community.service.ts has been modified
Compilation error in /Users/guillaume_deramchi/Documents/hack-the-gap/mobile-app/backend/src/services/community.service.ts
⚠️  Node.js 18 and below are deprecated and will no longer be supported in future versions of @supabase/supabase-js. Please upgrade to Node.js 20 or later. For more information, visit: https://github.com/orgs/supabase/discussions/37217
[ERROR] 13:33:40 ⨯ Unable to compile TypeScript:
src/services/community.service.ts(242,18): error TS1127: Invalid character.
src/services/community.service.ts(242,19): error TS1127: Invalid character.

[INFO] 13:36:27 Restarting: /Users/guillaume_deramchi/Documents/hack-the-gap/mobile-app/backend/src/services/community.service.ts has been modified
⚠️  Node.js 18 and below are deprecated and will no longer be supported in future versions of @supabase/supabase-js. Please upgrade to Node.js 20 or later. For more information, visit: https://github.com/orgs/supabase/discussions/37217
[ERROR] 13:36:29 ⨯ Unable to compile TypeScript:
src/services/community.service.ts(242,18): error TS1127: Invalid character.
src/services/community.service.ts(242,19): error TS1127: Invalid character.

[INFO] 13:37:31 Restarting: /Users/guillaume_deramchi/Documents/hack-the-gap/mobile-app/backend/src/services/community.service.ts has been modified
⚠️  Node.js 18 and below are deprecated and will no longer be supported in future versions of @supabase/supabase-js. Please upgrade to Node.js 20 or later. For more information, visit: https://github.com/orgs/supabase/discussions/37217
