
> trustfluencers-backend@1.0.0 dev
> ts-node-dev --respawn --transpile-only src/server.ts

[INFO] 13:38:06 ts-node-dev ver. 2.0.0 (using ts-node ver. 10.9.2, typescript ver. 5.9.3)
⚠️  Node.js 18 and below are deprecated and will no longer be supported in future versions of @supabase/supabase-js. Please upgrade to Node.js 20 or later. For more information, visit: https://github.com/orgs/supabase/discussions/37217
[32minfo[39m: 🚀 Server running on port 3000 {"timestamp":"2025-11-16T12:38:07.037Z"}
[32minfo[39m: 📊 Environment: development {"timestamp":"2025-11-16T12:38:07.038Z"}
[32minfo[39m: 🔗 Health check: http://localhost:3000/api/health {"timestamp":"2025-11-16T12:38:07.038Z"}
[32minfo[39m: GET /api/health {"ip":"::1","timestamp":"2025-11-16T12:38:30.954Z","userAgent":"curl/8.7.1"}
[32minfo[39m: GET /api/influencers {"ip":"::1","timestamp":"2025-11-16T12:43:57.782Z","userAgent":"curl/8.7.1"}
[32minfo[39m: GET /api/engagement/leaderboard/top-contributors {"ip":"::1","timestamp":"2025-11-16T12:46:54.090Z","userAgent":"curl/8.7.1"}
[32minfo[39m: GET /api/health {"ip":"::1","timestamp":"2025-11-16T12:49:39.583Z","userAgent":"curl/8.7.1"}
[32minfo[39m: GET /api/influencers {"ip":"::1","timestamp":"2025-11-16T12:49:39.617Z","userAgent":"curl/8.7.1"}
[32minfo[39m: GET /api/influencers {"ip":"::1","timestamp":"2025-11-16T12:49:39.996Z","userAgent":"curl/8.7.1"}
[32minfo[39m: GET /api/influencers {"ip":"::1","timestamp":"2025-11-16T12:49:40.161Z","userAgent":"curl/8.7.1"}
[32minfo[39m: GET /api/influencers {"ip":"::1","timestamp":"2025-11-16T12:49:40.382Z","userAgent":"curl/8.7.1"}
[32minfo[39m: GET /api/influencers/7d5b25f7-65f4-47d0-83c6-26690b6e3f60 {"ip":"::1","timestamp":"2025-11-16T12:49:40.507Z","userAgent":"curl/8.7.1"}
[32minfo[39m: GET /api/engagement/leaderboard/top-rated {"ip":"::1","timestamp":"2025-11-16T12:49:40.705Z","userAgent":"curl/8.7.1"}
[32minfo[39m: GET /api/engagement/leaderboard/trending {"ip":"::1","timestamp":"2025-11-16T12:49:40.969Z","userAgent":"curl/8.7.1"}
[32minfo[39m: GET /api/engagement/leaderboard/most-improved {"ip":"::1","timestamp":"2025-11-16T12:49:41.189Z","userAgent":"curl/8.7.1"}
[31merror[39m: Error getting most improved: 
Invalid `prisma.$queryRaw()` invocation:


Raw query failed. Code: `42P01`. Message: `relation "influencer" does not exist` {"clientVersion":"5.22.0","code":"P2010","meta":{"code":"42P01","message":"relation \"influencer\" does not exist"},"name":"PrismaClientKnownRequestError","stack":"PrismaClientKnownRequestError: \nInvalid `prisma.$queryRaw()` invocation:\n\n\nRaw query failed. Code: `42P01`. Message: `relation \"influencer\" does not exist`\n    at $n.handleRequestError (/Users/guillaume_deramchi/Documents/hack-the-gap/mobile-app/backend/node_modules/@prisma/client/runtime/library.js:121:7315)\n    at $n.handleAndLogRequestError (/Users/guillaume_deramchi/Documents/hack-the-gap/mobile-app/backend/node_modules/@prisma/client/runtime/library.js:121:6623)\n    at $n.request (/Users/guillaume_deramchi/Documents/hack-the-gap/mobile-app/backend/node_modules/@prisma/client/runtime/library.js:121:6307)\n    at l (/Users/guillaume_deramchi/Documents/hack-the-gap/mobile-app/backend/node_modules/@prisma/client/runtime/library.js:130:9633)\n    at LeaderboardService.getMostImproved (/Users/guillaume_deramchi/Documents/hack-the-gap/mobile-app/backend/src/services/leaderboard.service.ts:48:25)\n    at /Users/guillaume_deramchi/Documents/hack-the-gap/mobile-app/backend/src/routes/engagement.routes.ts:45:25","timestamp":"2025-11-16T12:49:41.429Z"}
[32minfo[39m: GET /api/engagement/leaderboard/highest-risk {"ip":"::1","timestamp":"2025-11-16T12:49:41.472Z","userAgent":"curl/8.7.1"}
[31merror[39m: Error getting highest risk: 
Invalid `prisma.$queryRaw()` invocation:


Raw query failed. Code: `42P01`. Message: `relation "influencer" does not exist` {"clientVersion":"5.22.0","code":"P2010","meta":{"code":"42P01","message":"relation \"influencer\" does not exist"},"name":"PrismaClientKnownRequestError","stack":"PrismaClientKnownRequestError: \nInvalid `prisma.$queryRaw()` invocation:\n\n\nRaw query failed. Code: `42P01`. Message: `relation \"influencer\" does not exist`\n    at $n.handleRequestError (/Users/guillaume_deramchi/Documents/hack-the-gap/mobile-app/backend/node_modules/@prisma/client/runtime/library.js:121:7315)\n    at $n.handleAndLogRequestError (/Users/guillaume_deramchi/Documents/hack-the-gap/mobile-app/backend/node_modules/@prisma/client/runtime/library.js:121:6623)\n    at $n.request (/Users/guillaume_deramchi/Documents/hack-the-gap/mobile-app/backend/node_modules/@prisma/client/runtime/library.js:121:6307)\n    at l (/Users/guillaume_deramchi/Documents/hack-the-gap/mobile-app/backend/node_modules/@prisma/client/runtime/library.js:130:9633)\n    at LeaderboardService.getHighestRisk (/Users/guillaume_deramchi/Documents/hack-the-gap/mobile-app/backend/src/services/leaderboard.service.ts:96:25)\n    at /Users/guillaume_deramchi/Documents/hack-the-gap/mobile-app/backend/src/routes/engagement.routes.ts:70:25","timestamp":"2025-11-16T12:49:41.549Z"}
[32minfo[39m: GET /api/engagement/leaderboard/top-contributors {"ip":"::1","timestamp":"2025-11-16T12:49:41.589Z","userAgent":"curl/8.7.1"}
[32minfo[39m: GET /api/engagement/leaderboard/top-contributors {"ip":"::1","timestamp":"2025-11-16T12:49:41.897Z","userAgent":"curl/8.7.1"}
[32minfo[39m: GET /api/engagement/leaderboard/top-contributors {"ip":"::1","timestamp":"2025-11-16T12:49:42.105Z","userAgent":"curl/8.7.1"}
[32minfo[39m: GET /api/engagement/leaderboard/top-contributors {"ip":"::1","timestamp":"2025-11-16T12:49:42.396Z","userAgent":"curl/8.7.1"}
[32minfo[39m: GET /api/engagement/leaderboard/active-users {"ip":"::1","timestamp":"2025-11-16T12:49:42.633Z","userAgent":"curl/8.7.1"}
[32minfo[39m: GET /api/engagement/top-users {"ip":"::1","timestamp":"2025-11-16T12:49:42.931Z","userAgent":"curl/8.7.1"}
[INFO] 13:50:20 Restarting: /Users/guillaume_deramchi/Documents/hack-the-gap/mobile-app/backend/src/services/leaderboard.service.ts has been modified
⚠️  Node.js 18 and below are deprecated and will no longer be supported in future versions of @supabase/supabase-js. Please upgrade to Node.js 20 or later. For more information, visit: https://github.com/orgs/supabase/discussions/37217
[32minfo[39m: 🚀 Server running on port 3000 {"timestamp":"2025-11-16T12:50:21.159Z"}
[32minfo[39m: 📊 Environment: development {"timestamp":"2025-11-16T12:50:21.160Z"}
[32minfo[39m: 🔗 Health check: http://localhost:3000/api/health {"timestamp":"2025-11-16T12:50:21.161Z"}
[INFO] 13:50:42 Restarting: /Users/guillaume_deramchi/Documents/hack-the-gap/mobile-app/backend/src/services/leaderboard.service.ts has been modified
⚠️  Node.js 18 and below are deprecated and will no longer be supported in future versions of @supabase/supabase-js. Please upgrade to Node.js 20 or later. For more information, visit: https://github.com/orgs/supabase/discussions/37217
[32minfo[39m: 🚀 Server running on port 3000 {"timestamp":"2025-11-16T12:50:42.860Z"}
[32minfo[39m: 📊 Environment: development {"timestamp":"2025-11-16T12:50:42.861Z"}
[32minfo[39m: 🔗 Health check: http://localhost:3000/api/health {"timestamp":"2025-11-16T12:50:42.861Z"}
[32minfo[39m: GET /api/health {"ip":"::1","timestamp":"2025-11-16T12:50:56.710Z","userAgent":"curl/8.7.1"}
[32minfo[39m: GET /api/influencers {"ip":"::1","timestamp":"2025-11-16T12:50:56.758Z","userAgent":"curl/8.7.1"}
[32minfo[39m: GET /api/influencers {"ip":"::1","timestamp":"2025-11-16T12:50:57.152Z","userAgent":"curl/8.7.1"}
[32minfo[39m: GET /api/influencers {"ip":"::1","timestamp":"2025-11-16T12:50:57.281Z","userAgent":"curl/8.7.1"}
[32minfo[39m: GET /api/influencers {"ip":"::1","timestamp":"2025-11-16T12:50:57.476Z","userAgent":"curl/8.7.1"}
[32minfo[39m: GET /api/influencers/7d5b25f7-65f4-47d0-83c6-26690b6e3f60 {"ip":"::1","timestamp":"2025-11-16T12:50:57.622Z","userAgent":"curl/8.7.1"}
[32minfo[39m: GET /api/engagement/leaderboard/top-rated {"ip":"::1","timestamp":"2025-11-16T12:50:57.820Z","userAgent":"curl/8.7.1"}
[32minfo[39m: GET /api/engagement/leaderboard/trending {"ip":"::1","timestamp":"2025-11-16T12:50:58.232Z","userAgent":"curl/8.7.1"}
[32minfo[39m: GET /api/engagement/leaderboard/most-improved {"ip":"::1","timestamp":"2025-11-16T12:50:58.531Z","userAgent":"curl/8.7.1"}
[32minfo[39m: GET /api/engagement/leaderboard/highest-risk {"ip":"::1","timestamp":"2025-11-16T12:50:58.664Z","userAgent":"curl/8.7.1"}
[32minfo[39m: GET /api/engagement/leaderboard/top-contributors {"ip":"::1","timestamp":"2025-11-16T12:50:58.784Z","userAgent":"curl/8.7.1"}
[32minfo[39m: GET /api/engagement/leaderboard/top-contributors {"ip":"::1","timestamp":"2025-11-16T12:50:59.063Z","userAgent":"curl/8.7.1"}
[32minfo[39m: GET /api/engagement/leaderboard/top-contributors {"ip":"::1","timestamp":"2025-11-16T12:50:59.305Z","userAgent":"curl/8.7.1"}
[32minfo[39m: GET /api/engagement/leaderboard/top-contributors {"ip":"::1","timestamp":"2025-11-16T12:50:59.594Z","userAgent":"curl/8.7.1"}
[32minfo[39m: GET /api/engagement/leaderboard/active-users {"ip":"::1","timestamp":"2025-11-16T12:50:59.802Z","userAgent":"curl/8.7.1"}
[32minfo[39m: GET /api/engagement/top-users {"ip":"::1","timestamp":"2025-11-16T12:51:00.097Z","userAgent":"curl/8.7.1"}
