
> trustfluencers-backend@1.0.0 dev
> ts-node-dev --respawn --transpile-only src/server.ts

[INFO] 05:35:37 ts-node-dev ver. 2.0.0 (using ts-node ver. 10.9.2, typescript ver. 5.9.3)
⚠️  Node.js 18 and below are deprecated and will no longer be supported in future versions of @supabase/supabase-js. Please upgrade to Node.js 20 or later. For more information, visit: https://github.com/orgs/supabase/discussions/37217
[32minfo[39m: 🚀 Server running on port 3000 {"timestamp":"2025-11-16T04:35:38.263Z"}
[32minfo[39m: 📊 Environment: development {"timestamp":"2025-11-16T04:35:38.264Z"}
[32minfo[39m: 🔗 Health check: http://localhost:3000/api/health {"timestamp":"2025-11-16T04:35:38.264Z"}
[32minfo[39m: GET /api/influencers/b54708d5-3981-4a9e-a1ff-69652ee920b5 {"ip":"::ffff:10.80.222.54","timestamp":"2025-11-16T04:36:09.340Z","userAgent":"Expo/1017756 CFNetwork/3860.300.31 Darwin/25.2.0"}
[32minfo[39m: GET /api/engagement/my-subscription {"ip":"::ffff:10.80.222.54","timestamp":"2025-11-16T04:36:09.967Z","userAgent":"Expo/1017756 CFNetwork/3860.300.31 Darwin/25.2.0"}
[32minfo[39m: GET /api/transparency/breakdown/b54708d5-3981-4a9e-a1ff-69652ee920b5 {"ip":"::ffff:10.80.222.54","timestamp":"2025-11-16T04:36:09.982Z","userAgent":"Expo/1017756 CFNetwork/3860.300.31 Darwin/25.2.0"}
[32minfo[39m: GET /api/community/stats/b54708d5-3981-4a9e-a1ff-69652ee920b5 {"ip":"::ffff:10.80.222.54","timestamp":"2025-11-16T04:36:09.984Z","userAgent":"Expo/1017756 CFNetwork/3860.300.31 Darwin/25.2.0"}
[32minfo[39m: GET /api/community/signals/b54708d5-3981-4a9e-a1ff-69652ee920b5 {"ip":"::ffff:10.80.222.54","timestamp":"2025-11-16T04:36:09.985Z","userAgent":"Expo/1017756 CFNetwork/3860.300.31 Darwin/25.2.0"}
[32minfo[39m: GET /api/transparency/timeline/b54708d5-3981-4a9e-a1ff-69652ee920b5 {"ip":"::ffff:10.80.222.54","timestamp":"2025-11-16T04:36:09.987Z","userAgent":"Expo/1017756 CFNetwork/3860.300.31 Darwin/25.2.0"}
[32minfo[39m: Updated user from Supabase: guiguider31@gmail.com {"timestamp":"2025-11-16T04:36:10.576Z"}
[32minfo[39m: Updated user from Supabase: guiguider31@gmail.com {"timestamp":"2025-11-16T04:36:10.813Z"}
[32minfo[39m: GET /api/influencers/c6931dea-6a10-4727-9197-2568fbb06bab {"ip":"::ffff:10.80.222.54","timestamp":"2025-11-16T04:36:11.390Z","userAgent":"Expo/1017756 CFNetwork/3860.300.31 Darwin/25.2.0"}
[32minfo[39m: GET /api/engagement/my-subscription {"ip":"::ffff:10.80.222.54","timestamp":"2025-11-16T04:36:11.656Z","userAgent":"Expo/1017756 CFNetwork/3860.300.31 Darwin/25.2.0"}
[32minfo[39m: GET /api/community/signals/c6931dea-6a10-4727-9197-2568fbb06bab {"ip":"::ffff:10.80.222.54","timestamp":"2025-11-16T04:36:11.661Z","userAgent":"Expo/1017756 CFNetwork/3860.300.31 Darwin/25.2.0"}
[32minfo[39m: GET /api/transparency/breakdown/c6931dea-6a10-4727-9197-2568fbb06bab {"ip":"::ffff:10.80.222.54","timestamp":"2025-11-16T04:36:11.663Z","userAgent":"Expo/1017756 CFNetwork/3860.300.31 Darwin/25.2.0"}
[32minfo[39m: GET /api/transparency/timeline/c6931dea-6a10-4727-9197-2568fbb06bab {"ip":"::ffff:10.80.222.54","timestamp":"2025-11-16T04:36:11.664Z","userAgent":"Expo/1017756 CFNetwork/3860.300.31 Darwin/25.2.0"}
[32minfo[39m: GET /api/community/stats/c6931dea-6a10-4727-9197-2568fbb06bab {"ip":"::ffff:10.80.222.54","timestamp":"2025-11-16T04:36:11.665Z","userAgent":"Expo/1017756 CFNetwork/3860.300.31 Darwin/25.2.0"}
[32minfo[39m: Updated user from Supabase: guiguider31@gmail.com {"timestamp":"2025-11-16T04:36:11.971Z"}
[32minfo[39m: Updated user from Supabase: guiguider31@gmail.com {"timestamp":"2025-11-16T04:36:11.998Z"}
[32minfo[39m: GET /api/engagement/my-subscription {"ip":"::ffff:10.80.222.54","timestamp":"2025-11-16T04:36:15.742Z","userAgent":"Expo/1017756 CFNetwork/3860.300.31 Darwin/25.2.0"}
[32minfo[39m: Updated user from Supabase: guiguider31@gmail.com {"timestamp":"2025-11-16T04:36:16.036Z"}
[32minfo[39m: POST /api/community/signals {"ip":"::ffff:10.80.222.54","timestamp":"2025-11-16T04:36:20.334Z","userAgent":"Expo/1017756 CFNetwork/3860.300.31 Darwin/25.2.0"}
[32minfo[39m: Updated user from Supabase: guiguider31@gmail.com {"timestamp":"2025-11-16T04:36:20.546Z"}
[32minfo[39m: Created signal a15cd3d5-805a-450e-bdb6-60aa7334cb12 by user 14d2b8a5-3fb5-4129-ae57-5507b19f4a48 {"timestamp":"2025-11-16T04:36:21.361Z"}
[32minfo[39m: User 14d2b8a5-3fb5-4129-ae57-5507b19f4a48 report count: 2/5 {"timestamp":"2025-11-16T04:36:21.551Z"}
[32minfo[39m: 🤖 Starting AI verification for signal a15cd3d5-805a-450e-bdb6-60aa7334cb12... {"timestamp":"2025-11-16T04:36:21.946Z"}
[32minfo[39m: 🤖 AI response received: {
  "verified": false,
  "reason": "Claim is vague, no evidence Ninho sells drugs; lacks specifics or context.",
  "confidence": 95
}... {"timestamp":"2025-11-16T04:36:26.762Z"}
[32minfo[39m: 🤖 AI verdict: REJECTED - Claim is vague, no evidence Ninho sells drugs; lacks specifics or context. {"timestamp":"2025-11-16T04:36:26.762Z"}
[32minfo[39m: Signal a15cd3d5-805a-450e-bdb6-60aa7334cb12 rejected: Claim is vague, no evidence Ninho sells drugs; lacks specifics or context. {"timestamp":"2025-11-16T04:36:26.858Z"}

================================================================================
📧 EMAIL NOTIFICATION
================================================================================
To: guiguider31@gmail.com
Subject: ❌ Your drama report was not approved
--------------------------------------------------------------------------------
Hello!

Thank you for your submission regarding Ninho.

Unfortunately, your drama report could not be verified at this time.

Reason: Claim is vague, no evidence Ninho sells drugs; lacks specifics or context.

What you can do:
- Provide more specific details
- Include sources or evidence
- Ensure your report is factual and verifiable

You can submit a new report with more information.

Best regards,
The TrustFluencers Team
================================================================================

[32minfo[39m: ✅ REAL EMAIL SENT to gderamchi@gmail.com (ID: 35189a8f-0251-403a-9bd3-68bc4898a87f) {"timestamp":"2025-11-16T04:36:27.529Z"}
[32minfo[39m: 📧 [TEST MODE] Email for guiguider31@gmail.com sent to gderamchi@gmail.com {"timestamp":"2025-11-16T04:36:27.529Z"}
[32minfo[39m: 📧 Check your inbox! {"timestamp":"2025-11-16T04:36:27.530Z"}
[32minfo[39m: GET /api/influencers/c6931dea-6a10-4727-9197-2568fbb06bab {"ip":"::ffff:10.80.222.54","timestamp":"2025-11-16T04:36:27.696Z","userAgent":"Expo/1017756 CFNetwork/3860.300.31 Darwin/25.2.0"}
[32minfo[39m: GET /api/transparency/timeline/c6931dea-6a10-4727-9197-2568fbb06bab {"ip":"::ffff:10.80.222.54","timestamp":"2025-11-16T04:36:27.719Z","userAgent":"Expo/1017756 CFNetwork/3860.300.31 Darwin/25.2.0"}
[32minfo[39m: GET /api/community/stats/c6931dea-6a10-4727-9197-2568fbb06bab {"ip":"::ffff:10.80.222.54","timestamp":"2025-11-16T04:36:27.720Z","userAgent":"Expo/1017756 CFNetwork/3860.300.31 Darwin/25.2.0"}
[32minfo[39m: GET /api/community/signals/c6931dea-6a10-4727-9197-2568fbb06bab {"ip":"::ffff:10.80.222.54","timestamp":"2025-11-16T04:36:27.720Z","userAgent":"Expo/1017756 CFNetwork/3860.300.31 Darwin/25.2.0"}
[32minfo[39m: GET /api/transparency/breakdown/c6931dea-6a10-4727-9197-2568fbb06bab {"ip":"::ffff:10.80.222.54","timestamp":"2025-11-16T04:36:27.722Z","userAgent":"Expo/1017756 CFNetwork/3860.300.31 Darwin/25.2.0"}
[32minfo[39m: Updated user from Supabase: guiguider31@gmail.com {"timestamp":"2025-11-16T04:36:28.031Z"}
[32minfo[39m: GET /api/engagement/my-subscription {"ip":"::ffff:10.80.222.54","timestamp":"2025-11-16T04:37:03.279Z","userAgent":"Expo/1017756 CFNetwork/3860.300.31 Darwin/25.2.0"}
[32minfo[39m: Updated user from Supabase: guiguider31@gmail.com {"timestamp":"2025-11-16T04:37:03.559Z"}
[32minfo[39m: POST /api/community/signals {"ip":"::ffff:10.80.222.54","timestamp":"2025-11-16T04:37:11.889Z","userAgent":"Expo/1017756 CFNetwork/3860.300.31 Darwin/25.2.0"}
[32minfo[39m: Updated user from Supabase: guiguider31@gmail.com {"timestamp":"2025-11-16T04:37:12.174Z"}
[32minfo[39m: Created signal 6e87d988-601a-4b24-9f11-5861e66720de by user 14d2b8a5-3fb5-4129-ae57-5507b19f4a48 {"timestamp":"2025-11-16T04:37:12.798Z"}
[32minfo[39m: User 14d2b8a5-3fb5-4129-ae57-5507b19f4a48 report count: 3/5 {"timestamp":"2025-11-16T04:37:13.120Z"}
[32minfo[39m: 🤖 Starting AI verification for signal 6e87d988-601a-4b24-9f11-5861e66720de... {"timestamp":"2025-11-16T04:37:13.300Z"}
[32minfo[39m: 🤖 AI response received: {
  "verified": false,
  "reason": "Claim is too vague; no specific positive action or event mentioned.",
  "confidence": 95
}... {"timestamp":"2025-11-16T04:37:17.005Z"}
[32minfo[39m: 🤖 AI verdict: REJECTED - Claim is too vague; no specific positive action or event mentioned. {"timestamp":"2025-11-16T04:37:17.005Z"}
[32minfo[39m: Signal 6e87d988-601a-4b24-9f11-5861e66720de rejected: Claim is too vague; no specific positive action or event mentioned. {"timestamp":"2025-11-16T04:37:17.100Z"}

================================================================================
📧 EMAIL NOTIFICATION
================================================================================
To: guiguider31@gmail.com
Subject: ❌ Your positive action report was not approved
--------------------------------------------------------------------------------
Hello!

Thank you for your submission regarding Ninho.

Unfortunately, your positive action report could not be verified at this time.

Reason: Claim is too vague; no specific positive action or event mentioned.

What you can do:
- Provide more specific details
- Include sources or evidence
- Ensure your report is factual and verifiable

You can submit a new report with more information.

Best regards,
The TrustFluencers Team
================================================================================

[32minfo[39m: ✅ REAL EMAIL SENT to gderamchi@gmail.com (ID: 082c7445-9843-4fed-bb21-71eb56b9cfee) {"timestamp":"2025-11-16T04:37:17.902Z"}
[32minfo[39m: 📧 [TEST MODE] Email for guiguider31@gmail.com sent to gderamchi@gmail.com {"timestamp":"2025-11-16T04:37:17.903Z"}
[32minfo[39m: 📧 Check your inbox! {"timestamp":"2025-11-16T04:37:17.903Z"}
[32minfo[39m: GET /api/influencers/c6931dea-6a10-4727-9197-2568fbb06bab {"ip":"::ffff:10.80.222.54","timestamp":"2025-11-16T04:37:18.069Z","userAgent":"Expo/1017756 CFNetwork/3860.300.31 Darwin/25.2.0"}
[32minfo[39m: GET /api/community/stats/c6931dea-6a10-4727-9197-2568fbb06bab {"ip":"::ffff:10.80.222.54","timestamp":"2025-11-16T04:37:18.098Z","userAgent":"Expo/1017756 CFNetwork/3860.300.31 Darwin/25.2.0"}
[32minfo[39m: GET /api/community/signals/c6931dea-6a10-4727-9197-2568fbb06bab {"ip":"::ffff:10.80.222.54","timestamp":"2025-11-16T04:37:18.099Z","userAgent":"Expo/1017756 CFNetwork/3860.300.31 Darwin/25.2.0"}
[32minfo[39m: GET /api/transparency/timeline/c6931dea-6a10-4727-9197-2568fbb06bab {"ip":"::ffff:10.80.222.54","timestamp":"2025-11-16T04:37:18.099Z","userAgent":"Expo/1017756 CFNetwork/3860.300.31 Darwin/25.2.0"}
[32minfo[39m: GET /api/transparency/breakdown/c6931dea-6a10-4727-9197-2568fbb06bab {"ip":"::ffff:10.80.222.54","timestamp":"2025-11-16T04:37:18.100Z","userAgent":"Expo/1017756 CFNetwork/3860.300.31 Darwin/25.2.0"}
[32minfo[39m: Updated user from Supabase: guiguider31@gmail.com {"timestamp":"2025-11-16T04:37:18.408Z"}
[INFO] 05:37:24 Restarting: /Users/guillaume_deramchi/Documents/hack-the-gap/mobile-app/backend/src/services/email.service.ts has been modified
⚠️  Node.js 18 and below are deprecated and will no longer be supported in future versions of @supabase/supabase-js. Please upgrade to Node.js 20 or later. For more information, visit: https://github.com/orgs/supabase/discussions/37217
Error: listen EADDRINUSE: address already in use :::3000
    at Server.setupListenHandle [as _listen2] (node:net:1817:16)
    at listenInCluster (node:net:1865:12)
    at Server.listen (node:net:1953:7)
    at Function.listen (/Users/guillaume_deramchi/Documents/hack-the-gap/mobile-app/backend/node_modules/express/lib/application.js:635:24)
    at Object.<anonymous> (/Users/guillaume_deramchi/Documents/hack-the-gap/mobile-app/backend/src/server.ts:97:7)
    at Module._compile (node:internal/modules/cjs/loader:1364:14)
    at Module._compile (/Users/guillaume_deramchi/Documents/hack-the-gap/mobile-app/backend/node_modules/source-map-support/source-map-support.js:568:25)
    at Module.m._compile (/private/var/folders/1z/jlh723cx58nbj81d9h354s3h0000gn/T/ts-node-dev-hook-3018592338368524.js:69:33)
    at Module._extensions..js (node:internal/modules/cjs/loader:1422:10)
    at require.extensions..jsx.require.extensions..js (/private/var/folders/1z/jlh723cx58nbj81d9h354s3h0000gn/T/ts-node-dev-hook-3018592338368524.js:114:20)
[ERROR] 05:37:25 Error: listen EADDRINUSE: address already in use :::3000
[INFO] 05:39:33 Restarting: /Users/guillaume_deramchi/Documents/hack-the-gap/mobile-app/backend/src/services/verification.service.ts has been modified
⚠️  Node.js 18 and below are deprecated and will no longer be supported in future versions of @supabase/supabase-js. Please upgrade to Node.js 20 or later. For more information, visit: https://github.com/orgs/supabase/discussions/37217
Error: listen EADDRINUSE: address already in use :::3000
    at Server.setupListenHandle [as _listen2] (node:net:1817:16)
    at listenInCluster (node:net:1865:12)
    at Server.listen (node:net:1953:7)
    at Function.listen (/Users/guillaume_deramchi/Documents/hack-the-gap/mobile-app/backend/node_modules/express/lib/application.js:635:24)
    at Object.<anonymous> (/Users/guillaume_deramchi/Documents/hack-the-gap/mobile-app/backend/src/server.ts:97:7)
    at Module._compile (node:internal/modules/cjs/loader:1364:14)
    at Module._compile (/Users/guillaume_deramchi/Documents/hack-the-gap/mobile-app/backend/node_modules/source-map-support/source-map-support.js:568:25)
    at Module.m._compile (/private/var/folders/1z/jlh723cx58nbj81d9h354s3h0000gn/T/ts-node-dev-hook-3018592338368524.js:69:33)
    at Module._extensions..js (node:internal/modules/cjs/loader:1422:10)
    at require.extensions..jsx.require.extensions..js (/private/var/folders/1z/jlh723cx58nbj81d9h354s3h0000gn/T/ts-node-dev-hook-3018592338368524.js:114:20)
[ERROR] 05:39:34 Error: listen EADDRINUSE: address already in use :::3000
[INFO] 05:39:53 Restarting: /Users/guillaume_deramchi/Documents/hack-the-gap/mobile-app/backend/src/services/verification.service.ts has been modified
⚠️  Node.js 18 and below are deprecated and will no longer be supported in future versions of @supabase/supabase-js. Please upgrade to Node.js 20 or later. For more information, visit: https://github.com/orgs/supabase/discussions/37217
Error: listen EADDRINUSE: address already in use :::3000
    at Server.setupListenHandle [as _listen2] (node:net:1817:16)
    at listenInCluster (node:net:1865:12)
    at Server.listen (node:net:1953:7)
    at Function.listen (/Users/guillaume_deramchi/Documents/hack-the-gap/mobile-app/backend/node_modules/express/lib/application.js:635:24)
    at Object.<anonymous> (/Users/guillaume_deramchi/Documents/hack-the-gap/mobile-app/backend/src/server.ts:97:7)
    at Module._compile (node:internal/modules/cjs/loader:1364:14)
    at Module._compile (/Users/guillaume_deramchi/Documents/hack-the-gap/mobile-app/backend/node_modules/source-map-support/source-map-support.js:568:25)
    at Module.m._compile (/private/var/folders/1z/jlh723cx58nbj81d9h354s3h0000gn/T/ts-node-dev-hook-3018592338368524.js:69:33)
    at Module._extensions..js (node:internal/modules/cjs/loader:1422:10)
    at require.extensions..jsx.require.extensions..js (/private/var/folders/1z/jlh723cx58nbj81d9h354s3h0000gn/T/ts-node-dev-hook-3018592338368524.js:114:20)
[ERROR] 05:39:54 Error: listen EADDRINUSE: address already in use :::3000
[INFO] 05:40:12 Restarting: /Users/guillaume_deramchi/Documents/hack-the-gap/mobile-app/backend/src/services/verification.service.ts has been modified
⚠️  Node.js 18 and below are deprecated and will no longer be supported in future versions of @supabase/supabase-js. Please upgrade to Node.js 20 or later. For more information, visit: https://github.com/orgs/supabase/discussions/37217
Error: listen EADDRINUSE: address already in use :::3000
    at Server.setupListenHandle [as _listen2] (node:net:1817:16)
    at listenInCluster (node:net:1865:12)
    at Server.listen (node:net:1953:7)
    at Function.listen (/Users/guillaume_deramchi/Documents/hack-the-gap/mobile-app/backend/node_modules/express/lib/application.js:635:24)
    at Object.<anonymous> (/Users/guillaume_deramchi/Documents/hack-the-gap/mobile-app/backend/src/server.ts:97:7)
    at Module._compile (node:internal/modules/cjs/loader:1364:14)
    at Module._compile (/Users/guillaume_deramchi/Documents/hack-the-gap/mobile-app/backend/node_modules/source-map-support/source-map-support.js:568:25)
    at Module.m._compile (/private/var/folders/1z/jlh723cx58nbj81d9h354s3h0000gn/T/ts-node-dev-hook-3018592338368524.js:69:33)
    at Module._extensions..js (node:internal/modules/cjs/loader:1422:10)
    at require.extensions..jsx.require.extensions..js (/private/var/folders/1z/jlh723cx58nbj81d9h354s3h0000gn/T/ts-node-dev-hook-3018592338368524.js:114:20)
[ERROR] 05:40:14 Error: listen EADDRINUSE: address already in use :::3000
[INFO] 05:43:11 Restarting: /Users/guillaume_deramchi/Documents/hack-the-gap/mobile-app/backend/src/services/user-sync.service.ts has been modified
⚠️  Node.js 18 and below are deprecated and will no longer be supported in future versions of @supabase/supabase-js. Please upgrade to Node.js 20 or later. For more information, visit: https://github.com/orgs/supabase/discussions/37217
Error: listen EADDRINUSE: address already in use :::3000
    at Server.setupListenHandle [as _listen2] (node:net:1817:16)
    at listenInCluster (node:net:1865:12)
    at Server.listen (node:net:1953:7)
    at Function.listen (/Users/guillaume_deramchi/Documents/hack-the-gap/mobile-app/backend/node_modules/express/lib/application.js:635:24)
    at Object.<anonymous> (/Users/guillaume_deramchi/Documents/hack-the-gap/mobile-app/backend/src/server.ts:97:7)
    at Module._compile (node:internal/modules/cjs/loader:1364:14)
    at Module._compile (/Users/guillaume_deramchi/Documents/hack-the-gap/mobile-app/backend/node_modules/source-map-support/source-map-support.js:568:25)
    at Module.m._compile (/private/var/folders/1z/jlh723cx58nbj81d9h354s3h0000gn/T/ts-node-dev-hook-3018592338368524.js:69:33)
    at Module._extensions..js (node:internal/modules/cjs/loader:1422:10)
    at require.extensions..jsx.require.extensions..js (/private/var/folders/1z/jlh723cx58nbj81d9h354s3h0000gn/T/ts-node-dev-hook-3018592338368524.js:114:20)
[ERROR] 05:43:12 Error: listen EADDRINUSE: address already in use :::3000
[INFO] 05:43:25 Restarting: /Users/guillaume_deramchi/Documents/hack-the-gap/mobile-app/backend/src/services/user-sync.service.ts has been modified
⚠️  Node.js 18 and below are deprecated and will no longer be supported in future versions of @supabase/supabase-js. Please upgrade to Node.js 20 or later. For more information, visit: https://github.com/orgs/supabase/discussions/37217
[32minfo[39m: 🚀 Server running on port 3000 {"timestamp":"2025-11-16T04:43:25.997Z"}
[32minfo[39m: 📊 Environment: development {"timestamp":"2025-11-16T04:43:25.998Z"}
[32minfo[39m: 🔗 Health check: http://localhost:3000/api/health {"timestamp":"2025-11-16T04:43:25.998Z"}
[32minfo[39m: GET /api/influencers {"ip":"::ffff:10.80.222.54","timestamp":"2025-11-16T04:45:18.317Z","userAgent":"Expo/1017756 CFNetwork/3860.300.31 Darwin/25.2.0"}
[32minfo[39m: GET /api/influencers/c6931dea-6a10-4727-9197-2568fbb06bab {"ip":"::ffff:10.80.222.54","timestamp":"2025-11-16T04:45:22.513Z","userAgent":"Expo/1017756 CFNetwork/3860.300.31 Darwin/25.2.0"}
[32minfo[39m: GET /api/engagement/my-subscription {"ip":"::ffff:10.80.222.54","timestamp":"2025-11-16T04:45:22.807Z","userAgent":"Expo/1017756 CFNetwork/3860.300.31 Darwin/25.2.0"}
[32minfo[39m: GET /api/community/signals/c6931dea-6a10-4727-9197-2568fbb06bab {"ip":"::ffff:10.80.222.54","timestamp":"2025-11-16T04:45:22.818Z","userAgent":"Expo/1017756 CFNetwork/3860.300.31 Darwin/25.2.0"}
[32minfo[39m: GET /api/community/stats/c6931dea-6a10-4727-9197-2568fbb06bab {"ip":"::ffff:10.80.222.54","timestamp":"2025-11-16T04:45:22.821Z","userAgent":"Expo/1017756 CFNetwork/3860.300.31 Darwin/25.2.0"}
[32minfo[39m: GET /api/transparency/breakdown/c6931dea-6a10-4727-9197-2568fbb06bab {"ip":"::ffff:10.80.222.54","timestamp":"2025-11-16T04:45:22.821Z","userAgent":"Expo/1017756 CFNetwork/3860.300.31 Darwin/25.2.0"}
[32minfo[39m: GET /api/transparency/timeline/c6931dea-6a10-4727-9197-2568fbb06bab {"ip":"::ffff:10.80.222.54","timestamp":"2025-11-16T04:45:22.822Z","userAgent":"Expo/1017756 CFNetwork/3860.300.31 Darwin/25.2.0"}
[32minfo[39m: Updated user from Supabase: guiguider31@gmail.com {"timestamp":"2025-11-16T04:45:23.145Z"}
[32minfo[39m: Updated user from Supabase: guiguider31@gmail.com {"timestamp":"2025-11-16T04:45:23.419Z"}
[32minfo[39m: GET /api/influencers {"ip":"::ffff:10.80.222.54","timestamp":"2025-11-16T04:48:36.572Z","userAgent":"Expo/1017756 CFNetwork/3860.300.31 Darwin/25.2.0"}
[32minfo[39m: GET /api/influencers/712088a5-3d60-4e32-9437-2088be4af2ed {"ip":"::ffff:10.80.222.54","timestamp":"2025-11-16T04:48:39.305Z","userAgent":"Expo/1017756 CFNetwork/3860.300.31 Darwin/25.2.0"}
[32minfo[39m: GET /api/engagement/my-subscription {"ip":"::ffff:10.80.222.54","timestamp":"2025-11-16T04:48:39.612Z","userAgent":"Expo/1017756 CFNetwork/3860.300.31 Darwin/25.2.0"}
[32minfo[39m: GET /api/community/stats/712088a5-3d60-4e32-9437-2088be4af2ed {"ip":"::ffff:10.80.222.54","timestamp":"2025-11-16T04:48:39.624Z","userAgent":"Expo/1017756 CFNetwork/3860.300.31 Darwin/25.2.0"}
[32minfo[39m: GET /api/community/signals/712088a5-3d60-4e32-9437-2088be4af2ed {"ip":"::ffff:10.80.222.54","timestamp":"2025-11-16T04:48:39.626Z","userAgent":"Expo/1017756 CFNetwork/3860.300.31 Darwin/25.2.0"}
[32minfo[39m: GET /api/transparency/breakdown/712088a5-3d60-4e32-9437-2088be4af2ed {"ip":"::ffff:10.80.222.54","timestamp":"2025-11-16T04:48:39.627Z","userAgent":"Expo/1017756 CFNetwork/3860.300.31 Darwin/25.2.0"}
[32minfo[39m: GET /api/transparency/timeline/712088a5-3d60-4e32-9437-2088be4af2ed {"ip":"::ffff:10.80.222.54","timestamp":"2025-11-16T04:48:39.628Z","userAgent":"Expo/1017756 CFNetwork/3860.300.31 Darwin/25.2.0"}
[32minfo[39m: Updated user from Supabase: guiguider31@gmail.com {"timestamp":"2025-11-16T04:48:39.833Z"}
[32minfo[39m: Updated user from Supabase: guiguider31@gmail.com {"timestamp":"2025-11-16T04:48:39.945Z"}
[32minfo[39m: GET /api/engagement/my-subscription {"ip":"::ffff:10.80.222.54","timestamp":"2025-11-16T04:48:41.223Z","userAgent":"Expo/1017756 CFNetwork/3860.300.31 Darwin/25.2.0"}
[32minfo[39m: Updated user from Supabase: guiguider31@gmail.com {"timestamp":"2025-11-16T04:48:41.518Z"}
[32minfo[39m: POST /api/community/signals {"ip":"::ffff:10.80.222.54","timestamp":"2025-11-16T04:48:55.208Z","userAgent":"Expo/1017756 CFNetwork/3860.300.31 Darwin/25.2.0"}
[32minfo[39m: Updated user from Supabase: guiguider31@gmail.com {"timestamp":"2025-11-16T04:48:55.506Z"}
[32minfo[39m: Created signal 9c3ccfdb-846d-4c6f-ac67-c84987154b6b by user 14d2b8a5-3fb5-4129-ae57-5507b19f4a48 {"timestamp":"2025-11-16T04:48:56.373Z"}
[32minfo[39m: User 14d2b8a5-3fb5-4129-ae57-5507b19f4a48 report count: 4/5 {"timestamp":"2025-11-16T04:48:56.558Z"}
[32minfo[39m: 🤖 Starting AI verification for signal 9c3ccfdb-846d-4c6f-ac67-c84987154b6b... {"timestamp":"2025-11-16T04:48:56.959Z"}
[32minfo[39m: 🤖 AI response received: {
  "verified": true,
  "reason": "Multiple reputable French news outlets and Maeva Ghennam herself confirmed a private video was leaked online in October 2022; she publicly addressed the incident.",
... {"timestamp":"2025-11-16T04:49:01.761Z"}
[32minfo[39m: 📚 AI Research Summary: French news sites (BFMTV, Purepeople, Voici), Maeva Ghennam's Instagram and Twitter statements, coverage by entertainment media. {"timestamp":"2025-11-16T04:49:01.761Z"}
[32minfo[39m: 🤖 AI verdict: APPROVED - Multiple reputable French news outlets and Maeva Ghennam herself confirmed a private video was leaked online in October 2022; she publicly addressed the incident. {"timestamp":"2025-11-16T04:49:01.761Z"}
[32minfo[39m: Signal 9c3ccfdb-846d-4c6f-ac67-c84987154b6b approved: Multiple reputable French news outlets and Maeva Ghennam herself confirmed a private video was leaked online in October 2022; she publicly addressed the incident. {"timestamp":"2025-11-16T04:49:01.855Z"}

================================================================================
📧 EMAIL NOTIFICATION
================================================================================
To: guiguider31@gmail.com
Subject: ✅ Your drama report was approved
--------------------------------------------------------------------------------
Hello!

Great news! Your drama report for Maeva Ghennam has been verified and published.

Verification: Multiple reputable French news outlets and Maeva Ghennam herself confirmed a private video was leaked online in October 2022; she publicly addressed the incident.

Your contribution helps the community make informed decisions about influencers. Thank you for participating!

You earned +10 XP!

View the influencer profile: [Link to app]

Best regards,
The TrustFluencers Team
================================================================================

[31merror[39m: ❌ Failed to send email to guiguider31@gmail.com: You can only send testing emails to your own email address (gderamchi@gmail.com). To send emails to other recipients, please verify a domain at resend.com/domains, and change the `from` address to an email using this domain. {"name":"validation_error","statusCode":403,"timestamp":"2025-11-16T04:49:02.643Z"}
[33mwarn[39m: ⚠️ Note: Resend free tier only sends to verified emails. To send to all users, verify a domain at resend.com/domains {"timestamp":"2025-11-16T04:49:02.643Z"}
[32minfo[39m: Recalculated trust score for influencer 712088a5-3d60-4e32-9437-2088be4af2ed: AI=89.0, Community=45.0, Combined=71.4 {"timestamp":"2025-11-16T04:49:03.143Z"}
[32minfo[39m: GET /api/influencers/712088a5-3d60-4e32-9437-2088be4af2ed {"ip":"::ffff:10.80.222.54","timestamp":"2025-11-16T04:49:03.732Z","userAgent":"Expo/1017756 CFNetwork/3860.300.31 Darwin/25.2.0"}
[32minfo[39m: GET /api/community/stats/712088a5-3d60-4e32-9437-2088be4af2ed {"ip":"::ffff:10.80.222.54","timestamp":"2025-11-16T04:49:03.761Z","userAgent":"Expo/1017756 CFNetwork/3860.300.31 Darwin/25.2.0"}
[32minfo[39m: GET /api/transparency/timeline/712088a5-3d60-4e32-9437-2088be4af2ed {"ip":"::ffff:10.80.222.54","timestamp":"2025-11-16T04:49:03.762Z","userAgent":"Expo/1017756 CFNetwork/3860.300.31 Darwin/25.2.0"}
[32minfo[39m: GET /api/community/signals/712088a5-3d60-4e32-9437-2088be4af2ed {"ip":"::ffff:10.80.222.54","timestamp":"2025-11-16T04:49:03.762Z","userAgent":"Expo/1017756 CFNetwork/3860.300.31 Darwin/25.2.0"}
[32minfo[39m: GET /api/transparency/breakdown/712088a5-3d60-4e32-9437-2088be4af2ed {"ip":"::ffff:10.80.222.54","timestamp":"2025-11-16T04:49:03.763Z","userAgent":"Expo/1017756 CFNetwork/3860.300.31 Darwin/25.2.0"}
[32minfo[39m: Updated user from Supabase: guiguider31@gmail.com {"timestamp":"2025-11-16T04:49:04.113Z"}
[32minfo[39m: GET /api/influencers/0806aeca-cb97-4a7b-aff5-7f327a4606b9 {"ip":"::ffff:10.80.222.54","timestamp":"2025-11-16T04:53:09.454Z","userAgent":"Expo/1017756 CFNetwork/3860.300.31 Darwin/25.2.0"}
[32minfo[39m: GET /api/engagement/my-subscription {"ip":"::ffff:10.80.222.54","timestamp":"2025-11-16T04:53:10.099Z","userAgent":"Expo/1017756 CFNetwork/3860.300.31 Darwin/25.2.0"}
[32minfo[39m: GET /api/community/signals/0806aeca-cb97-4a7b-aff5-7f327a4606b9 {"ip":"::ffff:10.80.222.54","timestamp":"2025-11-16T04:53:10.112Z","userAgent":"Expo/1017756 CFNetwork/3860.300.31 Darwin/25.2.0"}
[32minfo[39m: GET /api/community/stats/0806aeca-cb97-4a7b-aff5-7f327a4606b9 {"ip":"::ffff:10.80.222.54","timestamp":"2025-11-16T04:53:10.113Z","userAgent":"Expo/1017756 CFNetwork/3860.300.31 Darwin/25.2.0"}
[32minfo[39m: GET /api/transparency/breakdown/0806aeca-cb97-4a7b-aff5-7f327a4606b9 {"ip":"::ffff:10.80.222.54","timestamp":"2025-11-16T04:53:10.113Z","userAgent":"Expo/1017756 CFNetwork/3860.300.31 Darwin/25.2.0"}
[32minfo[39m: GET /api/transparency/timeline/0806aeca-cb97-4a7b-aff5-7f327a4606b9 {"ip":"::ffff:10.80.222.54","timestamp":"2025-11-16T04:53:10.114Z","userAgent":"Expo/1017756 CFNetwork/3860.300.31 Darwin/25.2.0"}
[32minfo[39m: Updated user from Supabase: guiguider31@gmail.com {"timestamp":"2025-11-16T04:53:10.594Z"}
[32minfo[39m: Updated user from Supabase: guiguider31@gmail.com {"timestamp":"2025-11-16T04:53:10.629Z"}
[32minfo[39m: POST /api/influencers/know-more {"ip":"::ffff:10.80.222.54","timestamp":"2025-11-16T04:53:13.942Z","userAgent":"Expo/1017756 CFNetwork/3860.300.31 Darwin/25.2.0"}
[32minfo[39m: Fetching detailed info for: Lila Bonbon {"timestamp":"2025-11-16T04:53:13.943Z"}
[INFO] 13:33:10 Restarting: /Users/guillaume_deramchi/Documents/hack-the-gap/mobile-app/backend/src/services/community.service.ts has been modified
⚠️  Node.js 18 and below are deprecated and will no longer be supported in future versions of @supabase/supabase-js. Please upgrade to Node.js 20 or later. For more information, visit: https://github.com/orgs/supabase/discussions/37217
Error: listen EADDRINUSE: address already in use :::3000
    at Server.setupListenHandle [as _listen2] (node:net:1817:16)
    at listenInCluster (node:net:1865:12)
    at Server.listen (node:net:1953:7)
    at Function.listen (/Users/guillaume_deramchi/Documents/hack-the-gap/mobile-app/backend/node_modules/express/lib/application.js:635:24)
    at Object.<anonymous> (/Users/guillaume_deramchi/Documents/hack-the-gap/mobile-app/backend/src/server.ts:97:7)
    at Module._compile (node:internal/modules/cjs/loader:1364:14)
    at Module._compile (/Users/guillaume_deramchi/Documents/hack-the-gap/mobile-app/backend/node_modules/source-map-support/source-map-support.js:568:25)
    at Module.m._compile (/private/var/folders/1z/jlh723cx58nbj81d9h354s3h0000gn/T/ts-node-dev-hook-3018592338368524.js:69:33)
    at Module._extensions..js (node:internal/modules/cjs/loader:1422:10)
    at require.extensions..jsx.require.extensions..js (/private/var/folders/1z/jlh723cx58nbj81d9h354s3h0000gn/T/ts-node-dev-hook-3018592338368524.js:114:20)
[ERROR] 13:33:12 Error: listen EADDRINUSE: address already in use :::3000
[INFO] 13:33:38 Restarting: /Users/guillaume_deramchi/Documents/hack-the-gap/mobile-app/backend/src/services/community.service.ts has been modified
Compilation error in /Users/guillaume_deramchi/Documents/hack-the-gap/mobile-app/backend/src/services/community.service.ts
⚠️  Node.js 18 and below are deprecated and will no longer be supported in future versions of @supabase/supabase-js. Please upgrade to Node.js 20 or later. For more information, visit: https://github.com/orgs/supabase/discussions/37217
[ERROR] 13:33:40 ⨯ Unable to compile TypeScript:
src/services/community.service.ts(242,18): error TS1127: Invalid character.
src/services/community.service.ts(242,19): error TS1127: Invalid character.

[INFO] 13:36:27 Restarting: /Users/guillaume_deramchi/Documents/hack-the-gap/mobile-app/backend/src/services/community.service.ts has been modified
⚠️  Node.js 18 and below are deprecated and will no longer be supported in future versions of @supabase/supabase-js. Please upgrade to Node.js 20 or later. For more information, visit: https://github.com/orgs/supabase/discussions/37217
[ERROR] 13:36:29 ⨯ Unable to compile TypeScript:
src/services/community.service.ts(242,18): error TS1127: Invalid character.
src/services/community.service.ts(242,19): error TS1127: Invalid character.

[INFO] 13:37:31 Restarting: /Users/guillaume_deramchi/Documents/hack-the-gap/mobile-app/backend/src/services/community.service.ts has been modified
⚠️  Node.js 18 and below are deprecated and will no longer be supported in future versions of @supabase/supabase-js. Please upgrade to Node.js 20 or later. For more information, visit: https://github.com/orgs/supabase/discussions/37217
Error: listen EADDRINUSE: address already in use :::3000
    at Server.setupListenHandle [as _listen2] (node:net:1817:16)
    at listenInCluster (node:net:1865:12)
    at Server.listen (node:net:1953:7)
    at Function.listen (/Users/guillaume_deramchi/Documents/hack-the-gap/mobile-app/backend/node_modules/express/lib/application.js:635:24)
    at Object.<anonymous> (/Users/guillaume_deramchi/Documents/hack-the-gap/mobile-app/backend/src/server.ts:97:7)
    at Module._compile (node:internal/modules/cjs/loader:1364:14)
    at Module._compile (/Users/guillaume_deramchi/Documents/hack-the-gap/mobile-app/backend/node_modules/source-map-support/source-map-support.js:568:25)
    at Module.m._compile (/private/var/folders/1z/jlh723cx58nbj81d9h354s3h0000gn/T/ts-node-dev-hook-3018592338368524.js:69:33)
    at Module._extensions..js (node:internal/modules/cjs/loader:1422:10)
    at require.extensions..jsx.require.extensions..js (/private/var/folders/1z/jlh723cx58nbj81d9h354s3h0000gn/T/ts-node-dev-hook-3018592338368524.js:114:20)
[ERROR] 13:37:33 Error: listen EADDRINUSE: address already in use :::3000
