
> influencer-trust-backend@1.0.0 dev
> ts-node-dev --respawn --transpile-only src/server.ts

[INFO] 21:01:54 ts-node-dev ver. 2.0.0 (using ts-node ver. 10.9.2, typescript ver. 5.9.3)
Error [ERR_REQUIRE_ESM]: require() of ES Module /Users/guillaume_deramchi/Documents/hack-the-gap/mobile-app/backend/node_modules/p-limit/index.js from /Users/guillaume_deramchi/Documents/hack-the-gap/mobile-app/backend/src/services/perplexity.service.ts not supported.
Instead change the require of index.js in /Users/guillaume_deramchi/Documents/hack-the-gap/mobile-app/backend/src/services/perplexity.service.ts to a dynamic import() which is available in all CommonJS modules.
    at require.extensions..jsx.require.extensions..js (/private/var/folders/1z/jlh723cx58nbj81d9h354s3h0000gn/T/ts-node-dev-hook-04101638982115752.js:114:20)
    at Object.nodeDevHook [as .js] (/Users/guillaume_deramchi/Documents/hack-the-gap/mobile-app/backend/node_modules/ts-node-dev/lib/hook.js:63:13)
    at Object.<anonymous> (/Users/guillaume_deramchi/Documents/hack-the-gap/mobile-app/backend/src/services/perplexity.service.ts:8:35)
    at Module._compile (/Users/guillaume_deramchi/Documents/hack-the-gap/mobile-app/backend/node_modules/source-map-support/source-map-support.js:568:25)
    at m._compile (/private/var/folders/1z/jlh723cx58nbj81d9h354s3h0000gn/T/ts-node-dev-hook-04101638982115752.js:69:33)
    at require.extensions..jsx.require.extensions..js (/private/var/folders/1z/jlh723cx58nbj81d9h354s3h0000gn/T/ts-node-dev-hook-04101638982115752.js:114:20)
    at require.extensions.<computed> (/private/var/folders/1z/jlh723cx58nbj81d9h354s3h0000gn/T/ts-node-dev-hook-04101638982115752.js:71:20)
    at Object.nodeDevHook [as .ts] (/Users/guillaume_deramchi/Documents/hack-the-gap/mobile-app/backend/node_modules/ts-node-dev/lib/hook.js:63:13)
    at Object.<anonymous> (/Users/guillaume_deramchi/Documents/hack-the-gap/mobile-app/backend/src/services/influencer.service.ts:8:46)
    at Module._compile (/Users/guillaume_deramchi/Documents/hack-the-gap/mobile-app/backend/node_modules/source-map-support/source-map-support.js:568:25)
    at m._compile (/private/var/folders/1z/jlh723cx58nbj81d9h354s3h0000gn/T/ts-node-dev-hook-04101638982115752.js:69:33)
    at require.extensions..jsx.require.extensions..js (/private/var/folders/1z/jlh723cx58nbj81d9h354s3h0000gn/T/ts-node-dev-hook-04101638982115752.js:114:20)
    at require.extensions.<computed> (/private/var/folders/1z/jlh723cx58nbj81d9h354s3h0000gn/T/ts-node-dev-hook-04101638982115752.js:71:20)
    at Object.nodeDevHook [as .ts] (/Users/guillaume_deramchi/Documents/hack-the-gap/mobile-app/backend/node_modules/ts-node-dev/lib/hook.js:63:13)
    at Object.<anonymous> (/Users/guillaume_deramchi/Documents/hack-the-gap/mobile-app/backend/src/routes/influencer.routes.ts:7:46)
    at Module._compile (/Users/guillaume_deramchi/Documents/hack-the-gap/mobile-app/backend/node_modules/source-map-support/source-map-support.js:568:25)
    at m._compile (/private/var/folders/1z/jlh723cx58nbj81d9h354s3h0000gn/T/ts-node-dev-hook-04101638982115752.js:69:33)
    at require.extensions..jsx.require.extensions..js (/private/var/folders/1z/jlh723cx58nbj81d9h354s3h0000gn/T/ts-node-dev-hook-04101638982115752.js:114:20)
    at require.extensions.<computed> (/private/var/folders/1z/jlh723cx58nbj81d9h354s3h0000gn/T/ts-node-dev-hook-04101638982115752.js:71:20)
    at Object.nodeDevHook [as .ts] (/Users/guillaume_deramchi/Documents/hack-the-gap/mobile-app/backend/node_modules/ts-node-dev/lib/hook.js:63:13)
    at Object.<anonymous> (/Users/guillaume_deramchi/Documents/hack-the-gap/mobile-app/backend/src/server.ts:12:45)
    at Module._compile (/Users/guillaume_deramchi/Documents/hack-the-gap/mobile-app/backend/node_modules/source-map-support/source-map-support.js:568:25)
    at m._compile (/private/var/folders/1z/jlh723cx58nbj81d9h354s3h0000gn/T/ts-node-dev-hook-04101638982115752.js:69:33)
    at require.extensions..jsx.require.extensions..js (/private/var/folders/1z/jlh723cx58nbj81d9h354s3h0000gn/T/ts-node-dev-hook-04101638982115752.js:114:20)
    at require.extensions.<computed> (/private/var/folders/1z/jlh723cx58nbj81d9h354s3h0000gn/T/ts-node-dev-hook-04101638982115752.js:71:20)
    at Object.nodeDevHook [as .ts] (/Users/guillaume_deramchi/Documents/hack-the-gap/mobile-app/backend/node_modules/ts-node-dev/lib/hook.js:63:13)
    at Object.<anonymous> (/Users/guillaume_deramchi/Documents/hack-the-gap/mobile-app/backend/node_modules/ts-node-dev/lib/wrap.js:104:1)
    at Module._compile (/Users/guillaume_deramchi/Documents/hack-the-gap/mobile-app/backend/node_modules/source-map-support/source-map-support.js:568:25)
    at require.extensions..jsx.require.extensions..js (/private/var/folders/1z/jlh723cx58nbj81d9h354s3h0000gn/T/ts-node-dev-hook-04101638982115752.js:95:24)
[ERROR] 21:01:58 Error: require() of ES Module /Users/guillaume_deramchi/Documents/hack-the-gap/mobile-app/backend/node_modules/p-limit/index.js from /Users/guillaume_deramchi/Documents/hack-the-gap/mobile-app/backend/src/services/perplexity.service.ts not supported.
Instead change the require of index.js in /Users/guillaume_deramchi/Documents/hack-the-gap/mobile-app/backend/src/services/perplexity.service.ts to a dynamic import() which is available in all CommonJS modules.
