
> influencer-trust-backend@1.0.0 dev
> ts-node-dev --respawn --transpile-only src/server.ts

[INFO] 03:34:27 ts-node-dev ver. 2.0.0 (using ts-node ver. 10.9.2, typescript ver. 5.9.3)
[32minfo[39m: 🚀 Server running on port 3000 {"timestamp":"2025-11-16T02:34:28.839Z"}
[32minfo[39m: 📊 Environment: development {"timestamp":"2025-11-16T02:34:28.841Z"}
[32minfo[39m: 🔗 Health check: http://localhost:3000/api/health {"timestamp":"2025-11-16T02:34:28.841Z"}
[32minfo[39m: POST /api/verification/process-queue {"ip":"::1","timestamp":"2025-11-16T02:34:38.026Z","userAgent":"curl/8.7.1"}
[32minfo[39m: Processing 2 pending signals for verification {"timestamp":"2025-11-16T02:34:38.036Z"}
[32minfo[39m: Signal 7a53fceb-5264-43ac-9a4e-471ffb99f513 approved: Auto-approved: Valid comment {"timestamp":"2025-11-16T02:34:38.040Z"}
[32minfo[39m: Signal d8ceb8cd-ac29-40ca-ad4d-5a806a5956d8 approved: Auto-approved: Valid comment {"timestamp":"2025-11-16T02:34:39.044Z"}
[32minfo[39m: 📧 Email (not sent - EMAIL_ENABLED=false): {"timestamp":"2025-11-16T02:34:40.046Z"}
[32minfo[39m: To: test@example.com {"timestamp":"2025-11-16T02:34:40.046Z"}
[32minfo[39m: Subject: ✅ Your rating was approved {"timestamp":"2025-11-16T02:34:40.047Z"}
[32minfo[39m: Body: Hello!

Great news! Your rating for Thomas Pesquet has been verified and published.

Verification: Auto-approved: Valid comment

Your contribution helps the community make informed decisions about inf... {"timestamp":"2025-11-16T02:34:40.047Z"}
[32minfo[39m: 📧 Email (not sent - EMAIL_ENABLED=false): {"timestamp":"2025-11-16T02:34:40.049Z"}
[32minfo[39m: To: test@example.com {"timestamp":"2025-11-16T02:34:40.049Z"}
[32minfo[39m: Subject: ✅ Your drama report was approved {"timestamp":"2025-11-16T02:34:40.049Z"}
[32minfo[39m: Body: Hello!

Great news! Your drama report for Thomas Pesquet has been verified and published.

Verification: Auto-approved: Valid comment

Your contribution helps the community make informed decisions abo... {"timestamp":"2025-11-16T02:34:40.049Z"}
[32minfo[39m: Sent 2 verification emails {"timestamp":"2025-11-16T02:34:40.050Z"}
[INFO] 03:40:37 Restarting: /Users/guillaume_deramchi/Documents/hack-the-gap/mobile-app/backend/src/services/community.service.ts has been modified
Error: listen EADDRINUSE: address already in use :::3000
    at Server.setupListenHandle [as _listen2] (node:net:1817:16)
    at listenInCluster (node:net:1865:12)
    at Server.listen (node:net:1953:7)
    at Function.listen (/Users/guillaume_deramchi/Documents/hack-the-gap/mobile-app/backend/node_modules/express/lib/application.js:635:24)
    at Object.<anonymous> (/Users/guillaume_deramchi/Documents/hack-the-gap/mobile-app/backend/src/server.ts:97:7)
    at Module._compile (node:internal/modules/cjs/loader:1364:14)
    at Module._compile (/Users/guillaume_deramchi/Documents/hack-the-gap/mobile-app/backend/node_modules/source-map-support/source-map-support.js:568:25)
    at Module.m._compile (/private/var/folders/1z/jlh723cx58nbj81d9h354s3h0000gn/T/ts-node-dev-hook-17283467909129135.js:69:33)
    at Module._extensions..js (node:internal/modules/cjs/loader:1422:10)
    at require.extensions..jsx.require.extensions..js (/private/var/folders/1z/jlh723cx58nbj81d9h354s3h0000gn/T/ts-node-dev-hook-17283467909129135.js:114:20)
[ERROR] 03:40:37 Error: listen EADDRINUSE: address already in use :::3000
[INFO] 03:40:52 Restarting: /Users/guillaume_deramchi/Documents/hack-the-gap/mobile-app/backend/src/services/community.service.ts has been modified
Error: listen EADDRINUSE: address already in use :::3000
    at Server.setupListenHandle [as _listen2] (node:net:1817:16)
    at listenInCluster (node:net:1865:12)
    at Server.listen (node:net:1953:7)
    at Function.listen (/Users/guillaume_deramchi/Documents/hack-the-gap/mobile-app/backend/node_modules/express/lib/application.js:635:24)
    at Object.<anonymous> (/Users/guillaume_deramchi/Documents/hack-the-gap/mobile-app/backend/src/server.ts:97:7)
    at Module._compile (node:internal/modules/cjs/loader:1364:14)
    at Module._compile (/Users/guillaume_deramchi/Documents/hack-the-gap/mobile-app/backend/node_modules/source-map-support/source-map-support.js:568:25)
    at Module.m._compile (/private/var/folders/1z/jlh723cx58nbj81d9h354s3h0000gn/T/ts-node-dev-hook-17283467909129135.js:69:33)
    at Module._extensions..js (node:internal/modules/cjs/loader:1422:10)
    at require.extensions..jsx.require.extensions..js (/private/var/folders/1z/jlh723cx58nbj81d9h354s3h0000gn/T/ts-node-dev-hook-17283467909129135.js:114:20)
[ERROR] 03:40:52 Error: listen EADDRINUSE: address already in use :::3000
[INFO] 03:41:08 Restarting: /Users/guillaume_deramchi/Documents/hack-the-gap/mobile-app/backend/src/services/community.service.ts has been modified
Error: listen EADDRINUSE: address already in use :::3000
    at Server.setupListenHandle [as _listen2] (node:net:1817:16)
    at listenInCluster (node:net:1865:12)
    at Server.listen (node:net:1953:7)
    at Function.listen (/Users/guillaume_deramchi/Documents/hack-the-gap/mobile-app/backend/node_modules/express/lib/application.js:635:24)
    at Object.<anonymous> (/Users/guillaume_deramchi/Documents/hack-the-gap/mobile-app/backend/src/server.ts:97:7)
    at Module._compile (node:internal/modules/cjs/loader:1364:14)
    at Module._compile (/Users/guillaume_deramchi/Documents/hack-the-gap/mobile-app/backend/node_modules/source-map-support/source-map-support.js:568:25)
    at Module.m._compile (/private/var/folders/1z/jlh723cx58nbj81d9h354s3h0000gn/T/ts-node-dev-hook-17283467909129135.js:69:33)
    at Module._extensions..js (node:internal/modules/cjs/loader:1422:10)
    at require.extensions..jsx.require.extensions..js (/private/var/folders/1z/jlh723cx58nbj81d9h354s3h0000gn/T/ts-node-dev-hook-17283467909129135.js:114:20)
[ERROR] 03:41:09 Error: listen EADDRINUSE: address already in use :::3000
[INFO] 03:41:17 Restarting: /Users/guillaume_deramchi/Documents/hack-the-gap/mobile-app/backend/src/services/community.service.ts has been modified
Error: listen EADDRINUSE: address already in use :::3000
    at Server.setupListenHandle [as _listen2] (node:net:1817:16)
    at listenInCluster (node:net:1865:12)
    at Server.listen (node:net:1953:7)
    at Function.listen (/Users/guillaume_deramchi/Documents/hack-the-gap/mobile-app/backend/node_modules/express/lib/application.js:635:24)
    at Object.<anonymous> (/Users/guillaume_deramchi/Documents/hack-the-gap/mobile-app/backend/src/server.ts:97:7)
    at Module._compile (node:internal/modules/cjs/loader:1364:14)
    at Module._compile (/Users/guillaume_deramchi/Documents/hack-the-gap/mobile-app/backend/node_modules/source-map-support/source-map-support.js:568:25)
    at Module.m._compile (/private/var/folders/1z/jlh723cx58nbj81d9h354s3h0000gn/T/ts-node-dev-hook-17283467909129135.js:69:33)
    at Module._extensions..js (node:internal/modules/cjs/loader:1422:10)
    at require.extensions..jsx.require.extensions..js (/private/var/folders/1z/jlh723cx58nbj81d9h354s3h0000gn/T/ts-node-dev-hook-17283467909129135.js:114:20)
[ERROR] 03:41:17 Error: listen EADDRINUSE: address already in use :::3000
[INFO] 03:41:38 Restarting: /Users/guillaume_deramchi/Documents/hack-the-gap/mobile-app/backend/src/services/leaderboard.service.ts has been modified
Error: listen EADDRINUSE: address already in use :::3000
    at Server.setupListenHandle [as _listen2] (node:net:1817:16)
    at listenInCluster (node:net:1865:12)
    at Server.listen (node:net:1953:7)
    at Function.listen (/Users/guillaume_deramchi/Documents/hack-the-gap/mobile-app/backend/node_modules/express/lib/application.js:635:24)
    at Object.<anonymous> (/Users/guillaume_deramchi/Documents/hack-the-gap/mobile-app/backend/src/server.ts:97:7)
    at Module._compile (node:internal/modules/cjs/loader:1364:14)
    at Module._compile (/Users/guillaume_deramchi/Documents/hack-the-gap/mobile-app/backend/node_modules/source-map-support/source-map-support.js:568:25)
    at Module.m._compile (/private/var/folders/1z/jlh723cx58nbj81d9h354s3h0000gn/T/ts-node-dev-hook-17283467909129135.js:69:33)
    at Module._extensions..js (node:internal/modules/cjs/loader:1422:10)
    at require.extensions..jsx.require.extensions..js (/private/var/folders/1z/jlh723cx58nbj81d9h354s3h0000gn/T/ts-node-dev-hook-17283467909129135.js:114:20)
[ERROR] 03:41:39 Error: listen EADDRINUSE: address already in use :::3000
[INFO] 03:41:49 Restarting: /Users/guillaume_deramchi/Documents/hack-the-gap/mobile-app/backend/src/routes/engagement.routes.ts has been modified
Error: listen EADDRINUSE: address already in use :::3000
    at Server.setupListenHandle [as _listen2] (node:net:1817:16)
    at listenInCluster (node:net:1865:12)
    at Server.listen (node:net:1953:7)
    at Function.listen (/Users/guillaume_deramchi/Documents/hack-the-gap/mobile-app/backend/node_modules/express/lib/application.js:635:24)
    at Object.<anonymous> (/Users/guillaume_deramchi/Documents/hack-the-gap/mobile-app/backend/src/server.ts:97:7)
    at Module._compile (node:internal/modules/cjs/loader:1364:14)
    at Module._compile (/Users/guillaume_deramchi/Documents/hack-the-gap/mobile-app/backend/node_modules/source-map-support/source-map-support.js:568:25)
    at Module.m._compile (/private/var/folders/1z/jlh723cx58nbj81d9h354s3h0000gn/T/ts-node-dev-hook-17283467909129135.js:69:33)
    at Module._extensions..js (node:internal/modules/cjs/loader:1422:10)
    at require.extensions..jsx.require.extensions..js (/private/var/folders/1z/jlh723cx58nbj81d9h354s3h0000gn/T/ts-node-dev-hook-17283467909129135.js:114:20)
[ERROR] 03:41:49 Error: listen EADDRINUSE: address already in use :::3000
[INFO] 03:42:09 Restarting: /Users/guillaume_deramchi/Documents/hack-the-gap/mobile-app/backend/src/routes/engagement.routes.ts has been modified
[32minfo[39m: 🚀 Server running on port 3000 {"timestamp":"2025-11-16T02:42:09.377Z"}
[32minfo[39m: 📊 Environment: development {"timestamp":"2025-11-16T02:42:09.378Z"}
[32minfo[39m: 🔗 Health check: http://localhost:3000/api/health {"timestamp":"2025-11-16T02:42:09.378Z"}
[INFO] 04:00:28 Restarting: /Users/guillaume_deramchi/Documents/hack-the-gap/mobile-app/backend/src/middleware/auth.ts has been modified
⚠️  Node.js 18 and below are deprecated and will no longer be supported in future versions of @supabase/supabase-js. Please upgrade to Node.js 20 or later. For more information, visit: https://github.com/orgs/supabase/discussions/37217
Error: listen EADDRINUSE: address already in use :::3000
    at Server.setupListenHandle [as _listen2] (node:net:1817:16)
    at listenInCluster (node:net:1865:12)
    at Server.listen (node:net:1953:7)
    at Function.listen (/Users/guillaume_deramchi/Documents/hack-the-gap/mobile-app/backend/node_modules/express/lib/application.js:635:24)
    at Object.<anonymous> (/Users/guillaume_deramchi/Documents/hack-the-gap/mobile-app/backend/src/server.ts:97:7)
    at Module._compile (node:internal/modules/cjs/loader:1364:14)
    at Module._compile (/Users/guillaume_deramchi/Documents/hack-the-gap/mobile-app/backend/node_modules/source-map-support/source-map-support.js:568:25)
    at Module.m._compile (/private/var/folders/1z/jlh723cx58nbj81d9h354s3h0000gn/T/ts-node-dev-hook-17283467909129135.js:69:33)
    at Module._extensions..js (node:internal/modules/cjs/loader:1422:10)
    at require.extensions..jsx.require.extensions..js (/private/var/folders/1z/jlh723cx58nbj81d9h354s3h0000gn/T/ts-node-dev-hook-17283467909129135.js:114:20)
[ERROR] 04:00:28 Error: listen EADDRINUSE: address already in use :::3000
[INFO] 04:00:42 Restarting: /Users/guillaume_deramchi/Documents/hack-the-gap/mobile-app/backend/src/middleware/auth.ts has been modified
⚠️  Node.js 18 and below are deprecated and will no longer be supported in future versions of @supabase/supabase-js. Please upgrade to Node.js 20 or later. For more information, visit: https://github.com/orgs/supabase/discussions/37217
Error: listen EADDRINUSE: address already in use :::3000
    at Server.setupListenHandle [as _listen2] (node:net:1817:16)
    at listenInCluster (node:net:1865:12)
    at Server.listen (node:net:1953:7)
    at Function.listen (/Users/guillaume_deramchi/Documents/hack-the-gap/mobile-app/backend/node_modules/express/lib/application.js:635:24)
    at Object.<anonymous> (/Users/guillaume_deramchi/Documents/hack-the-gap/mobile-app/backend/src/server.ts:97:7)
    at Module._compile (node:internal/modules/cjs/loader:1364:14)
    at Module._compile (/Users/guillaume_deramchi/Documents/hack-the-gap/mobile-app/backend/node_modules/source-map-support/source-map-support.js:568:25)
    at Module.m._compile (/private/var/folders/1z/jlh723cx58nbj81d9h354s3h0000gn/T/ts-node-dev-hook-17283467909129135.js:69:33)
    at Module._extensions..js (node:internal/modules/cjs/loader:1422:10)
    at require.extensions..jsx.require.extensions..js (/private/var/folders/1z/jlh723cx58nbj81d9h354s3h0000gn/T/ts-node-dev-hook-17283467909129135.js:114:20)
[ERROR] 04:00:43 Error: listen EADDRINUSE: address already in use :::3000
[INFO] 04:00:55 Restarting: /Users/guillaume_deramchi/Documents/hack-the-gap/mobile-app/backend/src/middleware/auth.ts has been modified
⚠️  Node.js 18 and below are deprecated and will no longer be supported in future versions of @supabase/supabase-js. Please upgrade to Node.js 20 or later. For more information, visit: https://github.com/orgs/supabase/discussions/37217
Error: listen EADDRINUSE: address already in use :::3000
    at Server.setupListenHandle [as _listen2] (node:net:1817:16)
    at listenInCluster (node:net:1865:12)
    at Server.listen (node:net:1953:7)
    at Function.listen (/Users/guillaume_deramchi/Documents/hack-the-gap/mobile-app/backend/node_modules/express/lib/application.js:635:24)
    at Object.<anonymous> (/Users/guillaume_deramchi/Documents/hack-the-gap/mobile-app/backend/src/server.ts:97:7)
    at Module._compile (node:internal/modules/cjs/loader:1364:14)
    at Module._compile (/Users/guillaume_deramchi/Documents/hack-the-gap/mobile-app/backend/node_modules/source-map-support/source-map-support.js:568:25)
    at Module.m._compile (/private/var/folders/1z/jlh723cx58nbj81d9h354s3h0000gn/T/ts-node-dev-hook-17283467909129135.js:69:33)
    at Module._extensions..js (node:internal/modules/cjs/loader:1422:10)
    at require.extensions..jsx.require.extensions..js (/private/var/folders/1z/jlh723cx58nbj81d9h354s3h0000gn/T/ts-node-dev-hook-17283467909129135.js:114:20)
[ERROR] 04:00:55 Error: listen EADDRINUSE: address already in use :::3000
[INFO] 04:03:29 Restarting: /Users/guillaume_deramchi/Documents/hack-the-gap/mobile-app/backend/src/middleware/auth.ts has been modified
⚠️  Node.js 18 and below are deprecated and will no longer be supported in future versions of @supabase/supabase-js. Please upgrade to Node.js 20 or later. For more information, visit: https://github.com/orgs/supabase/discussions/37217
Error: listen EADDRINUSE: address already in use :::3000
    at Server.setupListenHandle [as _listen2] (node:net:1817:16)
    at listenInCluster (node:net:1865:12)
    at Server.listen (node:net:1953:7)
    at Function.listen (/Users/guillaume_deramchi/Documents/hack-the-gap/mobile-app/backend/node_modules/express/lib/application.js:635:24)
    at Object.<anonymous> (/Users/guillaume_deramchi/Documents/hack-the-gap/mobile-app/backend/src/server.ts:97:7)
    at Module._compile (node:internal/modules/cjs/loader:1364:14)
    at Module._compile (/Users/guillaume_deramchi/Documents/hack-the-gap/mobile-app/backend/node_modules/source-map-support/source-map-support.js:568:25)
    at Module.m._compile (/private/var/folders/1z/jlh723cx58nbj81d9h354s3h0000gn/T/ts-node-dev-hook-17283467909129135.js:69:33)
    at Module._extensions..js (node:internal/modules/cjs/loader:1422:10)
    at require.extensions..jsx.require.extensions..js (/private/var/folders/1z/jlh723cx58nbj81d9h354s3h0000gn/T/ts-node-dev-hook-17283467909129135.js:114:20)
[ERROR] 04:03:29 Error: listen EADDRINUSE: address already in use :::3000
[INFO] 04:03:59 Restarting: /Users/guillaume_deramchi/Documents/hack-the-gap/mobile-app/backend/src/middleware/auth.ts has been modified
⚠️  Node.js 18 and below are deprecated and will no longer be supported in future versions of @supabase/supabase-js. Please upgrade to Node.js 20 or later. For more information, visit: https://github.com/orgs/supabase/discussions/37217
Error: listen EADDRINUSE: address already in use :::3000
    at Server.setupListenHandle [as _listen2] (node:net:1817:16)
    at listenInCluster (node:net:1865:12)
    at Server.listen (node:net:1953:7)
    at Function.listen (/Users/guillaume_deramchi/Documents/hack-the-gap/mobile-app/backend/node_modules/express/lib/application.js:635:24)
    at Object.<anonymous> (/Users/guillaume_deramchi/Documents/hack-the-gap/mobile-app/backend/src/server.ts:97:7)
    at Module._compile (node:internal/modules/cjs/loader:1364:14)
    at Module._compile (/Users/guillaume_deramchi/Documents/hack-the-gap/mobile-app/backend/node_modules/source-map-support/source-map-support.js:568:25)
    at Module.m._compile (/private/var/folders/1z/jlh723cx58nbj81d9h354s3h0000gn/T/ts-node-dev-hook-17283467909129135.js:69:33)
    at Module._extensions..js (node:internal/modules/cjs/loader:1422:10)
    at require.extensions..jsx.require.extensions..js (/private/var/folders/1z/jlh723cx58nbj81d9h354s3h0000gn/T/ts-node-dev-hook-17283467909129135.js:114:20)
[ERROR] 04:03:59 Error: listen EADDRINUSE: address already in use :::3000
[INFO] 04:04:09 Restarting: /Users/guillaume_deramchi/Documents/hack-the-gap/mobile-app/backend/src/middleware/auth.ts has been modified
⚠️  Node.js 18 and below are deprecated and will no longer be supported in future versions of @supabase/supabase-js. Please upgrade to Node.js 20 or later. For more information, visit: https://github.com/orgs/supabase/discussions/37217
Error: listen EADDRINUSE: address already in use :::3000
    at Server.setupListenHandle [as _listen2] (node:net:1817:16)
    at listenInCluster (node:net:1865:12)
    at Server.listen (node:net:1953:7)
    at Function.listen (/Users/guillaume_deramchi/Documents/hack-the-gap/mobile-app/backend/node_modules/express/lib/application.js:635:24)
    at Object.<anonymous> (/Users/guillaume_deramchi/Documents/hack-the-gap/mobile-app/backend/src/server.ts:97:7)
    at Module._compile (node:internal/modules/cjs/loader:1364:14)
    at Module._compile (/Users/guillaume_deramchi/Documents/hack-the-gap/mobile-app/backend/node_modules/source-map-support/source-map-support.js:568:25)
    at Module.m._compile (/private/var/folders/1z/jlh723cx58nbj81d9h354s3h0000gn/T/ts-node-dev-hook-17283467909129135.js:69:33)
    at Module._extensions..js (node:internal/modules/cjs/loader:1422:10)
    at require.extensions..jsx.require.extensions..js (/private/var/folders/1z/jlh723cx58nbj81d9h354s3h0000gn/T/ts-node-dev-hook-17283467909129135.js:114:20)
[ERROR] 04:04:10 Error: listen EADDRINUSE: address already in use :::3000
[INFO] 04:10:53 Restarting: /Users/guillaume_deramchi/Documents/hack-the-gap/mobile-app/backend/src/services/verification.service.ts has been modified
⚠️  Node.js 18 and below are deprecated and will no longer be supported in future versions of @supabase/supabase-js. Please upgrade to Node.js 20 or later. For more information, visit: https://github.com/orgs/supabase/discussions/37217
[32minfo[39m: 🚀 Server running on port 3000 {"timestamp":"2025-11-16T03:10:53.990Z"}
[32minfo[39m: 📊 Environment: development {"timestamp":"2025-11-16T03:10:53.992Z"}
[32minfo[39m: 🔗 Health check: http://localhost:3000/api/health {"timestamp":"2025-11-16T03:10:53.992Z"}
[INFO] 04:11:28 Restarting: /Users/guillaume_deramchi/Documents/hack-the-gap/mobile-app/backend/src/services/email.service.ts has been modified
⚠️  Node.js 18 and below are deprecated and will no longer be supported in future versions of @supabase/supabase-js. Please upgrade to Node.js 20 or later. For more information, visit: https://github.com/orgs/supabase/discussions/37217
Error: listen EADDRINUSE: address already in use :::3000
    at Server.setupListenHandle [as _listen2] (node:net:1817:16)
    at listenInCluster (node:net:1865:12)
    at Server.listen (node:net:1953:7)
    at Function.listen (/Users/guillaume_deramchi/Documents/hack-the-gap/mobile-app/backend/node_modules/express/lib/application.js:635:24)
    at Object.<anonymous> (/Users/guillaume_deramchi/Documents/hack-the-gap/mobile-app/backend/src/server.ts:97:7)
    at Module._compile (node:internal/modules/cjs/loader:1364:14)
    at Module._compile (/Users/guillaume_deramchi/Documents/hack-the-gap/mobile-app/backend/node_modules/source-map-support/source-map-support.js:568:25)
    at Module.m._compile (/private/var/folders/1z/jlh723cx58nbj81d9h354s3h0000gn/T/ts-node-dev-hook-17283467909129135.js:69:33)
    at Module._extensions..js (node:internal/modules/cjs/loader:1422:10)
    at require.extensions..jsx.require.extensions..js (/private/var/folders/1z/jlh723cx58nbj81d9h354s3h0000gn/T/ts-node-dev-hook-17283467909129135.js:114:20)
[ERROR] 04:11:28 Error: listen EADDRINUSE: address already in use :::3000
[INFO] 04:11:47 Restarting: /Users/guillaume_deramchi/Documents/hack-the-gap/mobile-app/backend/src/services/email.service.ts has been modified
⚠️  Node.js 18 and below are deprecated and will no longer be supported in future versions of @supabase/supabase-js. Please upgrade to Node.js 20 or later. For more information, visit: https://github.com/orgs/supabase/discussions/37217
Error: listen EADDRINUSE: address already in use :::3000
    at Server.setupListenHandle [as _listen2] (node:net:1817:16)
    at listenInCluster (node:net:1865:12)
    at Server.listen (node:net:1953:7)
    at Function.listen (/Users/guillaume_deramchi/Documents/hack-the-gap/mobile-app/backend/node_modules/express/lib/application.js:635:24)
    at Object.<anonymous> (/Users/guillaume_deramchi/Documents/hack-the-gap/mobile-app/backend/src/server.ts:97:7)
    at Module._compile (node:internal/modules/cjs/loader:1364:14)
    at Module._compile (/Users/guillaume_deramchi/Documents/hack-the-gap/mobile-app/backend/node_modules/source-map-support/source-map-support.js:568:25)
    at Module.m._compile (/private/var/folders/1z/jlh723cx58nbj81d9h354s3h0000gn/T/ts-node-dev-hook-17283467909129135.js:69:33)
    at Module._extensions..js (node:internal/modules/cjs/loader:1422:10)
    at require.extensions..jsx.require.extensions..js (/private/var/folders/1z/jlh723cx58nbj81d9h354s3h0000gn/T/ts-node-dev-hook-17283467909129135.js:114:20)
[ERROR] 04:11:47 Error: listen EADDRINUSE: address already in use :::3000
[INFO] 04:28:38 Restarting: /Users/guillaume_deramchi/Documents/hack-the-gap/mobile-app/backend/src/services/user-sync.service.ts has been modified
⚠️  Node.js 18 and below are deprecated and will no longer be supported in future versions of @supabase/supabase-js. Please upgrade to Node.js 20 or later. For more information, visit: https://github.com/orgs/supabase/discussions/37217
Error: listen EADDRINUSE: address already in use :::3000
    at Server.setupListenHandle [as _listen2] (node:net:1817:16)
    at listenInCluster (node:net:1865:12)
    at Server.listen (node:net:1953:7)
    at Function.listen (/Users/guillaume_deramchi/Documents/hack-the-gap/mobile-app/backend/node_modules/express/lib/application.js:635:24)
    at Object.<anonymous> (/Users/guillaume_deramchi/Documents/hack-the-gap/mobile-app/backend/src/server.ts:97:7)
    at Module._compile (node:internal/modules/cjs/loader:1364:14)
    at Module._compile (/Users/guillaume_deramchi/Documents/hack-the-gap/mobile-app/backend/node_modules/source-map-support/source-map-support.js:568:25)
    at Module.m._compile (/private/var/folders/1z/jlh723cx58nbj81d9h354s3h0000gn/T/ts-node-dev-hook-17283467909129135.js:69:33)
    at Module._extensions..js (node:internal/modules/cjs/loader:1422:10)
    at require.extensions..jsx.require.extensions..js (/private/var/folders/1z/jlh723cx58nbj81d9h354s3h0000gn/T/ts-node-dev-hook-17283467909129135.js:114:20)
[ERROR] 04:28:39 Error: listen EADDRINUSE: address already in use :::3000
[INFO] 04:32:18 Restarting: /Users/guillaume_deramchi/Documents/hack-the-gap/mobile-app/backend/src/services/verification.service.ts has been modified
⚠️  Node.js 18 and below are deprecated and will no longer be supported in future versions of @supabase/supabase-js. Please upgrade to Node.js 20 or later. For more information, visit: https://github.com/orgs/supabase/discussions/37217
Error: listen EADDRINUSE: address already in use :::3000
    at Server.setupListenHandle [as _listen2] (node:net:1817:16)
    at listenInCluster (node:net:1865:12)
    at Server.listen (node:net:1953:7)
    at Function.listen (/Users/guillaume_deramchi/Documents/hack-the-gap/mobile-app/backend/node_modules/express/lib/application.js:635:24)
    at Object.<anonymous> (/Users/guillaume_deramchi/Documents/hack-the-gap/mobile-app/backend/src/server.ts:97:7)
    at Module._compile (node:internal/modules/cjs/loader:1364:14)
    at Module._compile (/Users/guillaume_deramchi/Documents/hack-the-gap/mobile-app/backend/node_modules/source-map-support/source-map-support.js:568:25)
    at Module.m._compile (/private/var/folders/1z/jlh723cx58nbj81d9h354s3h0000gn/T/ts-node-dev-hook-17283467909129135.js:69:33)
    at Module._extensions..js (node:internal/modules/cjs/loader:1422:10)
    at require.extensions..jsx.require.extensions..js (/private/var/folders/1z/jlh723cx58nbj81d9h354s3h0000gn/T/ts-node-dev-hook-17283467909129135.js:114:20)
[ERROR] 04:32:19 Error: listen EADDRINUSE: address already in use :::3000
[INFO] 04:32:48 Restarting: /Users/guillaume_deramchi/Documents/hack-the-gap/mobile-app/backend/src/services/verification.service.ts has been modified
⚠️  Node.js 18 and below are deprecated and will no longer be supported in future versions of @supabase/supabase-js. Please upgrade to Node.js 20 or later. For more information, visit: https://github.com/orgs/supabase/discussions/37217
Error: listen EADDRINUSE: address already in use :::3000
    at Server.setupListenHandle [as _listen2] (node:net:1817:16)
    at listenInCluster (node:net:1865:12)
    at Server.listen (node:net:1953:7)
    at Function.listen (/Users/guillaume_deramchi/Documents/hack-the-gap/mobile-app/backend/node_modules/express/lib/application.js:635:24)
    at Object.<anonymous> (/Users/guillaume_deramchi/Documents/hack-the-gap/mobile-app/backend/src/server.ts:97:7)
    at Module._compile (node:internal/modules/cjs/loader:1364:14)
    at Module._compile (/Users/guillaume_deramchi/Documents/hack-the-gap/mobile-app/backend/node_modules/source-map-support/source-map-support.js:568:25)
    at Module.m._compile (/private/var/folders/1z/jlh723cx58nbj81d9h354s3h0000gn/T/ts-node-dev-hook-17283467909129135.js:69:33)
    at Module._extensions..js (node:internal/modules/cjs/loader:1422:10)
    at require.extensions..jsx.require.extensions..js (/private/var/folders/1z/jlh723cx58nbj81d9h354s3h0000gn/T/ts-node-dev-hook-17283467909129135.js:114:20)
[ERROR] 04:32:49 Error: listen EADDRINUSE: address already in use :::3000
[INFO] 04:33:11 Restarting: /Users/guillaume_deramchi/Documents/hack-the-gap/mobile-app/backend/src/services/email.service.ts has been modified
⚠️  Node.js 18 and below are deprecated and will no longer be supported in future versions of @supabase/supabase-js. Please upgrade to Node.js 20 or later. For more information, visit: https://github.com/orgs/supabase/discussions/37217
[32minfo[39m: 🚀 Server running on port 3000 {"timestamp":"2025-11-16T03:33:12.845Z"}
[32minfo[39m: 📊 Environment: development {"timestamp":"2025-11-16T03:33:12.848Z"}
[32minfo[39m: 🔗 Health check: http://localhost:3000/api/health {"timestamp":"2025-11-16T03:33:12.849Z"}
[INFO] 04:37:30 Restarting: /Users/guillaume_deramchi/Documents/hack-the-gap/mobile-app/backend/src/services/email.service.ts has been modified
⚠️  Node.js 18 and below are deprecated and will no longer be supported in future versions of @supabase/supabase-js. Please upgrade to Node.js 20 or later. For more information, visit: https://github.com/orgs/supabase/discussions/37217
Error: listen EADDRINUSE: address already in use :::3000
    at Server.setupListenHandle [as _listen2] (node:net:1817:16)
    at listenInCluster (node:net:1865:12)
    at Server.listen (node:net:1953:7)
    at Function.listen (/Users/guillaume_deramchi/Documents/hack-the-gap/mobile-app/backend/node_modules/express/lib/application.js:635:24)
    at Object.<anonymous> (/Users/guillaume_deramchi/Documents/hack-the-gap/mobile-app/backend/src/server.ts:97:7)
    at Module._compile (node:internal/modules/cjs/loader:1364:14)
    at Module._compile (/Users/guillaume_deramchi/Documents/hack-the-gap/mobile-app/backend/node_modules/source-map-support/source-map-support.js:568:25)
    at Module.m._compile (/private/var/folders/1z/jlh723cx58nbj81d9h354s3h0000gn/T/ts-node-dev-hook-17283467909129135.js:69:33)
    at Module._extensions..js (node:internal/modules/cjs/loader:1422:10)
    at require.extensions..jsx.require.extensions..js (/private/var/folders/1z/jlh723cx58nbj81d9h354s3h0000gn/T/ts-node-dev-hook-17283467909129135.js:114:20)
[ERROR] 04:37:31 Error: listen EADDRINUSE: address already in use :::3000
[INFO] 04:37:52 Restarting: /Users/guillaume_deramchi/Documents/hack-the-gap/mobile-app/backend/src/services/email.service.ts has been modified
⚠️  Node.js 18 and below are deprecated and will no longer be supported in future versions of @supabase/supabase-js. Please upgrade to Node.js 20 or later. For more information, visit: https://github.com/orgs/supabase/discussions/37217
Error: listen EADDRINUSE: address already in use :::3000
    at Server.setupListenHandle [as _listen2] (node:net:1817:16)
    at listenInCluster (node:net:1865:12)
    at Server.listen (node:net:1953:7)
    at Function.listen (/Users/guillaume_deramchi/Documents/hack-the-gap/mobile-app/backend/node_modules/express/lib/application.js:635:24)
    at Object.<anonymous> (/Users/guillaume_deramchi/Documents/hack-the-gap/mobile-app/backend/src/server.ts:97:7)
    at Module._compile (node:internal/modules/cjs/loader:1364:14)
    at Module._compile (/Users/guillaume_deramchi/Documents/hack-the-gap/mobile-app/backend/node_modules/source-map-support/source-map-support.js:568:25)
    at Module.m._compile (/private/var/folders/1z/jlh723cx58nbj81d9h354s3h0000gn/T/ts-node-dev-hook-17283467909129135.js:69:33)
    at Module._extensions..js (node:internal/modules/cjs/loader:1422:10)
    at require.extensions..jsx.require.extensions..js (/private/var/folders/1z/jlh723cx58nbj81d9h354s3h0000gn/T/ts-node-dev-hook-17283467909129135.js:114:20)
[ERROR] 04:37:53 Error: listen EADDRINUSE: address already in use :::3000
[INFO] 04:42:48 Restarting: /Users/guillaume_deramchi/Documents/hack-the-gap/mobile-app/backend/src/services/community.service.ts has been modified
⚠️  Node.js 18 and below are deprecated and will no longer be supported in future versions of @supabase/supabase-js. Please upgrade to Node.js 20 or later. For more information, visit: https://github.com/orgs/supabase/discussions/37217
Error: listen EADDRINUSE: address already in use :::3000
    at Server.setupListenHandle [as _listen2] (node:net:1817:16)
    at listenInCluster (node:net:1865:12)
    at Server.listen (node:net:1953:7)
    at Function.listen (/Users/guillaume_deramchi/Documents/hack-the-gap/mobile-app/backend/node_modules/express/lib/application.js:635:24)
    at Object.<anonymous> (/Users/guillaume_deramchi/Documents/hack-the-gap/mobile-app/backend/src/server.ts:97:7)
    at Module._compile (node:internal/modules/cjs/loader:1364:14)
    at Module._compile (/Users/guillaume_deramchi/Documents/hack-the-gap/mobile-app/backend/node_modules/source-map-support/source-map-support.js:568:25)
    at Module.m._compile (/private/var/folders/1z/jlh723cx58nbj81d9h354s3h0000gn/T/ts-node-dev-hook-17283467909129135.js:69:33)
    at Module._extensions..js (node:internal/modules/cjs/loader:1422:10)
    at require.extensions..jsx.require.extensions..js (/private/var/folders/1z/jlh723cx58nbj81d9h354s3h0000gn/T/ts-node-dev-hook-17283467909129135.js:114:20)
[ERROR] 04:42:52 Error: listen EADDRINUSE: address already in use :::3000
[INFO] 04:43:34 Restarting: /Users/guillaume_deramchi/Documents/hack-the-gap/mobile-app/backend/src/services/community.service.ts has been modified
⚠️  Node.js 18 and below are deprecated and will no longer be supported in future versions of @supabase/supabase-js. Please upgrade to Node.js 20 or later. For more information, visit: https://github.com/orgs/supabase/discussions/37217
Error: listen EADDRINUSE: address already in use :::3000
    at Server.setupListenHandle [as _listen2] (node:net:1817:16)
    at listenInCluster (node:net:1865:12)
    at Server.listen (node:net:1953:7)
    at Function.listen (/Users/guillaume_deramchi/Documents/hack-the-gap/mobile-app/backend/node_modules/express/lib/application.js:635:24)
    at Object.<anonymous> (/Users/guillaume_deramchi/Documents/hack-the-gap/mobile-app/backend/src/server.ts:97:7)
    at Module._compile (node:internal/modules/cjs/loader:1364:14)
    at Module._compile (/Users/guillaume_deramchi/Documents/hack-the-gap/mobile-app/backend/node_modules/source-map-support/source-map-support.js:568:25)
    at Module.m._compile (/private/var/folders/1z/jlh723cx58nbj81d9h354s3h0000gn/T/ts-node-dev-hook-17283467909129135.js:69:33)
    at Module._extensions..js (node:internal/modules/cjs/loader:1422:10)
    at require.extensions..jsx.require.extensions..js (/private/var/folders/1z/jlh723cx58nbj81d9h354s3h0000gn/T/ts-node-dev-hook-17283467909129135.js:114:20)
[ERROR] 04:43:37 Error: listen EADDRINUSE: address already in use :::3000
[INFO] 04:47:00 Restarting: /Users/guillaume_deramchi/Documents/hack-the-gap/mobile-app/backend/src/services/email.service.ts has been modified
⚠️  Node.js 18 and below are deprecated and will no longer be supported in future versions of @supabase/supabase-js. Please upgrade to Node.js 20 or later. For more information, visit: https://github.com/orgs/supabase/discussions/37217
Error: listen EADDRINUSE: address already in use :::3000
    at Server.setupListenHandle [as _listen2] (node:net:1817:16)
    at listenInCluster (node:net:1865:12)
    at Server.listen (node:net:1953:7)
    at Function.listen (/Users/guillaume_deramchi/Documents/hack-the-gap/mobile-app/backend/node_modules/express/lib/application.js:635:24)
    at Object.<anonymous> (/Users/guillaume_deramchi/Documents/hack-the-gap/mobile-app/backend/src/server.ts:97:7)
    at Module._compile (node:internal/modules/cjs/loader:1364:14)
    at Module._compile (/Users/guillaume_deramchi/Documents/hack-the-gap/mobile-app/backend/node_modules/source-map-support/source-map-support.js:568:25)
    at Module.m._compile (/private/var/folders/1z/jlh723cx58nbj81d9h354s3h0000gn/T/ts-node-dev-hook-17283467909129135.js:69:33)
    at Module._extensions..js (node:internal/modules/cjs/loader:1422:10)
    at require.extensions..jsx.require.extensions..js (/private/var/folders/1z/jlh723cx58nbj81d9h354s3h0000gn/T/ts-node-dev-hook-17283467909129135.js:114:20)
[ERROR] 04:47:03 Error: listen EADDRINUSE: address already in use :::3000
[INFO] 05:35:10 Restarting: /Users/guillaume_deramchi/Documents/hack-the-gap/mobile-app/backend/src/services/email.service.ts has been modified
⚠️  Node.js 18 and below are deprecated and will no longer be supported in future versions of @supabase/supabase-js. Please upgrade to Node.js 20 or later. For more information, visit: https://github.com/orgs/supabase/discussions/37217
Error: listen EADDRINUSE: address already in use :::3000
    at Server.setupListenHandle [as _listen2] (node:net:1817:16)
    at listenInCluster (node:net:1865:12)
    at Server.listen (node:net:1953:7)
    at Function.listen (/Users/guillaume_deramchi/Documents/hack-the-gap/mobile-app/backend/node_modules/express/lib/application.js:635:24)
    at Object.<anonymous> (/Users/guillaume_deramchi/Documents/hack-the-gap/mobile-app/backend/src/server.ts:97:7)
    at Module._compile (node:internal/modules/cjs/loader:1364:14)
    at Module._compile (/Users/guillaume_deramchi/Documents/hack-the-gap/mobile-app/backend/node_modules/source-map-support/source-map-support.js:568:25)
    at Module.m._compile (/private/var/folders/1z/jlh723cx58nbj81d9h354s3h0000gn/T/ts-node-dev-hook-17283467909129135.js:69:33)
    at Module._extensions..js (node:internal/modules/cjs/loader:1422:10)
    at require.extensions..jsx.require.extensions..js (/private/var/folders/1z/jlh723cx58nbj81d9h354s3h0000gn/T/ts-node-dev-hook-17283467909129135.js:114:20)
[ERROR] 05:35:11 Error: listen EADDRINUSE: address already in use :::3000
[INFO] 05:37:24 Restarting: /Users/guillaume_deramchi/Documents/hack-the-gap/mobile-app/backend/src/services/email.service.ts has been modified
⚠️  Node.js 18 and below are deprecated and will no longer be supported in future versions of @supabase/supabase-js. Please upgrade to Node.js 20 or later. For more information, visit: https://github.com/orgs/supabase/discussions/37217
Error: listen EADDRINUSE: address already in use :::3000
    at Server.setupListenHandle [as _listen2] (node:net:1817:16)
    at listenInCluster (node:net:1865:12)
    at Server.listen (node:net:1953:7)
    at Function.listen (/Users/guillaume_deramchi/Documents/hack-the-gap/mobile-app/backend/node_modules/express/lib/application.js:635:24)
    at Object.<anonymous> (/Users/guillaume_deramchi/Documents/hack-the-gap/mobile-app/backend/src/server.ts:97:7)
    at Module._compile (node:internal/modules/cjs/loader:1364:14)
    at Module._compile (/Users/guillaume_deramchi/Documents/hack-the-gap/mobile-app/backend/node_modules/source-map-support/source-map-support.js:568:25)
    at Module.m._compile (/private/var/folders/1z/jlh723cx58nbj81d9h354s3h0000gn/T/ts-node-dev-hook-17283467909129135.js:69:33)
    at Module._extensions..js (node:internal/modules/cjs/loader:1422:10)
    at require.extensions..jsx.require.extensions..js (/private/var/folders/1z/jlh723cx58nbj81d9h354s3h0000gn/T/ts-node-dev-hook-17283467909129135.js:114:20)
[ERROR] 05:37:25 Error: listen EADDRINUSE: address already in use :::3000
[INFO] 05:39:33 Restarting: /Users/guillaume_deramchi/Documents/hack-the-gap/mobile-app/backend/src/services/verification.service.ts has been modified
⚠️  Node.js 18 and below are deprecated and will no longer be supported in future versions of @supabase/supabase-js. Please upgrade to Node.js 20 or later. For more information, visit: https://github.com/orgs/supabase/discussions/37217
Error: listen EADDRINUSE: address already in use :::3000
    at Server.setupListenHandle [as _listen2] (node:net:1817:16)
    at listenInCluster (node:net:1865:12)
    at Server.listen (node:net:1953:7)
    at Function.listen (/Users/guillaume_deramchi/Documents/hack-the-gap/mobile-app/backend/node_modules/express/lib/application.js:635:24)
    at Object.<anonymous> (/Users/guillaume_deramchi/Documents/hack-the-gap/mobile-app/backend/src/server.ts:97:7)
    at Module._compile (node:internal/modules/cjs/loader:1364:14)
    at Module._compile (/Users/guillaume_deramchi/Documents/hack-the-gap/mobile-app/backend/node_modules/source-map-support/source-map-support.js:568:25)
    at Module.m._compile (/private/var/folders/1z/jlh723cx58nbj81d9h354s3h0000gn/T/ts-node-dev-hook-17283467909129135.js:69:33)
    at Module._extensions..js (node:internal/modules/cjs/loader:1422:10)
    at require.extensions..jsx.require.extensions..js (/private/var/folders/1z/jlh723cx58nbj81d9h354s3h0000gn/T/ts-node-dev-hook-17283467909129135.js:114:20)
[ERROR] 05:39:34 Error: listen EADDRINUSE: address already in use :::3000
[INFO] 05:39:53 Restarting: /Users/guillaume_deramchi/Documents/hack-the-gap/mobile-app/backend/src/services/verification.service.ts has been modified
⚠️  Node.js 18 and below are deprecated and will no longer be supported in future versions of @supabase/supabase-js. Please upgrade to Node.js 20 or later. For more information, visit: https://github.com/orgs/supabase/discussions/37217
Error: listen EADDRINUSE: address already in use :::3000
    at Server.setupListenHandle [as _listen2] (node:net:1817:16)
    at listenInCluster (node:net:1865:12)
    at Server.listen (node:net:1953:7)
    at Function.listen (/Users/guillaume_deramchi/Documents/hack-the-gap/mobile-app/backend/node_modules/express/lib/application.js:635:24)
    at Object.<anonymous> (/Users/guillaume_deramchi/Documents/hack-the-gap/mobile-app/backend/src/server.ts:97:7)
    at Module._compile (node:internal/modules/cjs/loader:1364:14)
    at Module._compile (/Users/guillaume_deramchi/Documents/hack-the-gap/mobile-app/backend/node_modules/source-map-support/source-map-support.js:568:25)
    at Module.m._compile (/private/var/folders/1z/jlh723cx58nbj81d9h354s3h0000gn/T/ts-node-dev-hook-17283467909129135.js:69:33)
    at Module._extensions..js (node:internal/modules/cjs/loader:1422:10)
    at require.extensions..jsx.require.extensions..js (/private/var/folders/1z/jlh723cx58nbj81d9h354s3h0000gn/T/ts-node-dev-hook-17283467909129135.js:114:20)
[ERROR] 05:39:54 Error: listen EADDRINUSE: address already in use :::3000
[INFO] 05:40:12 Restarting: /Users/guillaume_deramchi/Documents/hack-the-gap/mobile-app/backend/src/services/verification.service.ts has been modified
⚠️  Node.js 18 and below are deprecated and will no longer be supported in future versions of @supabase/supabase-js. Please upgrade to Node.js 20 or later. For more information, visit: https://github.com/orgs/supabase/discussions/37217
Error: listen EADDRINUSE: address already in use :::3000
    at Server.setupListenHandle [as _listen2] (node:net:1817:16)
    at listenInCluster (node:net:1865:12)
    at Server.listen (node:net:1953:7)
    at Function.listen (/Users/guillaume_deramchi/Documents/hack-the-gap/mobile-app/backend/node_modules/express/lib/application.js:635:24)
    at Object.<anonymous> (/Users/guillaume_deramchi/Documents/hack-the-gap/mobile-app/backend/src/server.ts:97:7)
    at Module._compile (node:internal/modules/cjs/loader:1364:14)
    at Module._compile (/Users/guillaume_deramchi/Documents/hack-the-gap/mobile-app/backend/node_modules/source-map-support/source-map-support.js:568:25)
    at Module.m._compile (/private/var/folders/1z/jlh723cx58nbj81d9h354s3h0000gn/T/ts-node-dev-hook-17283467909129135.js:69:33)
    at Module._extensions..js (node:internal/modules/cjs/loader:1422:10)
    at require.extensions..jsx.require.extensions..js (/private/var/folders/1z/jlh723cx58nbj81d9h354s3h0000gn/T/ts-node-dev-hook-17283467909129135.js:114:20)
[ERROR] 05:40:14 Error: listen EADDRINUSE: address already in use :::3000
[INFO] 05:43:11 Restarting: /Users/guillaume_deramchi/Documents/hack-the-gap/mobile-app/backend/src/services/user-sync.service.ts has been modified
⚠️  Node.js 18 and below are deprecated and will no longer be supported in future versions of @supabase/supabase-js. Please upgrade to Node.js 20 or later. For more information, visit: https://github.com/orgs/supabase/discussions/37217
Error: listen EADDRINUSE: address already in use :::3000
    at Server.setupListenHandle [as _listen2] (node:net:1817:16)
    at listenInCluster (node:net:1865:12)
    at Server.listen (node:net:1953:7)
    at Function.listen (/Users/guillaume_deramchi/Documents/hack-the-gap/mobile-app/backend/node_modules/express/lib/application.js:635:24)
    at Object.<anonymous> (/Users/guillaume_deramchi/Documents/hack-the-gap/mobile-app/backend/src/server.ts:97:7)
    at Module._compile (node:internal/modules/cjs/loader:1364:14)
    at Module._compile (/Users/guillaume_deramchi/Documents/hack-the-gap/mobile-app/backend/node_modules/source-map-support/source-map-support.js:568:25)
    at Module.m._compile (/private/var/folders/1z/jlh723cx58nbj81d9h354s3h0000gn/T/ts-node-dev-hook-17283467909129135.js:69:33)
    at Module._extensions..js (node:internal/modules/cjs/loader:1422:10)
    at require.extensions..jsx.require.extensions..js (/private/var/folders/1z/jlh723cx58nbj81d9h354s3h0000gn/T/ts-node-dev-hook-17283467909129135.js:114:20)
[ERROR] 05:43:12 Error: listen EADDRINUSE: address already in use :::3000
[INFO] 05:43:25 Restarting: /Users/guillaume_deramchi/Documents/hack-the-gap/mobile-app/backend/src/services/user-sync.service.ts has been modified
⚠️  Node.js 18 and below are deprecated and will no longer be supported in future versions of @supabase/supabase-js. Please upgrade to Node.js 20 or later. For more information, visit: https://github.com/orgs/supabase/discussions/37217
Error: listen EADDRINUSE: address already in use :::3000
    at Server.setupListenHandle [as _listen2] (node:net:1817:16)
    at listenInCluster (node:net:1865:12)
    at Server.listen (node:net:1953:7)
    at Function.listen (/Users/guillaume_deramchi/Documents/hack-the-gap/mobile-app/backend/node_modules/express/lib/application.js:635:24)
    at Object.<anonymous> (/Users/guillaume_deramchi/Documents/hack-the-gap/mobile-app/backend/src/server.ts:97:7)
    at Module._compile (node:internal/modules/cjs/loader:1364:14)
    at Module._compile (/Users/guillaume_deramchi/Documents/hack-the-gap/mobile-app/backend/node_modules/source-map-support/source-map-support.js:568:25)
    at Module.m._compile (/private/var/folders/1z/jlh723cx58nbj81d9h354s3h0000gn/T/ts-node-dev-hook-17283467909129135.js:69:33)
    at Module._extensions..js (node:internal/modules/cjs/loader:1422:10)
    at require.extensions..jsx.require.extensions..js (/private/var/folders/1z/jlh723cx58nbj81d9h354s3h0000gn/T/ts-node-dev-hook-17283467909129135.js:114:20)
[ERROR] 05:43:26 Error: listen EADDRINUSE: address already in use :::3000
